<?xml version="1.0" encoding="UTF-8"?>
<testsuite xmlns:xsi="http://www.w3.org/2001/XMLSchema-instance" xsi:noNamespaceSchemaLocation="https://maven.apache.org/surefire/maven-surefire-plugin/xsd/surefire-test-report-3.0.xsd" version="3.0" name="testRunner.Run" time="214.167" tests="8" errors="0" skipped="0" failures="5">
  <properties>
    <property name="sun.desktop" value="windows"/>
    <property name="awt.toolkit" value="sun.awt.windows.WToolkit"/>
    <property name="file.encoding.pkg" value="sun.io"/>
    <property name="java.specification.version" value="1.8"/>
    <property name="webdriver.chrome.driver" value="C:\Users\dell\.cache\selenium\chromedriver\win32\109.0.5414.74\chromedriver.exe"/>
    <property name="sun.cpu.isalist" value="amd64"/>
    <property name="sun.jnu.encoding" value="Cp1252"/>
    <property name="java.class.path" value="D:\new projects\BDDCucumber\target\test-classes;D:\new projects\BDDCucumber\target\classes;C:\Users\dell\.m2\repository\junit\junit\4.11\junit-4.11.jar;C:\Users\dell\.m2\repository\org\hamcrest\hamcrest-core\1.3\hamcrest-core-1.3.jar;C:\Users\dell\.m2\repository\org\apache\logging\log4j\log4j-core\2.17.1\log4j-core-2.17.1.jar;C:\Users\dell\.m2\repository\org\apache\logging\log4j\log4j-api\2.17.2\log4j-api-2.17.2.jar;C:\Program Files\Java\jdk1.8.0_202\lib\tools.jar;C:\Users\dell\.m2\repository\io\cucumber\cucumber-html\0.2.7\cucumber-html-0.2.7.jar;C:\Users\dell\.m2\repository\net\sourceforge\cobertura\cobertura\2.1.1\cobertura-2.1.1.jar;C:\Users\dell\.m2\repository\org\ow2\asm\asm\5.0.1\asm-5.0.1.jar;C:\Users\dell\.m2\repository\org\ow2\asm\asm-tree\5.0.1\asm-tree-5.0.1.jar;C:\Users\dell\.m2\repository\org\ow2\asm\asm-commons\5.0.1\asm-commons-5.0.1.jar;C:\Users\dell\.m2\repository\org\ow2\asm\asm-util\5.0.1\asm-util-5.0.1.jar;C:\Users\dell\.m2\repository\org\ow2\asm\asm-analysis\5.0.1\asm-analysis-5.0.1.jar;C:\Users\dell\.m2\repository\oro\oro\2.0.8\oro-2.0.8.jar;C:\Users\dell\.m2\repository\jaxen\jaxen\1.1.4\jaxen-1.1.4.jar;C:\Users\dell\.m2\repository\org\apache\ant\ant\1.8.3\ant-1.8.3.jar;C:\Users\dell\.m2\repository\org\apache\ant\ant-launcher\1.8.3\ant-launcher-1.8.3.jar;C:\Users\dell\.m2\repository\org\apache\ant\ant-junit\1.8.3\ant-junit-1.8.3.jar;C:\Users\dell\.m2\repository\org\mortbay\jetty\servlet-api-2.5\6.1.14\servlet-api-2.5-6.1.14.jar;C:\Users\dell\.m2\repository\org\mortbay\jetty\jetty\6.1.14\jetty-6.1.14.jar;C:\Users\dell\.m2\repository\org\mortbay\jetty\jetty-util\6.1.14\jetty-util-6.1.14.jar;C:\Users\dell\.m2\repository\org\slf4j\slf4j-api\1.7.5\slf4j-api-1.7.5.jar;C:\Users\dell\.m2\repository\ch\qos\logback\logback-classic\1.0.13\logback-classic-1.0.13.jar;C:\Users\dell\.m2\repository\ch\qos\logback\logback-core\1.0.13\logback-core-1.0.13.jar;C:\Users\dell\.m2\repository\org\apache\commons\commons-lang3\3.3.2\commons-lang3-3.3.2.jar;C:\Users\dell\.m2\repository\io\cucumber\cucumber-testng\7.3.4\cucumber-testng-7.3.4.jar;C:\Users\dell\.m2\repository\org\apiguardian\apiguardian-api\1.1.2\apiguardian-api-1.1.2.jar;C:\Users\dell\.m2\repository\io\cucumber\cucumber-core\7.3.4\cucumber-core-7.3.4.jar;C:\Users\dell\.m2\repository\io\cucumber\cucumber-gherkin\7.3.4\cucumber-gherkin-7.3.4.jar;C:\Users\dell\.m2\repository\io\cucumber\cucumber-gherkin-messages\7.3.4\cucumber-gherkin-messages-7.3.4.jar;C:\Users\dell\.m2\repository\io\cucumber\tag-expressions\4.1.0\tag-expressions-4.1.0.jar;C:\Users\dell\.m2\repository\io\cucumber\cucumber-expressions\15.1.1\cucumber-expressions-15.1.1.jar;C:\Users\dell\.m2\repository\io\cucumber\datatable\7.3.4\datatable-7.3.4.jar;C:\Users\dell\.m2\repository\io\cucumber\cucumber-plugin\7.3.4\cucumber-plugin-7.3.4.jar;C:\Users\dell\.m2\repository\io\cucumber\docstring\7.3.4\docstring-7.3.4.jar;C:\Users\dell\.m2\repository\io\cucumber\html-formatter\19.1.0\html-formatter-19.1.0.jar;C:\Users\dell\.m2\repository\io\cucumber\ci-environment\9.0.4\ci-environment-9.0.4.jar;C:\Users\dell\.m2\repository\org\testng\testng\7.4.0\testng-7.4.0.jar;C:\Users\dell\.m2\repository\com\beust\jcommander\1.78\jcommander-1.78.jar;C:\Users\dell\.m2\repository\org\webjars\jquery\3.5.1\jquery-3.5.1.jar;C:\Users\dell\.m2\repository\io\cucumber\cucumber-jvm-deps\1.0.6\cucumber-jvm-deps-1.0.6.jar;C:\Users\dell\.m2\repository\io\cucumber\cucumber-java\7.3.4\cucumber-java-7.3.4.jar;C:\Users\dell\.m2\repository\net\masterthought\cucumber-reporting\5.7.1\cucumber-reporting-5.7.1.jar;C:\Users\dell\.m2\repository\com\fasterxml\jackson\core\jackson-databind\2.13.2.2\jackson-databind-2.13.2.2.jar;C:\Users\dell\.m2\repository\com\fasterxml\jackson\core\jackson-annotations\2.13.2\jackson-annotations-2.13.2.jar;C:\Users\dell\.m2\repository\com\fasterxml\jackson\core\jackson-core\2.13.2\jackson-core-2.13.2.jar;C:\Users\dell\.m2\repository\com\fasterxml\jackson\datatype\jackson-datatype-jsr310\2.13.2\jackson-datatype-jsr310-2.13.2.jar;C:\Users\dell\.m2\repository\org\apache\velocity\velocity-engine-core\2.3\velocity-engine-core-2.3.jar;C:\Users\dell\.m2\repository\commons-collections\commons-collections\3.2.2\commons-collections-3.2.2.jar;C:\Users\dell\.m2\repository\joda-time\joda-time\2.10.14\joda-time-2.10.14.jar;C:\Users\dell\.m2\repository\commons-io\commons-io\2.7\commons-io-2.7.jar;C:\Users\dell\.m2\repository\org\codehaus\plexus\plexus-utils\3.4.2\plexus-utils-3.4.2.jar;C:\Users\dell\.m2\repository\org\jsoup\jsoup\1.15.1\jsoup-1.15.1.jar;C:\Users\dell\.m2\repository\com\google\guava\guava\31.1-jre\guava-31.1-jre.jar;C:\Users\dell\.m2\repository\com\google\guava\failureaccess\1.0.1\failureaccess-1.0.1.jar;C:\Users\dell\.m2\repository\com\google\guava\listenablefuture\9999.0-empty-to-avoid-conflict-with-guava\listenablefuture-9999.0-empty-to-avoid-conflict-with-guava.jar;C:\Users\dell\.m2\repository\com\google\code\findbugs\jsr305\3.0.2\jsr305-3.0.2.jar;C:\Users\dell\.m2\repository\org\checkerframework\checker-qual\3.12.0\checker-qual-3.12.0.jar;C:\Users\dell\.m2\repository\com\google\errorprone\error_prone_annotations\2.11.0\error_prone_annotations-2.11.0.jar;C:\Users\dell\.m2\repository\com\google\j2objc\j2objc-annotations\1.3\j2objc-annotations-1.3.jar;C:\Users\dell\.m2\repository\com\googlecode\owasp-java-html-sanitizer\owasp-java-html-sanitizer\20211018.2\owasp-java-html-sanitizer-20211018.2.jar;C:\Users\dell\.m2\repository\commons-configuration\commons-configuration\1.10\commons-configuration-1.10.jar;C:\Users\dell\.m2\repository\commons-lang\commons-lang\2.6\commons-lang-2.6.jar;C:\Users\dell\.m2\repository\commons-logging\commons-logging\1.1.1\commons-logging-1.1.1.jar;C:\Users\dell\.m2\repository\org\hamcrest\hamcrest\2.2\hamcrest-2.2.jar;C:\Users\dell\.m2\repository\io\cucumber\gherkin\23.0.1\gherkin-23.0.1.jar;C:\Users\dell\.m2\repository\io\cucumber\messages\18.0.0\messages-18.0.0.jar;C:\Users\dell\.m2\repository\io\github\bonigarcia\webdrivermanager\5.3.0\webdrivermanager-5.3.0.jar;C:\Users\dell\.m2\repository\com\google\code\gson\gson\2.9.1\gson-2.9.1.jar;C:\Users\dell\.m2\repository\com\github\docker-java\docker-java\3.2.13\docker-java-3.2.13.jar;C:\Users\dell\.m2\repository\com\github\docker-java\docker-java-core\3.2.13\docker-java-core-3.2.13.jar;C:\Users\dell\.m2\repository\com\github\docker-java\docker-java-api\3.2.13\docker-java-api-3.2.13.jar;C:\Users\dell\.m2\repository\org\apache\commons\commons-compress\1.21\commons-compress-1.21.jar;C:\Users\dell\.m2\repository\org\bouncycastle\bcpkix-jdk15on\1.64\bcpkix-jdk15on-1.64.jar;C:\Users\dell\.m2\repository\org\bouncycastle\bcprov-jdk15on\1.64\bcprov-jdk15on-1.64.jar;C:\Users\dell\.m2\repository\org\slf4j\jcl-over-slf4j\1.7.30\jcl-over-slf4j-1.7.30.jar;C:\Users\dell\.m2\repository\com\github\docker-java\docker-java-transport-httpclient5\3.2.13\docker-java-transport-httpclient5-3.2.13.jar;C:\Users\dell\.m2\repository\com\github\docker-java\docker-java-transport\3.2.13\docker-java-transport-3.2.13.jar;C:\Users\dell\.m2\repository\net\java\dev\jna\jna\5.8.0\jna-5.8.0.jar;C:\Users\dell\.m2\repository\org\brotli\dec\0.1.2\dec-0.1.2.jar;C:\Users\dell\.m2\repository\org\apache\httpcomponents\client5\httpclient5\5.1.3\httpclient5-5.1.3.jar;C:\Users\dell\.m2\repository\org\apache\httpcomponents\core5\httpcore5\5.1.3\httpcore5-5.1.3.jar;C:\Users\dell\.m2\repository\org\apache\httpcomponents\core5\httpcore5-h2\5.1.3\httpcore5-h2-5.1.3.jar;C:\Users\dell\.m2\repository\commons-codec\commons-codec\1.15\commons-codec-1.15.jar;C:\Users\dell\.m2\repository\org\seleniumhq\selenium\selenium-java\4.6.0\selenium-java-4.6.0.jar;C:\Users\dell\.m2\repository\org\seleniumhq\selenium\selenium-api\4.6.0\selenium-api-4.6.0.jar;C:\Users\dell\.m2\repository\org\seleniumhq\selenium\selenium-chrome-driver\4.6.0\selenium-chrome-driver-4.6.0.jar;C:\Users\dell\.m2\repository\com\google\auto\service\auto-service-annotations\1.0.1\auto-service-annotations-1.0.1.jar;C:\Users\dell\.m2\repository\com\google\auto\service\auto-service\1.0.1\auto-service-1.0.1.jar;C:\Users\dell\.m2\repository\com\google\auto\auto-common\1.2\auto-common-1.2.jar;C:\Users\dell\.m2\repository\org\seleniumhq\selenium\selenium-chromium-driver\4.6.0\selenium-chromium-driver-4.6.0.jar;C:\Users\dell\.m2\repository\org\seleniumhq\selenium\selenium-json\4.6.0\selenium-json-4.6.0.jar;C:\Users\dell\.m2\repository\org\seleniumhq\selenium\selenium-devtools-v105\4.6.0\selenium-devtools-v105-4.6.0.jar;C:\Users\dell\.m2\repository\org\seleniumhq\selenium\selenium-devtools-v106\4.6.0\selenium-devtools-v106-4.6.0.jar;C:\Users\dell\.m2\repository\org\seleniumhq\selenium\selenium-devtools-v107\4.6.0\selenium-devtools-v107-4.6.0.jar;C:\Users\dell\.m2\repository\org\seleniumhq\selenium\selenium-devtools-v85\4.6.0\selenium-devtools-v85-4.6.0.jar;C:\Users\dell\.m2\repository\org\seleniumhq\selenium\selenium-edge-driver\4.6.0\selenium-edge-driver-4.6.0.jar;C:\Users\dell\.m2\repository\org\seleniumhq\selenium\selenium-firefox-driver\4.6.0\selenium-firefox-driver-4.6.0.jar;C:\Users\dell\.m2\repository\org\seleniumhq\selenium\selenium-ie-driver\4.6.0\selenium-ie-driver-4.6.0.jar;C:\Users\dell\.m2\repository\org\seleniumhq\selenium\selenium-remote-driver\4.6.0\selenium-remote-driver-4.6.0.jar;C:\Users\dell\.m2\repository\io\netty\netty-buffer\4.1.84.Final\netty-buffer-4.1.84.Final.jar;C:\Users\dell\.m2\repository\io\netty\netty-codec-http\4.1.84.Final\netty-codec-http-4.1.84.Final.jar;C:\Users\dell\.m2\repository\io\netty\netty-codec\4.1.84.Final\netty-codec-4.1.84.Final.jar;C:\Users\dell\.m2\repository\io\netty\netty-handler\4.1.84.Final\netty-handler-4.1.84.Final.jar;C:\Users\dell\.m2\repository\io\netty\netty-common\4.1.84.Final\netty-common-4.1.84.Final.jar;C:\Users\dell\.m2\repository\io\netty\netty-transport-classes-epoll\4.1.84.Final\netty-transport-classes-epoll-4.1.84.Final.jar;C:\Users\dell\.m2\repository\io\netty\netty-transport-classes-kqueue\4.1.84.Final\netty-transport-classes-kqueue-4.1.84.Final.jar;C:\Users\dell\.m2\repository\io\netty\netty-transport-native-epoll\4.1.84.Final\netty-transport-native-epoll-4.1.84.Final.jar;C:\Users\dell\.m2\repository\io\netty\netty-transport-native-kqueue\4.1.84.Final\netty-transport-native-kqueue-4.1.84.Final.jar;C:\Users\dell\.m2\repository\io\netty\netty-transport-native-unix-common\4.1.84.Final\netty-transport-native-unix-common-4.1.84.Final.jar;C:\Users\dell\.m2\repository\io\netty\netty-transport\4.1.84.Final\netty-transport-4.1.84.Final.jar;C:\Users\dell\.m2\repository\io\netty\netty-resolver\4.1.84.Final\netty-resolver-4.1.84.Final.jar;C:\Users\dell\.m2\repository\io\opentelemetry\opentelemetry-api\1.19.0\opentelemetry-api-1.19.0.jar;C:\Users\dell\.m2\repository\io\opentelemetry\opentelemetry-context\1.19.0\opentelemetry-context-1.19.0.jar;C:\Users\dell\.m2\repository\io\opentelemetry\opentelemetry-exporter-logging\1.19.0\opentelemetry-exporter-logging-1.19.0.jar;C:\Users\dell\.m2\repository\io\opentelemetry\opentelemetry-sdk-metrics\1.19.0\opentelemetry-sdk-metrics-1.19.0.jar;C:\Users\dell\.m2\repository\io\opentelemetry\opentelemetry-sdk-logs\1.19.0-alpha\opentelemetry-sdk-logs-1.19.0-alpha.jar;C:\Users\dell\.m2\repository\io\opentelemetry\opentelemetry-api-logs\1.19.0-alpha\opentelemetry-api-logs-1.19.0-alpha.jar;C:\Users\dell\.m2\repository\io\opentelemetry\opentelemetry-sdk-common\1.19.0\opentelemetry-sdk-common-1.19.0.jar;C:\Users\dell\.m2\repository\io\opentelemetry\opentelemetry-sdk-extension-autoconfigure-spi\1.19.0\opentelemetry-sdk-extension-autoconfigure-spi-1.19.0.jar;C:\Users\dell\.m2\repository\io\opentelemetry\opentelemetry-sdk-extension-autoconfigure\1.19.0-alpha\opentelemetry-sdk-extension-autoconfigure-1.19.0-alpha.jar;C:\Users\dell\.m2\repository\io\opentelemetry\opentelemetry-exporter-common\1.19.0\opentelemetry-exporter-common-1.19.0.jar;C:\Users\dell\.m2\repository\io\opentelemetry\opentelemetry-sdk-trace\1.19.0\opentelemetry-sdk-trace-1.19.0.jar;C:\Users\dell\.m2\repository\io\opentelemetry\opentelemetry-sdk\1.19.0\opentelemetry-sdk-1.19.0.jar;C:\Users\dell\.m2\repository\io\opentelemetry\opentelemetry-semconv\1.19.0-alpha\opentelemetry-semconv-1.19.0-alpha.jar;C:\Users\dell\.m2\repository\io\ous\jtoml\2.0.0\jtoml-2.0.0.jar;C:\Users\dell\.m2\repository\net\bytebuddy\byte-buddy\1.12.18\byte-buddy-1.12.18.jar;C:\Users\dell\.m2\repository\org\apache\commons\commons-exec\1.3\commons-exec-1.3.jar;C:\Users\dell\.m2\repository\org\asynchttpclient\async-http-client\2.12.3\async-http-client-2.12.3.jar;C:\Users\dell\.m2\repository\org\asynchttpclient\async-http-client-netty-utils\2.12.3\async-http-client-netty-utils-2.12.3.jar;C:\Users\dell\.m2\repository\io\netty\netty-codec-socks\4.1.60.Final\netty-codec-socks-4.1.60.Final.jar;C:\Users\dell\.m2\repository\io\netty\netty-handler-proxy\4.1.60.Final\netty-handler-proxy-4.1.60.Final.jar;C:\Users\dell\.m2\repository\io\netty\netty-transport-native-epoll\4.1.60.Final\netty-transport-native-epoll-4.1.60.Final-linux-x86_64.jar;C:\Users\dell\.m2\repository\io\netty\netty-transport-native-kqueue\4.1.60.Final\netty-transport-native-kqueue-4.1.60.Final-osx-x86_64.jar;C:\Users\dell\.m2\repository\org\reactivestreams\reactive-streams\1.0.3\reactive-streams-1.0.3.jar;C:\Users\dell\.m2\repository\com\typesafe\netty\netty-reactive-streams\2.0.4\netty-reactive-streams-2.0.4.jar;C:\Users\dell\.m2\repository\com\sun\activation\jakarta.activation\1.2.2\jakarta.activation-1.2.2.jar;C:\Users\dell\.m2\repository\org\seleniumhq\selenium\selenium-http\4.6.0\selenium-http-4.6.0.jar;C:\Users\dell\.m2\repository\dev\failsafe\failsafe\3.3.0\failsafe-3.3.0.jar;C:\Users\dell\.m2\repository\org\seleniumhq\selenium\selenium-manager\4.6.0\selenium-manager-4.6.0.jar;C:\Users\dell\.m2\repository\org\seleniumhq\selenium\selenium-safari-driver\4.6.0\selenium-safari-driver-4.6.0.jar;C:\Users\dell\.m2\repository\org\seleniumhq\selenium\selenium-support\4.6.0\selenium-support-4.6.0.jar;C:\Users\dell\.m2\repository\tech\grasshopper\extentreports-cucumber7-adapter\1.7.0\extentreports-cucumber7-adapter-1.7.0.jar;C:\Users\dell\.m2\repository\com\aventstack\extentreports\5.0.9\extentreports-5.0.9.jar;C:\Users\dell\.m2\repository\io\reactivex\rxjava3\rxjava\3.0.4\rxjava-3.0.4.jar;C:\Users\dell\.m2\repository\org\freemarker\freemarker\2.3.30\freemarker-2.3.30.jar;C:\Users\dell\.m2\repository\org\projectlombok\lombok\1.18.12\lombok-1.18.12.jar;C:\Users\dell\.m2\repository\tech\grasshopper\extent-pdf-report\2.7.0\extent-pdf-report-2.7.0.jar;C:\Users\dell\.m2\repository\tech\grasshopper\cucumber-pdf-report\2.10.0\cucumber-pdf-report-2.10.0.jar;C:\Users\dell\.m2\repository\org\apache\pdfbox\pdfbox\2.0.26\pdfbox-2.0.26.jar;C:\Users\dell\.m2\repository\org\apache\pdfbox\fontbox\2.0.26\fontbox-2.0.26.jar;C:\Users\dell\.m2\repository\org\knowm\xchart\xchart\3.8.0\xchart-3.8.0.jar;C:\Users\dell\.m2\repository\de\erichseifert\vectorgraphics2d\VectorGraphics2D\0.13\VectorGraphics2D-0.13.jar;C:\Users\dell\.m2\repository\de\rototor\pdfbox\graphics2d\0.30\graphics2d-0.30.jar;C:\Users\dell\.m2\repository\com\madgag\animated-gif-lib\1.4\animated-gif-lib-1.4.jar;C:\Users\dell\.m2\repository\org\yaml\snakeyaml\1.28\snakeyaml-1.28.jar;C:\Users\dell\.m2\repository\tech\grasshopper\table-layout\1.5.1\table-layout-1.5.1.jar;C:\Users\dell\.m2\repository\tech\grasshopper\rest-assured-cucumber-pdf-report\1.4.1\rest-assured-cucumber-pdf-report-1.4.1.jar;C:\Users\dell\.m2\repository\com\aventstack\klov-reporter\5.0.9\klov-reporter-5.0.9.jar;C:\Users\dell\.m2\repository\org\mongodb\mongodb-driver\3.6.4\mongodb-driver-3.6.4.jar;C:\Users\dell\.m2\repository\org\mongodb\mongodb-driver-core\3.6.4\mongodb-driver-core-3.6.4.jar;C:\Users\dell\.m2\repository\org\mongodb\bson\3.6.4\bson-3.6.4.jar;C:\Users\dell\.m2\repository\org\apache\httpcomponents\httpclient\4.5.13\httpclient-4.5.13.jar;C:\Users\dell\.m2\repository\org\apache\httpcomponents\httpcore\4.4.13\httpcore-4.4.13.jar;C:\Users\dell\.m2\repository\org\apache\httpcomponents\httpmime\4.5.13\httpmime-4.5.13.jar;C:\Users\dell\.m2\repository\tech\grasshopper\htmlextentreporter\1.0.1\htmlextentreporter-1.0.1.jar;"/>
    <property name="java.vm.vendor" value="Oracle Corporation"/>
    <property name="sun.arch.data.model" value="64"/>
    <property name="user.variant" value=""/>
    <property name="java.vendor.url" value="http://java.oracle.com/"/>
    <property name="user.timezone" value="Asia/Calcutta"/>
    <property name="java.vm.specification.version" value="1.8"/>
    <property name="os.name" value="Windows 10"/>
    <property name="user.country" value="IN"/>
    <property name="sun.java.launcher" value="SUN_STANDARD"/>
    <property name="sun.boot.library.path" value="C:\Program Files\Java\jdk1.8.0_202\jre\bin"/>
    <property name="sun.java.command" value="C:\Users\dell\AppData\Local\Temp\surefire7740626472753986417\surefirebooter-20230131133239377_3.jar C:\Users\dell\AppData\Local\Temp\surefire7740626472753986417 2023-01-31T13-32-27_243-jvmRun1 surefire-20230131133239377_1tmp surefire_0-20230131133239377_2tmp"/>
    <property name="surefire.test.class.path" value="D:\new projects\BDDCucumber\target\test-classes;D:\new projects\BDDCucumber\target\classes;C:\Users\dell\.m2\repository\junit\junit\4.11\junit-4.11.jar;C:\Users\dell\.m2\repository\org\hamcrest\hamcrest-core\1.3\hamcrest-core-1.3.jar;C:\Users\dell\.m2\repository\org\apache\logging\log4j\log4j-core\2.17.1\log4j-core-2.17.1.jar;C:\Users\dell\.m2\repository\org\apache\logging\log4j\log4j-api\2.17.2\log4j-api-2.17.2.jar;C:\Program Files\Java\jdk1.8.0_202\lib\tools.jar;C:\Users\dell\.m2\repository\io\cucumber\cucumber-html\0.2.7\cucumber-html-0.2.7.jar;C:\Users\dell\.m2\repository\net\sourceforge\cobertura\cobertura\2.1.1\cobertura-2.1.1.jar;C:\Users\dell\.m2\repository\org\ow2\asm\asm\5.0.1\asm-5.0.1.jar;C:\Users\dell\.m2\repository\org\ow2\asm\asm-tree\5.0.1\asm-tree-5.0.1.jar;C:\Users\dell\.m2\repository\org\ow2\asm\asm-commons\5.0.1\asm-commons-5.0.1.jar;C:\Users\dell\.m2\repository\org\ow2\asm\asm-util\5.0.1\asm-util-5.0.1.jar;C:\Users\dell\.m2\repository\org\ow2\asm\asm-analysis\5.0.1\asm-analysis-5.0.1.jar;C:\Users\dell\.m2\repository\oro\oro\2.0.8\oro-2.0.8.jar;C:\Users\dell\.m2\repository\jaxen\jaxen\1.1.4\jaxen-1.1.4.jar;C:\Users\dell\.m2\repository\org\apache\ant\ant\1.8.3\ant-1.8.3.jar;C:\Users\dell\.m2\repository\org\apache\ant\ant-launcher\1.8.3\ant-launcher-1.8.3.jar;C:\Users\dell\.m2\repository\org\apache\ant\ant-junit\1.8.3\ant-junit-1.8.3.jar;C:\Users\dell\.m2\repository\org\mortbay\jetty\servlet-api-2.5\6.1.14\servlet-api-2.5-6.1.14.jar;C:\Users\dell\.m2\repository\org\mortbay\jetty\jetty\6.1.14\jetty-6.1.14.jar;C:\Users\dell\.m2\repository\org\mortbay\jetty\jetty-util\6.1.14\jetty-util-6.1.14.jar;C:\Users\dell\.m2\repository\org\slf4j\slf4j-api\1.7.5\slf4j-api-1.7.5.jar;C:\Users\dell\.m2\repository\ch\qos\logback\logback-classic\1.0.13\logback-classic-1.0.13.jar;C:\Users\dell\.m2\repository\ch\qos\logback\logback-core\1.0.13\logback-core-1.0.13.jar;C:\Users\dell\.m2\repository\org\apache\commons\commons-lang3\3.3.2\commons-lang3-3.3.2.jar;C:\Users\dell\.m2\repository\io\cucumber\cucumber-testng\7.3.4\cucumber-testng-7.3.4.jar;C:\Users\dell\.m2\repository\org\apiguardian\apiguardian-api\1.1.2\apiguardian-api-1.1.2.jar;C:\Users\dell\.m2\repository\io\cucumber\cucumber-core\7.3.4\cucumber-core-7.3.4.jar;C:\Users\dell\.m2\repository\io\cucumber\cucumber-gherkin\7.3.4\cucumber-gherkin-7.3.4.jar;C:\Users\dell\.m2\repository\io\cucumber\cucumber-gherkin-messages\7.3.4\cucumber-gherkin-messages-7.3.4.jar;C:\Users\dell\.m2\repository\io\cucumber\tag-expressions\4.1.0\tag-expressions-4.1.0.jar;C:\Users\dell\.m2\repository\io\cucumber\cucumber-expressions\15.1.1\cucumber-expressions-15.1.1.jar;C:\Users\dell\.m2\repository\io\cucumber\datatable\7.3.4\datatable-7.3.4.jar;C:\Users\dell\.m2\repository\io\cucumber\cucumber-plugin\7.3.4\cucumber-plugin-7.3.4.jar;C:\Users\dell\.m2\repository\io\cucumber\docstring\7.3.4\docstring-7.3.4.jar;C:\Users\dell\.m2\repository\io\cucumber\html-formatter\19.1.0\html-formatter-19.1.0.jar;C:\Users\dell\.m2\repository\io\cucumber\ci-environment\9.0.4\ci-environment-9.0.4.jar;C:\Users\dell\.m2\repository\org\testng\testng\7.4.0\testng-7.4.0.jar;C:\Users\dell\.m2\repository\com\beust\jcommander\1.78\jcommander-1.78.jar;C:\Users\dell\.m2\repository\org\webjars\jquery\3.5.1\jquery-3.5.1.jar;C:\Users\dell\.m2\repository\io\cucumber\cucumber-jvm-deps\1.0.6\cucumber-jvm-deps-1.0.6.jar;C:\Users\dell\.m2\repository\io\cucumber\cucumber-java\7.3.4\cucumber-java-7.3.4.jar;C:\Users\dell\.m2\repository\net\masterthought\cucumber-reporting\5.7.1\cucumber-reporting-5.7.1.jar;C:\Users\dell\.m2\repository\com\fasterxml\jackson\core\jackson-databind\2.13.2.2\jackson-databind-2.13.2.2.jar;C:\Users\dell\.m2\repository\com\fasterxml\jackson\core\jackson-annotations\2.13.2\jackson-annotations-2.13.2.jar;C:\Users\dell\.m2\repository\com\fasterxml\jackson\core\jackson-core\2.13.2\jackson-core-2.13.2.jar;C:\Users\dell\.m2\repository\com\fasterxml\jackson\datatype\jackson-datatype-jsr310\2.13.2\jackson-datatype-jsr310-2.13.2.jar;C:\Users\dell\.m2\repository\org\apache\velocity\velocity-engine-core\2.3\velocity-engine-core-2.3.jar;C:\Users\dell\.m2\repository\commons-collections\commons-collections\3.2.2\commons-collections-3.2.2.jar;C:\Users\dell\.m2\repository\joda-time\joda-time\2.10.14\joda-time-2.10.14.jar;C:\Users\dell\.m2\repository\commons-io\commons-io\2.7\commons-io-2.7.jar;C:\Users\dell\.m2\repository\org\codehaus\plexus\plexus-utils\3.4.2\plexus-utils-3.4.2.jar;C:\Users\dell\.m2\repository\org\jsoup\jsoup\1.15.1\jsoup-1.15.1.jar;C:\Users\dell\.m2\repository\com\google\guava\guava\31.1-jre\guava-31.1-jre.jar;C:\Users\dell\.m2\repository\com\google\guava\failureaccess\1.0.1\failureaccess-1.0.1.jar;C:\Users\dell\.m2\repository\com\google\guava\listenablefuture\9999.0-empty-to-avoid-conflict-with-guava\listenablefuture-9999.0-empty-to-avoid-conflict-with-guava.jar;C:\Users\dell\.m2\repository\com\google\code\findbugs\jsr305\3.0.2\jsr305-3.0.2.jar;C:\Users\dell\.m2\repository\org\checkerframework\checker-qual\3.12.0\checker-qual-3.12.0.jar;C:\Users\dell\.m2\repository\com\google\errorprone\error_prone_annotations\2.11.0\error_prone_annotations-2.11.0.jar;C:\Users\dell\.m2\repository\com\google\j2objc\j2objc-annotations\1.3\j2objc-annotations-1.3.jar;C:\Users\dell\.m2\repository\com\googlecode\owasp-java-html-sanitizer\owasp-java-html-sanitizer\20211018.2\owasp-java-html-sanitizer-20211018.2.jar;C:\Users\dell\.m2\repository\commons-configuration\commons-configuration\1.10\commons-configuration-1.10.jar;C:\Users\dell\.m2\repository\commons-lang\commons-lang\2.6\commons-lang-2.6.jar;C:\Users\dell\.m2\repository\commons-logging\commons-logging\1.1.1\commons-logging-1.1.1.jar;C:\Users\dell\.m2\repository\org\hamcrest\hamcrest\2.2\hamcrest-2.2.jar;C:\Users\dell\.m2\repository\io\cucumber\gherkin\23.0.1\gherkin-23.0.1.jar;C:\Users\dell\.m2\repository\io\cucumber\messages\18.0.0\messages-18.0.0.jar;C:\Users\dell\.m2\repository\io\github\bonigarcia\webdrivermanager\5.3.0\webdrivermanager-5.3.0.jar;C:\Users\dell\.m2\repository\com\google\code\gson\gson\2.9.1\gson-2.9.1.jar;C:\Users\dell\.m2\repository\com\github\docker-java\docker-java\3.2.13\docker-java-3.2.13.jar;C:\Users\dell\.m2\repository\com\github\docker-java\docker-java-core\3.2.13\docker-java-core-3.2.13.jar;C:\Users\dell\.m2\repository\com\github\docker-java\docker-java-api\3.2.13\docker-java-api-3.2.13.jar;C:\Users\dell\.m2\repository\org\apache\commons\commons-compress\1.21\commons-compress-1.21.jar;C:\Users\dell\.m2\repository\org\bouncycastle\bcpkix-jdk15on\1.64\bcpkix-jdk15on-1.64.jar;C:\Users\dell\.m2\repository\org\bouncycastle\bcprov-jdk15on\1.64\bcprov-jdk15on-1.64.jar;C:\Users\dell\.m2\repository\org\slf4j\jcl-over-slf4j\1.7.30\jcl-over-slf4j-1.7.30.jar;C:\Users\dell\.m2\repository\com\github\docker-java\docker-java-transport-httpclient5\3.2.13\docker-java-transport-httpclient5-3.2.13.jar;C:\Users\dell\.m2\repository\com\github\docker-java\docker-java-transport\3.2.13\docker-java-transport-3.2.13.jar;C:\Users\dell\.m2\repository\net\java\dev\jna\jna\5.8.0\jna-5.8.0.jar;C:\Users\dell\.m2\repository\org\brotli\dec\0.1.2\dec-0.1.2.jar;C:\Users\dell\.m2\repository\org\apache\httpcomponents\client5\httpclient5\5.1.3\httpclient5-5.1.3.jar;C:\Users\dell\.m2\repository\org\apache\httpcomponents\core5\httpcore5\5.1.3\httpcore5-5.1.3.jar;C:\Users\dell\.m2\repository\org\apache\httpcomponents\core5\httpcore5-h2\5.1.3\httpcore5-h2-5.1.3.jar;C:\Users\dell\.m2\repository\commons-codec\commons-codec\1.15\commons-codec-1.15.jar;C:\Users\dell\.m2\repository\org\seleniumhq\selenium\selenium-java\4.6.0\selenium-java-4.6.0.jar;C:\Users\dell\.m2\repository\org\seleniumhq\selenium\selenium-api\4.6.0\selenium-api-4.6.0.jar;C:\Users\dell\.m2\repository\org\seleniumhq\selenium\selenium-chrome-driver\4.6.0\selenium-chrome-driver-4.6.0.jar;C:\Users\dell\.m2\repository\com\google\auto\service\auto-service-annotations\1.0.1\auto-service-annotations-1.0.1.jar;C:\Users\dell\.m2\repository\com\google\auto\service\auto-service\1.0.1\auto-service-1.0.1.jar;C:\Users\dell\.m2\repository\com\google\auto\auto-common\1.2\auto-common-1.2.jar;C:\Users\dell\.m2\repository\org\seleniumhq\selenium\selenium-chromium-driver\4.6.0\selenium-chromium-driver-4.6.0.jar;C:\Users\dell\.m2\repository\org\seleniumhq\selenium\selenium-json\4.6.0\selenium-json-4.6.0.jar;C:\Users\dell\.m2\repository\org\seleniumhq\selenium\selenium-devtools-v105\4.6.0\selenium-devtools-v105-4.6.0.jar;C:\Users\dell\.m2\repository\org\seleniumhq\selenium\selenium-devtools-v106\4.6.0\selenium-devtools-v106-4.6.0.jar;C:\Users\dell\.m2\repository\org\seleniumhq\selenium\selenium-devtools-v107\4.6.0\selenium-devtools-v107-4.6.0.jar;C:\Users\dell\.m2\repository\org\seleniumhq\selenium\selenium-devtools-v85\4.6.0\selenium-devtools-v85-4.6.0.jar;C:\Users\dell\.m2\repository\org\seleniumhq\selenium\selenium-edge-driver\4.6.0\selenium-edge-driver-4.6.0.jar;C:\Users\dell\.m2\repository\org\seleniumhq\selenium\selenium-firefox-driver\4.6.0\selenium-firefox-driver-4.6.0.jar;C:\Users\dell\.m2\repository\org\seleniumhq\selenium\selenium-ie-driver\4.6.0\selenium-ie-driver-4.6.0.jar;C:\Users\dell\.m2\repository\org\seleniumhq\selenium\selenium-remote-driver\4.6.0\selenium-remote-driver-4.6.0.jar;C:\Users\dell\.m2\repository\io\netty\netty-buffer\4.1.84.Final\netty-buffer-4.1.84.Final.jar;C:\Users\dell\.m2\repository\io\netty\netty-codec-http\4.1.84.Final\netty-codec-http-4.1.84.Final.jar;C:\Users\dell\.m2\repository\io\netty\netty-codec\4.1.84.Final\netty-codec-4.1.84.Final.jar;C:\Users\dell\.m2\repository\io\netty\netty-handler\4.1.84.Final\netty-handler-4.1.84.Final.jar;C:\Users\dell\.m2\repository\io\netty\netty-common\4.1.84.Final\netty-common-4.1.84.Final.jar;C:\Users\dell\.m2\repository\io\netty\netty-transport-classes-epoll\4.1.84.Final\netty-transport-classes-epoll-4.1.84.Final.jar;C:\Users\dell\.m2\repository\io\netty\netty-transport-classes-kqueue\4.1.84.Final\netty-transport-classes-kqueue-4.1.84.Final.jar;C:\Users\dell\.m2\repository\io\netty\netty-transport-native-epoll\4.1.84.Final\netty-transport-native-epoll-4.1.84.Final.jar;C:\Users\dell\.m2\repository\io\netty\netty-transport-native-kqueue\4.1.84.Final\netty-transport-native-kqueue-4.1.84.Final.jar;C:\Users\dell\.m2\repository\io\netty\netty-transport-native-unix-common\4.1.84.Final\netty-transport-native-unix-common-4.1.84.Final.jar;C:\Users\dell\.m2\repository\io\netty\netty-transport\4.1.84.Final\netty-transport-4.1.84.Final.jar;C:\Users\dell\.m2\repository\io\netty\netty-resolver\4.1.84.Final\netty-resolver-4.1.84.Final.jar;C:\Users\dell\.m2\repository\io\opentelemetry\opentelemetry-api\1.19.0\opentelemetry-api-1.19.0.jar;C:\Users\dell\.m2\repository\io\opentelemetry\opentelemetry-context\1.19.0\opentelemetry-context-1.19.0.jar;C:\Users\dell\.m2\repository\io\opentelemetry\opentelemetry-exporter-logging\1.19.0\opentelemetry-exporter-logging-1.19.0.jar;C:\Users\dell\.m2\repository\io\opentelemetry\opentelemetry-sdk-metrics\1.19.0\opentelemetry-sdk-metrics-1.19.0.jar;C:\Users\dell\.m2\repository\io\opentelemetry\opentelemetry-sdk-logs\1.19.0-alpha\opentelemetry-sdk-logs-1.19.0-alpha.jar;C:\Users\dell\.m2\repository\io\opentelemetry\opentelemetry-api-logs\1.19.0-alpha\opentelemetry-api-logs-1.19.0-alpha.jar;C:\Users\dell\.m2\repository\io\opentelemetry\opentelemetry-sdk-common\1.19.0\opentelemetry-sdk-common-1.19.0.jar;C:\Users\dell\.m2\repository\io\opentelemetry\opentelemetry-sdk-extension-autoconfigure-spi\1.19.0\opentelemetry-sdk-extension-autoconfigure-spi-1.19.0.jar;C:\Users\dell\.m2\repository\io\opentelemetry\opentelemetry-sdk-extension-autoconfigure\1.19.0-alpha\opentelemetry-sdk-extension-autoconfigure-1.19.0-alpha.jar;C:\Users\dell\.m2\repository\io\opentelemetry\opentelemetry-exporter-common\1.19.0\opentelemetry-exporter-common-1.19.0.jar;C:\Users\dell\.m2\repository\io\opentelemetry\opentelemetry-sdk-trace\1.19.0\opentelemetry-sdk-trace-1.19.0.jar;C:\Users\dell\.m2\repository\io\opentelemetry\opentelemetry-sdk\1.19.0\opentelemetry-sdk-1.19.0.jar;C:\Users\dell\.m2\repository\io\opentelemetry\opentelemetry-semconv\1.19.0-alpha\opentelemetry-semconv-1.19.0-alpha.jar;C:\Users\dell\.m2\repository\io\ous\jtoml\2.0.0\jtoml-2.0.0.jar;C:\Users\dell\.m2\repository\net\bytebuddy\byte-buddy\1.12.18\byte-buddy-1.12.18.jar;C:\Users\dell\.m2\repository\org\apache\commons\commons-exec\1.3\commons-exec-1.3.jar;C:\Users\dell\.m2\repository\org\asynchttpclient\async-http-client\2.12.3\async-http-client-2.12.3.jar;C:\Users\dell\.m2\repository\org\asynchttpclient\async-http-client-netty-utils\2.12.3\async-http-client-netty-utils-2.12.3.jar;C:\Users\dell\.m2\repository\io\netty\netty-codec-socks\4.1.60.Final\netty-codec-socks-4.1.60.Final.jar;C:\Users\dell\.m2\repository\io\netty\netty-handler-proxy\4.1.60.Final\netty-handler-proxy-4.1.60.Final.jar;C:\Users\dell\.m2\repository\io\netty\netty-transport-native-epoll\4.1.60.Final\netty-transport-native-epoll-4.1.60.Final-linux-x86_64.jar;C:\Users\dell\.m2\repository\io\netty\netty-transport-native-kqueue\4.1.60.Final\netty-transport-native-kqueue-4.1.60.Final-osx-x86_64.jar;C:\Users\dell\.m2\repository\org\reactivestreams\reactive-streams\1.0.3\reactive-streams-1.0.3.jar;C:\Users\dell\.m2\repository\com\typesafe\netty\netty-reactive-streams\2.0.4\netty-reactive-streams-2.0.4.jar;C:\Users\dell\.m2\repository\com\sun\activation\jakarta.activation\1.2.2\jakarta.activation-1.2.2.jar;C:\Users\dell\.m2\repository\org\seleniumhq\selenium\selenium-http\4.6.0\selenium-http-4.6.0.jar;C:\Users\dell\.m2\repository\dev\failsafe\failsafe\3.3.0\failsafe-3.3.0.jar;C:\Users\dell\.m2\repository\org\seleniumhq\selenium\selenium-manager\4.6.0\selenium-manager-4.6.0.jar;C:\Users\dell\.m2\repository\org\seleniumhq\selenium\selenium-safari-driver\4.6.0\selenium-safari-driver-4.6.0.jar;C:\Users\dell\.m2\repository\org\seleniumhq\selenium\selenium-support\4.6.0\selenium-support-4.6.0.jar;C:\Users\dell\.m2\repository\tech\grasshopper\extentreports-cucumber7-adapter\1.7.0\extentreports-cucumber7-adapter-1.7.0.jar;C:\Users\dell\.m2\repository\com\aventstack\extentreports\5.0.9\extentreports-5.0.9.jar;C:\Users\dell\.m2\repository\io\reactivex\rxjava3\rxjava\3.0.4\rxjava-3.0.4.jar;C:\Users\dell\.m2\repository\org\freemarker\freemarker\2.3.30\freemarker-2.3.30.jar;C:\Users\dell\.m2\repository\org\projectlombok\lombok\1.18.12\lombok-1.18.12.jar;C:\Users\dell\.m2\repository\tech\grasshopper\extent-pdf-report\2.7.0\extent-pdf-report-2.7.0.jar;C:\Users\dell\.m2\repository\tech\grasshopper\cucumber-pdf-report\2.10.0\cucumber-pdf-report-2.10.0.jar;C:\Users\dell\.m2\repository\org\apache\pdfbox\pdfbox\2.0.26\pdfbox-2.0.26.jar;C:\Users\dell\.m2\repository\org\apache\pdfbox\fontbox\2.0.26\fontbox-2.0.26.jar;C:\Users\dell\.m2\repository\org\knowm\xchart\xchart\3.8.0\xchart-3.8.0.jar;C:\Users\dell\.m2\repository\de\erichseifert\vectorgraphics2d\VectorGraphics2D\0.13\VectorGraphics2D-0.13.jar;C:\Users\dell\.m2\repository\de\rototor\pdfbox\graphics2d\0.30\graphics2d-0.30.jar;C:\Users\dell\.m2\repository\com\madgag\animated-gif-lib\1.4\animated-gif-lib-1.4.jar;C:\Users\dell\.m2\repository\org\yaml\snakeyaml\1.28\snakeyaml-1.28.jar;C:\Users\dell\.m2\repository\tech\grasshopper\table-layout\1.5.1\table-layout-1.5.1.jar;C:\Users\dell\.m2\repository\tech\grasshopper\rest-assured-cucumber-pdf-report\1.4.1\rest-assured-cucumber-pdf-report-1.4.1.jar;C:\Users\dell\.m2\repository\com\aventstack\klov-reporter\5.0.9\klov-reporter-5.0.9.jar;C:\Users\dell\.m2\repository\org\mongodb\mongodb-driver\3.6.4\mongodb-driver-3.6.4.jar;C:\Users\dell\.m2\repository\org\mongodb\mongodb-driver-core\3.6.4\mongodb-driver-core-3.6.4.jar;C:\Users\dell\.m2\repository\org\mongodb\bson\3.6.4\bson-3.6.4.jar;C:\Users\dell\.m2\repository\org\apache\httpcomponents\httpclient\4.5.13\httpclient-4.5.13.jar;C:\Users\dell\.m2\repository\org\apache\httpcomponents\httpcore\4.4.13\httpcore-4.4.13.jar;C:\Users\dell\.m2\repository\org\apache\httpcomponents\httpmime\4.5.13\httpmime-4.5.13.jar;C:\Users\dell\.m2\repository\tech\grasshopper\htmlextentreporter\1.0.1\htmlextentreporter-1.0.1.jar;"/>
    <property name="sun.cpu.endian" value="little"/>
    <property name="user.home" value="C:\Users\dell"/>
    <property name="user.language" value="en"/>
    <property name="java.specification.vendor" value="Oracle Corporation"/>
    <property name="java.home" value="C:\Program Files\Java\jdk1.8.0_202\jre"/>
    <property name="basedir" value="D:\new projects\BDDCucumber"/>
    <property name="file.separator" value="\"/>
    <property name="line.separator" value="&#10;"/>
    <property name="java.vm.specification.vendor" value="Oracle Corporation"/>
    <property name="java.specification.name" value="Java Platform API Specification"/>
    <property name="java.awt.graphicsenv" value="sun.awt.Win32GraphicsEnvironment"/>
    <property name="surefire.real.class.path" value="C:\Users\dell\AppData\Local\Temp\surefire7740626472753986417\surefirebooter-20230131133239377_3.jar"/>
    <property name="sun.boot.class.path" value="C:\Program Files\Java\jdk1.8.0_202\jre\lib\resources.jar;C:\Program Files\Java\jdk1.8.0_202\jre\lib\rt.jar;C:\Program Files\Java\jdk1.8.0_202\jre\lib\sunrsasign.jar;C:\Program Files\Java\jdk1.8.0_202\jre\lib\jsse.jar;C:\Program Files\Java\jdk1.8.0_202\jre\lib\jce.jar;C:\Program Files\Java\jdk1.8.0_202\jre\lib\charsets.jar;C:\Program Files\Java\jdk1.8.0_202\jre\lib\jfr.jar;C:\Program Files\Java\jdk1.8.0_202\jre\classes"/>
    <property name="user.script" value=""/>
    <property name="sun.management.compiler" value="HotSpot 64-Bit Tiered Compilers"/>
    <property name="java.runtime.version" value="1.8.0_202-b08"/>
    <property name="user.name" value="dell"/>
    <property name="path.separator" value=";"/>
    <property name="os.version" value="10.0"/>
    <property name="java.endorsed.dirs" value="C:\Program Files\Java\jdk1.8.0_202\jre\lib\endorsed"/>
    <property name="java.runtime.name" value="Java(TM) SE Runtime Environment"/>
    <property name="file.encoding" value="Cp1252"/>
    <property name="java.vm.name" value="Java HotSpot(TM) 64-Bit Server VM"/>
    <property name="localRepository" value="C:\Users\dell\.m2\repository"/>
    <property name="java.vendor.url.bug" value="http://bugreport.sun.com/bugreport/"/>
    <property name="java.io.tmpdir" value="C:\Users\dell\AppData\Local\Temp\"/>
    <property name="java.version" value="1.8.0_202"/>
    <property name="user.dir" value="D:\new projects\BDDCucumber"/>
    <property name="os.arch" value="amd64"/>
    <property name="java.vm.specification.name" value="Java Virtual Machine Specification"/>
    <property name="java.awt.printerjob" value="sun.awt.windows.WPrinterJob"/>
    <property name="sun.os.patch.level" value=""/>
    <property name="java.library.path" value="C:\Program Files\Java\jdk1.8.0_202\jre\bin;C:\Windows\Sun\Java\bin;C:\Windows\system32;C:\Windows;C:\Windows\system32;C:\Windows;C:\Windows\System32\Wbem;C:\Windows\System32\WindowsPowerShell\v1.0\;C:\Windows\System32\OpenSSH\;C:\Program Files\Java\jre1.8.0_301\bin;C:\ffmpeg\bin\;C:\Program Files (x86)\dotnet\;C:\Program Files (x86)\Touch Portal\plugins\adb\platform-tools;C:\Program Files\Git\cmd;C:\Program Files\nodejs\;C:\Program Files\Java\jre1.8.0_202\bin;C:\Program Files\Java\jdk1.8.0_202\bin;C:\Users\dell\AppData\Local\Android\Sdk\tools;C:\Users\dell\AppData\Local\Android\Sdk\tools\bin;C:\Users\dell\AppData\Local\Android\Sdk\platform-tools;C:\Users\dell\AppData\Local\Android\Sdk\build-tools;C:\Users\dell\AppData\Local\Android\Sdk\platforms;C:\Users\dell\AppData\Local\Android\Sdk\emulator;C:\apache-maven-3.8.7\bin;%IntelliJ IDEA%;C:\Users\dell\AppData\Roaming\npm;C:\Users\dell\AppData\Local\Programs\Microsoft VS Code\bin;."/>
    <property name="java.vm.info" value="mixed mode"/>
    <property name="java.vendor" value="Oracle Corporation"/>
    <property name="java.vm.version" value="25.202-b08"/>
    <property name="java.ext.dirs" value="C:\Program Files\Java\jdk1.8.0_202\jre\lib\ext;C:\Windows\Sun\Java\lib\ext"/>
    <property name="sun.io.unicode.encoding" value="UnicodeLittle"/>
    <property name="java.class.version" value="52.0"/>
  </properties>
  <testcase name="runScenario[&quot;succesfull  Login with valid Credentials&quot;, &quot;AddNewCustomer&quot;](1)" classname="testRunner.Run" time="37.424">
    <system-out><![CDATA[[DEBUG] Resolution chrome=109 in cache (valid until 14:07:32 31/01/2023 IST)
[DEBUG] Resolution chrome109=109.0.5414.74 in cache (valid until 18:22:56 31/01/2023 IST)
[INFO] Using chromedriver 109.0.5414.74 (resolved driver for Chrome 109)
[DEBUG] Driver chromedriver 109.0.5414.74 found in cache
[INFO] Exporting webdriver.chrome.driver as C:\Users\dell\.cache\selenium\chromedriver\win32\109.0.5414.74\chromedriver.exe
[DEBUG] Using SLF4J as the default logging framework
[DEBUG] -Dio.netty.leakDetection.level: simple
[DEBUG] -Dio.netty.leakDetection.targetRecords: 4
[DEBUG] Loaded default ResourceLeakDetector: io.netty.util.ResourceLeakDetector@5bb7643d
[DEBUG] -Dio.netty.noUnsafe: false
[DEBUG] Java version: 8
[DEBUG] sun.misc.Unsafe.theUnsafe: available
[DEBUG] sun.misc.Unsafe.copyMemory: available
[DEBUG] sun.misc.Unsafe.storeFence: available
[DEBUG] java.nio.Buffer.address: available
[DEBUG] direct buffer constructor: available
[DEBUG] java.nio.Bits.unaligned: available, true
[DEBUG] jdk.internal.misc.Unsafe.allocateUninitializedArray(int): unavailable prior to Java9
[DEBUG] java.nio.DirectByteBuffer.<init>(long, int): available
[DEBUG] sun.misc.Unsafe: available
[DEBUG] -Dio.netty.tmpdir: C:\Users\dell\AppData\Local\Temp (java.io.tmpdir)
[DEBUG] -Dio.netty.bitMode: 64 (sun.arch.data.model)
[DEBUG] Platform: Windows
[DEBUG] -Dio.netty.maxDirectMemory: 1886912512 bytes
[DEBUG] -Dio.netty.uninitializedArrayAllocationThreshold: -1
[DEBUG] java.nio.ByteBuffer.cleaner(): available
[DEBUG] -Dio.netty.noPreferDirect: false
[DEBUG] org.jctools-core.MpscChunkedArrayQueue: available
[DEBUG] -Dio.netty.threadLocalMap.stringBuilder.initialSize: 1024
[DEBUG] -Dio.netty.threadLocalMap.stringBuilder.maxSize: 4096
[DEBUG] Default protocols (JDK): [TLSv1.2, TLSv1.1, TLSv1] 
[DEBUG] Default cipher suites (JDK): [TLS_ECDHE_ECDSA_WITH_AES_256_GCM_SHA384, TLS_ECDHE_ECDSA_WITH_AES_128_GCM_SHA256, TLS_ECDHE_RSA_WITH_AES_128_GCM_SHA256, TLS_ECDHE_RSA_WITH_AES_256_GCM_SHA384, TLS_ECDHE_RSA_WITH_AES_128_CBC_SHA, TLS_ECDHE_RSA_WITH_AES_256_CBC_SHA, TLS_RSA_WITH_AES_128_GCM_SHA256, TLS_RSA_WITH_AES_128_CBC_SHA, TLS_RSA_WITH_AES_256_CBC_SHA]
[DEBUG] -Dio.netty.eventLoopThreads: 8
[DEBUG] -Dio.netty.noKeySetOptimization: false
[DEBUG] -Dio.netty.selectorAutoRebuildThreshold: 512
[DEBUG] -Dio.netty.allocator.numHeapArenas: 8
[DEBUG] -Dio.netty.allocator.numDirectArenas: 8
[DEBUG] -Dio.netty.allocator.pageSize: 8192
[DEBUG] -Dio.netty.allocator.maxOrder: 9
[DEBUG] -Dio.netty.allocator.chunkSize: 4194304
[DEBUG] -Dio.netty.allocator.smallCacheSize: 256
[DEBUG] -Dio.netty.allocator.normalCacheSize: 64
[DEBUG] -Dio.netty.allocator.maxCachedBufferCapacity: 32768
[DEBUG] -Dio.netty.allocator.cacheTrimInterval: 8192
[DEBUG] -Dio.netty.allocator.cacheTrimIntervalMillis: 0
[DEBUG] -Dio.netty.allocator.useCacheForAllThreads: false
[DEBUG] -Dio.netty.allocator.maxCachedByteBuffersPerChunk: 1023
[DEBUG] -Dio.netty.allocator.type: pooled
[DEBUG] -Dio.netty.threadLocalDirectBufferSize: 0
[DEBUG] -Dio.netty.maxThreadLocalCharBufferSize: 16384
[DEBUG] -Dio.netty.processId: 11364 (auto-detected)
[DEBUG] -Djava.net.preferIPv4Stack: false
[DEBUG] -Djava.net.preferIPv6Addresses: false
[DEBUG] Loopback interface: lo (Software Loopback Interface 1, 127.0.0.1)
[DEBUG] Failed to get SOMAXCONN from sysctl and file \proc\sys\net\core\somaxconn. Default: 200
[DEBUG] -Dio.netty.machineId: 00:ff:0e:ff:fe:07:8d:5b (auto-detected)
[DEBUG] -Dio.netty.buffer.checkAccessible: true
[DEBUG] -Dio.netty.buffer.checkBounds: true
[DEBUG] Loaded default ResourceLeakDetector: io.netty.util.ResourceLeakDetector@316cf2
[DEBUG] Using new Channel '[id: 0x492cf9d5, L:/127.0.0.1:57143 - R:localhost/127.0.0.1:19955]' for 'POST' to '/session'
[DEBUG] -Dio.netty.recycler.maxCapacityPerThread: 4096
[DEBUG] -Dio.netty.recycler.ratio: 8
[DEBUG] -Dio.netty.recycler.chunkSize: 32
[DEBUG] -Dio.netty.recycler.blocking: false
[DEBUG] brotli4j not in the classpath; Brotli support will be unavailable.
[DEBUG] 

Request DefaultHttpRequest(decodeResult: success, version: HTTP/1.1)
POST /session HTTP/1.1
User-Agent: selenium/4.6.0 (java windows)
Content-Length: 365
Content-Type: application/json; charset=utf-8
host: localhost:19955
accept: */*

Response DefaultHttpResponse(decodeResult: success, version: HTTP/1.1)
HTTP/1.1 200 OK
Content-Type: application/json; charset=utf-8
cache-control: no-cache
content-length: 790

[DEBUG] Adding key: http://localhost:19955 for channel [id: 0x492cf9d5, L:/127.0.0.1:57143 - R:localhost/127.0.0.1:19955]
[DEBUG] Using new Channel '[id: 0x87a2bc0d, L:/127.0.0.1:57152 - R:localhost/127.0.0.1:57145]' for 'GET' to '/json/version'
[DEBUG] 

Request DefaultFullHttpRequest(decodeResult: success, version: HTTP/1.1, content: EmptyByteBufBE)
GET /json/version HTTP/1.1
User-Agent: selenium/4.6.0 (java windows)
host: localhost:57145
accept: */*

Response DefaultHttpResponse(decodeResult: success, version: HTTP/1.1)
HTTP/1.1 200 OK
Content-Type: application/json; charset=UTF-8
content-length: 424

[DEBUG] Adding key: http://localhost:57145 for channel [id: 0x87a2bc0d, L:/127.0.0.1:57152 - R:localhost/127.0.0.1:57145]
[DEBUG] -Dio.netty.initialSeedUniquifier: 0xbe01ee6261b85f33
[DEBUG] Using new Channel '[id: 0xf9556417, L:/127.0.0.1:57154 - R:localhost/127.0.0.1:57145]' for 'GET' to '/devtools/browser/da1d9451-694e-4f01-921b-f206588080d7'
[DEBUG] 

Request DefaultFullHttpRequest(decodeResult: success, version: HTTP/1.1, content: EmptyByteBufBE)
GET /devtools/browser/da1d9451-694e-4f01-921b-f206588080d7 HTTP/1.1
upgrade: websocket
connection: upgrade
sec-websocket-key: 7ZKlnnf5H9AcgqBSoUUo3A==
sec-websocket-version: 13
origin: http://localhost:57145
host: localhost:57145
accept: */*
user-agent: AHC/2.1

Response DefaultHttpResponse(decodeResult: success, version: HTTP/1.1)
HTTP/1.1 101 WebSocket Protocol Handshake
Upgrade: WebSocket
Connection: Upgrade
Sec-WebSocket-Accept: O4hhb57cJQIUHDNDnLgJFCB9u+0=

[INFO ] 2023-01-31 13:32:55.397 [main] StepDef - Browser has been launched 
[DEBUG] Using pooled Channel '[id: 0x492cf9d5, L:/127.0.0.1:57143 - R:localhost/127.0.0.1:19955]' for 'POST' to 'http://localhost:19955/session/1cef1f2d6cb966aa7089c41de076584b/url'
[DEBUG] Using open Channel [id: 0x492cf9d5, L:/127.0.0.1:57143 - R:localhost/127.0.0.1:19955] for POST '/session/1cef1f2d6cb966aa7089c41de076584b/url'
[DEBUG] Entry count for : http://localhost:57145 : 1
[DEBUG] Entry count for : http://localhost:57145 : 1
[DEBUG] Entry count for : http://localhost:57145 : 1
[DEBUG] 

Request DefaultHttpRequest(decodeResult: success, version: HTTP/1.1)
POST /session/1cef1f2d6cb966aa7089c41de076584b/url HTTP/1.1
User-Agent: selenium/4.6.0 (java windows)
Content-Length: 69
Content-Type: application/json; charset=utf-8
host: localhost:19955
accept: */*

Response DefaultHttpResponse(decodeResult: success, version: HTTP/1.1)
HTTP/1.1 200 OK
Content-Type: application/json; charset=utf-8
cache-control: no-cache
content-length: 14

[DEBUG] Adding key: http://localhost:19955 for channel [id: 0x492cf9d5, L:/127.0.0.1:57143 - R:localhost/127.0.0.1:19955]
[INFO ] 2023-01-31 13:32:57.849 [main] StepDef - URL has been hitted succesfullyhttp://admin-demo.nopcommerce.com/login
[DEBUG] Using pooled Channel '[id: 0x492cf9d5, L:/127.0.0.1:57143 - R:localhost/127.0.0.1:19955]' for 'POST' to 'http://localhost:19955/session/1cef1f2d6cb966aa7089c41de076584b/element'
[DEBUG] Using open Channel [id: 0x492cf9d5, L:/127.0.0.1:57143 - R:localhost/127.0.0.1:19955] for POST '/session/1cef1f2d6cb966aa7089c41de076584b/element'
[DEBUG] 

Request DefaultHttpRequest(decodeResult: success, version: HTTP/1.1)
POST /session/1cef1f2d6cb966aa7089c41de076584b/element HTTP/1.1
User-Agent: selenium/4.6.0 (java windows)
Content-Length: 50
Content-Type: application/json; charset=utf-8
host: localhost:19955
accept: */*

Response DefaultHttpResponse(decodeResult: success, version: HTTP/1.1)
HTTP/1.1 200 OK
Content-Type: application/json; charset=utf-8
cache-control: no-cache
content-length: 88

[DEBUG] Adding key: http://localhost:19955 for channel [id: 0x492cf9d5, L:/127.0.0.1:57143 - R:localhost/127.0.0.1:19955]
[DEBUG] Using pooled Channel '[id: 0x492cf9d5, L:/127.0.0.1:57143 - R:localhost/127.0.0.1:19955]' for 'POST' to 'http://localhost:19955/session/1cef1f2d6cb966aa7089c41de076584b/element/f0cec4da-a71f-49f7-92e9-7f2561fc8698/clear'
[DEBUG] Using open Channel [id: 0x492cf9d5, L:/127.0.0.1:57143 - R:localhost/127.0.0.1:19955] for POST '/session/1cef1f2d6cb966aa7089c41de076584b/element/f0cec4da-a71f-49f7-92e9-7f2561fc8698/clear'
[DEBUG] 

Request DefaultHttpRequest(decodeResult: success, version: HTTP/1.1)
POST /session/1cef1f2d6cb966aa7089c41de076584b/element/f0cec4da-a71f-49f7-92e9-7f2561fc8698/clear HTTP/1.1
User-Agent: selenium/4.6.0 (java windows)
Content-Length: 50
Content-Type: application/json; charset=utf-8
host: localhost:19955
accept: */*

Response DefaultHttpResponse(decodeResult: success, version: HTTP/1.1)
HTTP/1.1 200 OK
Content-Type: application/json; charset=utf-8
cache-control: no-cache
content-length: 14

[DEBUG] Adding key: http://localhost:19955 for channel [id: 0x492cf9d5, L:/127.0.0.1:57143 - R:localhost/127.0.0.1:19955]
[DEBUG] Using pooled Channel '[id: 0x492cf9d5, L:/127.0.0.1:57143 - R:localhost/127.0.0.1:19955]' for 'POST' to 'http://localhost:19955/session/1cef1f2d6cb966aa7089c41de076584b/element'
[DEBUG] Using open Channel [id: 0x492cf9d5, L:/127.0.0.1:57143 - R:localhost/127.0.0.1:19955] for POST '/session/1cef1f2d6cb966aa7089c41de076584b/element'
[DEBUG] 

Request DefaultHttpRequest(decodeResult: success, version: HTTP/1.1)
POST /session/1cef1f2d6cb966aa7089c41de076584b/element HTTP/1.1
User-Agent: selenium/4.6.0 (java windows)
Content-Length: 50
Content-Type: application/json; charset=utf-8
host: localhost:19955
accept: */*

Response DefaultHttpResponse(decodeResult: success, version: HTTP/1.1)
HTTP/1.1 200 OK
Content-Type: application/json; charset=utf-8
cache-control: no-cache
content-length: 88

[DEBUG] Adding key: http://localhost:19955 for channel [id: 0x492cf9d5, L:/127.0.0.1:57143 - R:localhost/127.0.0.1:19955]
[DEBUG] Using pooled Channel '[id: 0x492cf9d5, L:/127.0.0.1:57143 - R:localhost/127.0.0.1:19955]' for 'POST' to 'http://localhost:19955/session/1cef1f2d6cb966aa7089c41de076584b/element/f0cec4da-a71f-49f7-92e9-7f2561fc8698/value'
[DEBUG] Using open Channel [id: 0x492cf9d5, L:/127.0.0.1:57143 - R:localhost/127.0.0.1:19955] for POST '/session/1cef1f2d6cb966aa7089c41de076584b/element/f0cec4da-a71f-49f7-92e9-7f2561fc8698/value'
[DEBUG] 

Request DefaultHttpRequest(decodeResult: success, version: HTTP/1.1)
POST /session/1cef1f2d6cb966aa7089c41de076584b/element/f0cec4da-a71f-49f7-92e9-7f2561fc8698/value HTTP/1.1
User-Agent: selenium/4.6.0 (java windows)
Content-Length: 271
Content-Type: application/json; charset=utf-8
host: localhost:19955
accept: */*

Response DefaultHttpResponse(decodeResult: success, version: HTTP/1.1)
HTTP/1.1 200 OK
Content-Type: application/json; charset=utf-8
cache-control: no-cache
content-length: 14

[DEBUG] Adding key: http://localhost:19955 for channel [id: 0x492cf9d5, L:/127.0.0.1:57143 - R:localhost/127.0.0.1:19955]
[INFO ] 2023-01-31 13:32:58.049 [main] StepDef - Email Entered succesfully 
[DEBUG] Using pooled Channel '[id: 0x492cf9d5, L:/127.0.0.1:57143 - R:localhost/127.0.0.1:19955]' for 'POST' to 'http://localhost:19955/session/1cef1f2d6cb966aa7089c41de076584b/element'
[DEBUG] Using open Channel [id: 0x492cf9d5, L:/127.0.0.1:57143 - R:localhost/127.0.0.1:19955] for POST '/session/1cef1f2d6cb966aa7089c41de076584b/element'
[DEBUG] 

Request DefaultHttpRequest(decodeResult: success, version: HTTP/1.1)
POST /session/1cef1f2d6cb966aa7089c41de076584b/element HTTP/1.1
User-Agent: selenium/4.6.0 (java windows)
Content-Length: 53
Content-Type: application/json; charset=utf-8
host: localhost:19955
accept: */*

Response DefaultHttpResponse(decodeResult: success, version: HTTP/1.1)
HTTP/1.1 200 OK
Content-Type: application/json; charset=utf-8
cache-control: no-cache
content-length: 88

[DEBUG] Adding key: http://localhost:19955 for channel [id: 0x492cf9d5, L:/127.0.0.1:57143 - R:localhost/127.0.0.1:19955]
[DEBUG] Using pooled Channel '[id: 0x492cf9d5, L:/127.0.0.1:57143 - R:localhost/127.0.0.1:19955]' for 'POST' to 'http://localhost:19955/session/1cef1f2d6cb966aa7089c41de076584b/element/7b2a92a6-b9da-4678-aff8-ff31ec799cae/clear'
[DEBUG] Using open Channel [id: 0x492cf9d5, L:/127.0.0.1:57143 - R:localhost/127.0.0.1:19955] for POST '/session/1cef1f2d6cb966aa7089c41de076584b/element/7b2a92a6-b9da-4678-aff8-ff31ec799cae/clear'
[DEBUG] 

Request DefaultHttpRequest(decodeResult: success, version: HTTP/1.1)
POST /session/1cef1f2d6cb966aa7089c41de076584b/element/7b2a92a6-b9da-4678-aff8-ff31ec799cae/clear HTTP/1.1
User-Agent: selenium/4.6.0 (java windows)
Content-Length: 50
Content-Type: application/json; charset=utf-8
host: localhost:19955
accept: */*

Response DefaultHttpResponse(decodeResult: success, version: HTTP/1.1)
HTTP/1.1 200 OK
Content-Type: application/json; charset=utf-8
cache-control: no-cache
content-length: 14

[DEBUG] Adding key: http://localhost:19955 for channel [id: 0x492cf9d5, L:/127.0.0.1:57143 - R:localhost/127.0.0.1:19955]
[DEBUG] Using pooled Channel '[id: 0x492cf9d5, L:/127.0.0.1:57143 - R:localhost/127.0.0.1:19955]' for 'POST' to 'http://localhost:19955/session/1cef1f2d6cb966aa7089c41de076584b/element'
[DEBUG] Using open Channel [id: 0x492cf9d5, L:/127.0.0.1:57143 - R:localhost/127.0.0.1:19955] for POST '/session/1cef1f2d6cb966aa7089c41de076584b/element'
[DEBUG] 

Request DefaultHttpRequest(decodeResult: success, version: HTTP/1.1)
POST /session/1cef1f2d6cb966aa7089c41de076584b/element HTTP/1.1
User-Agent: selenium/4.6.0 (java windows)
Content-Length: 53
Content-Type: application/json; charset=utf-8
host: localhost:19955
accept: */*

Response DefaultHttpResponse(decodeResult: success, version: HTTP/1.1)
HTTP/1.1 200 OK
Content-Type: application/json; charset=utf-8
cache-control: no-cache
content-length: 88

[DEBUG] Adding key: http://localhost:19955 for channel [id: 0x492cf9d5, L:/127.0.0.1:57143 - R:localhost/127.0.0.1:19955]
[DEBUG] Using pooled Channel '[id: 0x492cf9d5, L:/127.0.0.1:57143 - R:localhost/127.0.0.1:19955]' for 'POST' to 'http://localhost:19955/session/1cef1f2d6cb966aa7089c41de076584b/element/7b2a92a6-b9da-4678-aff8-ff31ec799cae/value'
[DEBUG] Using open Channel [id: 0x492cf9d5, L:/127.0.0.1:57143 - R:localhost/127.0.0.1:19955] for POST '/session/1cef1f2d6cb966aa7089c41de076584b/element/7b2a92a6-b9da-4678-aff8-ff31ec799cae/value'
[DEBUG] 

Request DefaultHttpRequest(decodeResult: success, version: HTTP/1.1)
POST /session/1cef1f2d6cb966aa7089c41de076584b/element/7b2a92a6-b9da-4678-aff8-ff31ec799cae/value HTTP/1.1
User-Agent: selenium/4.6.0 (java windows)
Content-Length: 131
Content-Type: application/json; charset=utf-8
host: localhost:19955
accept: */*

Response DefaultHttpResponse(decodeResult: success, version: HTTP/1.1)
HTTP/1.1 200 OK
Content-Type: application/json; charset=utf-8
cache-control: no-cache
content-length: 14

[DEBUG] Adding key: http://localhost:19955 for channel [id: 0x492cf9d5, L:/127.0.0.1:57143 - R:localhost/127.0.0.1:19955]
[INFO ] 2023-01-31 13:32:58.211 [main] StepDef - Password  Entered succesfully 
[DEBUG] Using pooled Channel '[id: 0x492cf9d5, L:/127.0.0.1:57143 - R:localhost/127.0.0.1:19955]' for 'POST' to 'http://localhost:19955/session/1cef1f2d6cb966aa7089c41de076584b/element'
[DEBUG] Using open Channel [id: 0x492cf9d5, L:/127.0.0.1:57143 - R:localhost/127.0.0.1:19955] for POST '/session/1cef1f2d6cb966aa7089c41de076584b/element'
[DEBUG] 

Request DefaultHttpRequest(decodeResult: success, version: HTTP/1.1)
POST /session/1cef1f2d6cb966aa7089c41de076584b/element HTTP/1.1
User-Agent: selenium/4.6.0 (java windows)
Content-Length: 71
Content-Type: application/json; charset=utf-8
host: localhost:19955
accept: */*

Response DefaultHttpResponse(decodeResult: success, version: HTTP/1.1)
HTTP/1.1 200 OK
Content-Type: application/json; charset=utf-8
cache-control: no-cache
content-length: 88

[DEBUG] Adding key: http://localhost:19955 for channel [id: 0x492cf9d5, L:/127.0.0.1:57143 - R:localhost/127.0.0.1:19955]
[DEBUG] Using pooled Channel '[id: 0x492cf9d5, L:/127.0.0.1:57143 - R:localhost/127.0.0.1:19955]' for 'POST' to 'http://localhost:19955/session/1cef1f2d6cb966aa7089c41de076584b/element/2481884f-4e55-491b-b223-2a10bbe84386/click'
[DEBUG] Using open Channel [id: 0x492cf9d5, L:/127.0.0.1:57143 - R:localhost/127.0.0.1:19955] for POST '/session/1cef1f2d6cb966aa7089c41de076584b/element/2481884f-4e55-491b-b223-2a10bbe84386/click'
[DEBUG] Entry count for : http://localhost:57145 : 1
[DEBUG] Entry count for : http://localhost:57145 : 1
[DEBUG] Entry count for : http://localhost:57145 : 1
[DEBUG] Entry count for : http://localhost:57145 : 1
[DEBUG] Entry count for : http://localhost:57145 : 1
[DEBUG] Entry count for : http://localhost:57145 : 1
[DEBUG] Entry count for : http://localhost:57145 : 1
[DEBUG] Entry count for : http://localhost:57145 : 1
[DEBUG] Entry count for : http://localhost:57145 : 1
[DEBUG] Entry count for : http://localhost:57145 : 1
[DEBUG] 

Request DefaultHttpRequest(decodeResult: success, version: HTTP/1.1)
POST /session/1cef1f2d6cb966aa7089c41de076584b/element/2481884f-4e55-491b-b223-2a10bbe84386/click HTTP/1.1
User-Agent: selenium/4.6.0 (java windows)
Content-Length: 50
Content-Type: application/json; charset=utf-8
host: localhost:19955
accept: */*

Response DefaultHttpResponse(decodeResult: success, version: HTTP/1.1)
HTTP/1.1 200 OK
Content-Type: application/json; charset=utf-8
cache-control: no-cache
content-length: 14

[DEBUG] Adding key: http://localhost:19955 for channel [id: 0x492cf9d5, L:/127.0.0.1:57143 - R:localhost/127.0.0.1:19955]
[INFO ] 2023-01-31 13:33:08.944 [main] StepDef - Clicked on login Button successfully
[DEBUG] Using pooled Channel '[id: 0x492cf9d5, L:/127.0.0.1:57143 - R:localhost/127.0.0.1:19955]' for 'GET' to 'http://localhost:19955/session/1cef1f2d6cb966aa7089c41de076584b/title'
[DEBUG] Using open Channel [id: 0x492cf9d5, L:/127.0.0.1:57143 - R:localhost/127.0.0.1:19955] for GET '/session/1cef1f2d6cb966aa7089c41de076584b/title'
[DEBUG] 

Request DefaultFullHttpRequest(decodeResult: success, version: HTTP/1.1, content: EmptyByteBufBE)
GET /session/1cef1f2d6cb966aa7089c41de076584b/title HTTP/1.1
User-Agent: selenium/4.6.0 (java windows)
Cache-Control: no-cache
Content-Type: application/json; charset=utf-8
host: localhost:19955
accept: */*

Response DefaultHttpResponse(decodeResult: success, version: HTTP/1.1)
HTTP/1.1 200 OK
Content-Type: application/json; charset=utf-8
cache-control: no-cache
content-length: 50

[DEBUG] Adding key: http://localhost:19955 for channel [id: 0x492cf9d5, L:/127.0.0.1:57143 - R:localhost/127.0.0.1:19955]
[DEBUG] Using pooled Channel '[id: 0x492cf9d5, L:/127.0.0.1:57143 - R:localhost/127.0.0.1:19955]' for 'POST' to 'http://localhost:19955/session/1cef1f2d6cb966aa7089c41de076584b/element'
[DEBUG] Using open Channel [id: 0x492cf9d5, L:/127.0.0.1:57143 - R:localhost/127.0.0.1:19955] for POST '/session/1cef1f2d6cb966aa7089c41de076584b/element'
[DEBUG] 

Request DefaultHttpRequest(decodeResult: success, version: HTTP/1.1)
POST /session/1cef1f2d6cb966aa7089c41de076584b/element HTTP/1.1
User-Agent: selenium/4.6.0 (java windows)
Content-Length: 199
Content-Type: application/json; charset=utf-8
host: localhost:19955
accept: */*

Response DefaultHttpResponse(decodeResult: success, version: HTTP/1.1)
HTTP/1.1 200 OK
Content-Type: application/json; charset=utf-8
cache-control: no-cache
content-length: 88

[DEBUG] Adding key: http://localhost:19955 for channel [id: 0x492cf9d5, L:/127.0.0.1:57143 - R:localhost/127.0.0.1:19955]
[DEBUG] Using pooled Channel '[id: 0x492cf9d5, L:/127.0.0.1:57143 - R:localhost/127.0.0.1:19955]' for 'POST' to 'http://localhost:19955/session/1cef1f2d6cb966aa7089c41de076584b/element/af89494a-7b09-46fc-a20e-e0e3923c3f5b/click'
[DEBUG] Using open Channel [id: 0x492cf9d5, L:/127.0.0.1:57143 - R:localhost/127.0.0.1:19955] for POST '/session/1cef1f2d6cb966aa7089c41de076584b/element/af89494a-7b09-46fc-a20e-e0e3923c3f5b/click'
[DEBUG] 

Request DefaultHttpRequest(decodeResult: success, version: HTTP/1.1)
POST /session/1cef1f2d6cb966aa7089c41de076584b/element/af89494a-7b09-46fc-a20e-e0e3923c3f5b/click HTTP/1.1
User-Agent: selenium/4.6.0 (java windows)
Content-Length: 50
Content-Type: application/json; charset=utf-8
host: localhost:19955
accept: */*

Response DefaultHttpResponse(decodeResult: success, version: HTTP/1.1)
HTTP/1.1 200 OK
Content-Type: application/json; charset=utf-8
cache-control: no-cache
content-length: 14

[DEBUG] Adding key: http://localhost:19955 for channel [id: 0x492cf9d5, L:/127.0.0.1:57143 - R:localhost/127.0.0.1:19955]
[INFO ] 2023-01-31 13:33:09.066 [main] StepDef - clicked on customer menu successfully
[DEBUG] Using pooled Channel '[id: 0x492cf9d5, L:/127.0.0.1:57143 - R:localhost/127.0.0.1:19955]' for 'POST' to 'http://localhost:19955/session/1cef1f2d6cb966aa7089c41de076584b/element'
[DEBUG] Using open Channel [id: 0x492cf9d5, L:/127.0.0.1:57143 - R:localhost/127.0.0.1:19955] for POST '/session/1cef1f2d6cb966aa7089c41de076584b/element'
[DEBUG] 

Request DefaultHttpRequest(decodeResult: success, version: HTTP/1.1)
POST /session/1cef1f2d6cb966aa7089c41de076584b/element HTTP/1.1
User-Agent: selenium/4.6.0 (java windows)
Content-Length: 239
Content-Type: application/json; charset=utf-8
host: localhost:19955
accept: */*

Response DefaultHttpResponse(decodeResult: success, version: HTTP/1.1)
HTTP/1.1 200 OK
Content-Type: application/json; charset=utf-8
cache-control: no-cache
content-length: 88

[DEBUG] Adding key: http://localhost:19955 for channel [id: 0x492cf9d5, L:/127.0.0.1:57143 - R:localhost/127.0.0.1:19955]
[DEBUG] Using pooled Channel '[id: 0x492cf9d5, L:/127.0.0.1:57143 - R:localhost/127.0.0.1:19955]' for 'POST' to 'http://localhost:19955/session/1cef1f2d6cb966aa7089c41de076584b/element/751c1570-036c-4684-bbda-d4e71cf07cf0/click'
[DEBUG] Using open Channel [id: 0x492cf9d5, L:/127.0.0.1:57143 - R:localhost/127.0.0.1:19955] for POST '/session/1cef1f2d6cb966aa7089c41de076584b/element/751c1570-036c-4684-bbda-d4e71cf07cf0/click'
[DEBUG] Entry count for : http://localhost:57145 : 1
[DEBUG] Entry count for : http://localhost:57145 : 1
[DEBUG] 

Request DefaultHttpRequest(decodeResult: success, version: HTTP/1.1)
POST /session/1cef1f2d6cb966aa7089c41de076584b/element/751c1570-036c-4684-bbda-d4e71cf07cf0/click HTTP/1.1
User-Agent: selenium/4.6.0 (java windows)
Content-Length: 50
Content-Type: application/json; charset=utf-8
host: localhost:19955
accept: */*

Response DefaultHttpResponse(decodeResult: success, version: HTTP/1.1)
HTTP/1.1 200 OK
Content-Type: application/json; charset=utf-8
cache-control: no-cache
content-length: 14

[DEBUG] Adding key: http://localhost:19955 for channel [id: 0x492cf9d5, L:/127.0.0.1:57143 - R:localhost/127.0.0.1:19955]
[INFO ] 2023-01-31 13:33:11.960 [main] StepDef - CLicked on customer Btn succesfully
[DEBUG] Using pooled Channel '[id: 0x492cf9d5, L:/127.0.0.1:57143 - R:localhost/127.0.0.1:19955]' for 'POST' to 'http://localhost:19955/session/1cef1f2d6cb966aa7089c41de076584b/element'
[DEBUG] Using open Channel [id: 0x492cf9d5, L:/127.0.0.1:57143 - R:localhost/127.0.0.1:19955] for POST '/session/1cef1f2d6cb966aa7089c41de076584b/element'
[DEBUG] Entry count for : http://localhost:57145 : 1
[DEBUG] 

Request DefaultHttpRequest(decodeResult: success, version: HTTP/1.1)
POST /session/1cef1f2d6cb966aa7089c41de076584b/element HTTP/1.1
User-Agent: selenium/4.6.0 (java windows)
Content-Length: 119
Content-Type: application/json; charset=utf-8
host: localhost:19955
accept: */*

Response DefaultHttpResponse(decodeResult: success, version: HTTP/1.1)
HTTP/1.1 200 OK
Content-Type: application/json; charset=utf-8
cache-control: no-cache
content-length: 88

[DEBUG] Adding key: http://localhost:19955 for channel [id: 0x492cf9d5, L:/127.0.0.1:57143 - R:localhost/127.0.0.1:19955]
[DEBUG] Using pooled Channel '[id: 0x492cf9d5, L:/127.0.0.1:57143 - R:localhost/127.0.0.1:19955]' for 'POST' to 'http://localhost:19955/session/1cef1f2d6cb966aa7089c41de076584b/element/c445fbf8-3156-400b-898c-42f9caa6ed0d/click'
[DEBUG] Using open Channel [id: 0x492cf9d5, L:/127.0.0.1:57143 - R:localhost/127.0.0.1:19955] for POST '/session/1cef1f2d6cb966aa7089c41de076584b/element/c445fbf8-3156-400b-898c-42f9caa6ed0d/click'
[DEBUG] Entry count for : http://localhost:57145 : 1
[DEBUG] Entry count for : http://localhost:57145 : 1
[DEBUG] Entry count for : http://localhost:57145 : 1
[DEBUG] Entry count for : http://localhost:57145 : 1
[DEBUG] 

Request DefaultHttpRequest(decodeResult: success, version: HTTP/1.1)
POST /session/1cef1f2d6cb966aa7089c41de076584b/element/c445fbf8-3156-400b-898c-42f9caa6ed0d/click HTTP/1.1
User-Agent: selenium/4.6.0 (java windows)
Content-Length: 50
Content-Type: application/json; charset=utf-8
host: localhost:19955
accept: */*

Response DefaultHttpResponse(decodeResult: success, version: HTTP/1.1)
HTTP/1.1 200 OK
Content-Type: application/json; charset=utf-8
cache-control: no-cache
content-length: 14

[DEBUG] Adding key: http://localhost:19955 for channel [id: 0x492cf9d5, L:/127.0.0.1:57143 - R:localhost/127.0.0.1:19955]
[INFO ] 2023-01-31 13:33:16.740 [main] StepDef - CLicked on add new customer Btn succesfully
[DEBUG] Using pooled Channel '[id: 0x492cf9d5, L:/127.0.0.1:57143 - R:localhost/127.0.0.1:19955]' for 'POST' to 'http://localhost:19955/session/1cef1f2d6cb966aa7089c41de076584b/element'
[DEBUG] Using open Channel [id: 0x492cf9d5, L:/127.0.0.1:57143 - R:localhost/127.0.0.1:19955] for POST '/session/1cef1f2d6cb966aa7089c41de076584b/element'
[DEBUG] 

Request DefaultHttpRequest(decodeResult: success, version: HTTP/1.1)
POST /session/1cef1f2d6cb966aa7089c41de076584b/element HTTP/1.1
User-Agent: selenium/4.6.0 (java windows)
Content-Length: 67
Content-Type: application/json; charset=utf-8
host: localhost:19955
accept: */*

Response DefaultHttpResponse(decodeResult: success, version: HTTP/1.1)
HTTP/1.1 200 OK
Content-Type: application/json; charset=utf-8
cache-control: no-cache
content-length: 88

[DEBUG] Adding key: http://localhost:19955 for channel [id: 0x492cf9d5, L:/127.0.0.1:57143 - R:localhost/127.0.0.1:19955]
[DEBUG] Using pooled Channel '[id: 0x492cf9d5, L:/127.0.0.1:57143 - R:localhost/127.0.0.1:19955]' for 'POST' to 'http://localhost:19955/session/1cef1f2d6cb966aa7089c41de076584b/element/22ea3664-b4f5-4cba-8fcd-96d2e29f1d3b/clear'
[DEBUG] Using open Channel [id: 0x492cf9d5, L:/127.0.0.1:57143 - R:localhost/127.0.0.1:19955] for POST '/session/1cef1f2d6cb966aa7089c41de076584b/element/22ea3664-b4f5-4cba-8fcd-96d2e29f1d3b/clear'
[DEBUG] 

Request DefaultHttpRequest(decodeResult: success, version: HTTP/1.1)
POST /session/1cef1f2d6cb966aa7089c41de076584b/element/22ea3664-b4f5-4cba-8fcd-96d2e29f1d3b/clear HTTP/1.1
User-Agent: selenium/4.6.0 (java windows)
Content-Length: 50
Content-Type: application/json; charset=utf-8
host: localhost:19955
accept: */*

Response DefaultHttpResponse(decodeResult: success, version: HTTP/1.1)
HTTP/1.1 200 OK
Content-Type: application/json; charset=utf-8
cache-control: no-cache
content-length: 14

[DEBUG] Adding key: http://localhost:19955 for channel [id: 0x492cf9d5, L:/127.0.0.1:57143 - R:localhost/127.0.0.1:19955]
[DEBUG] Using pooled Channel '[id: 0x492cf9d5, L:/127.0.0.1:57143 - R:localhost/127.0.0.1:19955]' for 'POST' to 'http://localhost:19955/session/1cef1f2d6cb966aa7089c41de076584b/element'
[DEBUG] Using open Channel [id: 0x492cf9d5, L:/127.0.0.1:57143 - R:localhost/127.0.0.1:19955] for POST '/session/1cef1f2d6cb966aa7089c41de076584b/element'
[DEBUG] 

Request DefaultHttpRequest(decodeResult: success, version: HTTP/1.1)
POST /session/1cef1f2d6cb966aa7089c41de076584b/element HTTP/1.1
User-Agent: selenium/4.6.0 (java windows)
Content-Length: 67
Content-Type: application/json; charset=utf-8
host: localhost:19955
accept: */*

Response DefaultHttpResponse(decodeResult: success, version: HTTP/1.1)
HTTP/1.1 200 OK
Content-Type: application/json; charset=utf-8
cache-control: no-cache
content-length: 88

[DEBUG] Adding key: http://localhost:19955 for channel [id: 0x492cf9d5, L:/127.0.0.1:57143 - R:localhost/127.0.0.1:19955]
[DEBUG] Using pooled Channel '[id: 0x492cf9d5, L:/127.0.0.1:57143 - R:localhost/127.0.0.1:19955]' for 'POST' to 'http://localhost:19955/session/1cef1f2d6cb966aa7089c41de076584b/element/22ea3664-b4f5-4cba-8fcd-96d2e29f1d3b/value'
[DEBUG] Using open Channel [id: 0x492cf9d5, L:/127.0.0.1:57143 - R:localhost/127.0.0.1:19955] for POST '/session/1cef1f2d6cb966aa7089c41de076584b/element/22ea3664-b4f5-4cba-8fcd-96d2e29f1d3b/value'
[DEBUG] 

Request DefaultHttpRequest(decodeResult: success, version: HTTP/1.1)
POST /session/1cef1f2d6cb966aa7089c41de076584b/element/22ea3664-b4f5-4cba-8fcd-96d2e29f1d3b/value HTTP/1.1
User-Agent: selenium/4.6.0 (java windows)
Content-Length: 231
Content-Type: application/json; charset=utf-8
host: localhost:19955
accept: */*

Response DefaultHttpResponse(decodeResult: success, version: HTTP/1.1)
HTTP/1.1 200 OK
Content-Type: application/json; charset=utf-8
cache-control: no-cache
content-length: 14

[DEBUG] Adding key: http://localhost:19955 for channel [id: 0x492cf9d5, L:/127.0.0.1:57143 - R:localhost/127.0.0.1:19955]
[DEBUG] Using pooled Channel '[id: 0x492cf9d5, L:/127.0.0.1:57143 - R:localhost/127.0.0.1:19955]' for 'POST' to 'http://localhost:19955/session/1cef1f2d6cb966aa7089c41de076584b/element'
[DEBUG] Using open Channel [id: 0x492cf9d5, L:/127.0.0.1:57143 - R:localhost/127.0.0.1:19955] for POST '/session/1cef1f2d6cb966aa7089c41de076584b/element'
[DEBUG] 

Request DefaultHttpRequest(decodeResult: success, version: HTTP/1.1)
POST /session/1cef1f2d6cb966aa7089c41de076584b/element HTTP/1.1
User-Agent: selenium/4.6.0 (java windows)
Content-Length: 70
Content-Type: application/json; charset=utf-8
host: localhost:19955
accept: */*

Response DefaultHttpResponse(decodeResult: success, version: HTTP/1.1)
HTTP/1.1 200 OK
Content-Type: application/json; charset=utf-8
cache-control: no-cache
content-length: 88

[DEBUG] Adding key: http://localhost:19955 for channel [id: 0x492cf9d5, L:/127.0.0.1:57143 - R:localhost/127.0.0.1:19955]
[DEBUG] Using pooled Channel '[id: 0x492cf9d5, L:/127.0.0.1:57143 - R:localhost/127.0.0.1:19955]' for 'POST' to 'http://localhost:19955/session/1cef1f2d6cb966aa7089c41de076584b/element/78cec9c0-b730-44e9-84b6-3282ca8de1f2/clear'
[DEBUG] Using open Channel [id: 0x492cf9d5, L:/127.0.0.1:57143 - R:localhost/127.0.0.1:19955] for POST '/session/1cef1f2d6cb966aa7089c41de076584b/element/78cec9c0-b730-44e9-84b6-3282ca8de1f2/clear'
[DEBUG] 

Request DefaultHttpRequest(decodeResult: success, version: HTTP/1.1)
POST /session/1cef1f2d6cb966aa7089c41de076584b/element/78cec9c0-b730-44e9-84b6-3282ca8de1f2/clear HTTP/1.1
User-Agent: selenium/4.6.0 (java windows)
Content-Length: 50
Content-Type: application/json; charset=utf-8
host: localhost:19955
accept: */*

Response DefaultHttpResponse(decodeResult: success, version: HTTP/1.1)
HTTP/1.1 200 OK
Content-Type: application/json; charset=utf-8
cache-control: no-cache
content-length: 14

[DEBUG] Adding key: http://localhost:19955 for channel [id: 0x492cf9d5, L:/127.0.0.1:57143 - R:localhost/127.0.0.1:19955]
[DEBUG] Using pooled Channel '[id: 0x492cf9d5, L:/127.0.0.1:57143 - R:localhost/127.0.0.1:19955]' for 'POST' to 'http://localhost:19955/session/1cef1f2d6cb966aa7089c41de076584b/element'
[DEBUG] Using open Channel [id: 0x492cf9d5, L:/127.0.0.1:57143 - R:localhost/127.0.0.1:19955] for POST '/session/1cef1f2d6cb966aa7089c41de076584b/element'
[DEBUG] 

Request DefaultHttpRequest(decodeResult: success, version: HTTP/1.1)
POST /session/1cef1f2d6cb966aa7089c41de076584b/element HTTP/1.1
User-Agent: selenium/4.6.0 (java windows)
Content-Length: 70
Content-Type: application/json; charset=utf-8
host: localhost:19955
accept: */*

Response DefaultHttpResponse(decodeResult: success, version: HTTP/1.1)
HTTP/1.1 200 OK
Content-Type: application/json; charset=utf-8
cache-control: no-cache
content-length: 88

[DEBUG] Adding key: http://localhost:19955 for channel [id: 0x492cf9d5, L:/127.0.0.1:57143 - R:localhost/127.0.0.1:19955]
[DEBUG] Using pooled Channel '[id: 0x492cf9d5, L:/127.0.0.1:57143 - R:localhost/127.0.0.1:19955]' for 'POST' to 'http://localhost:19955/session/1cef1f2d6cb966aa7089c41de076584b/element/78cec9c0-b730-44e9-84b6-3282ca8de1f2/value'
[DEBUG] Using open Channel [id: 0x492cf9d5, L:/127.0.0.1:57143 - R:localhost/127.0.0.1:19955] for POST '/session/1cef1f2d6cb966aa7089c41de076584b/element/78cec9c0-b730-44e9-84b6-3282ca8de1f2/value'
[DEBUG] 

Request DefaultHttpRequest(decodeResult: success, version: HTTP/1.1)
POST /session/1cef1f2d6cb966aa7089c41de076584b/element/78cec9c0-b730-44e9-84b6-3282ca8de1f2/value HTTP/1.1
User-Agent: selenium/4.6.0 (java windows)
Content-Length: 191
Content-Type: application/json; charset=utf-8
host: localhost:19955
accept: */*

Response DefaultHttpResponse(decodeResult: success, version: HTTP/1.1)
HTTP/1.1 200 OK
Content-Type: application/json; charset=utf-8
cache-control: no-cache
content-length: 14

[DEBUG] Adding key: http://localhost:19955 for channel [id: 0x492cf9d5, L:/127.0.0.1:57143 - R:localhost/127.0.0.1:19955]
[DEBUG] Using pooled Channel '[id: 0x492cf9d5, L:/127.0.0.1:57143 - R:localhost/127.0.0.1:19955]' for 'POST' to 'http://localhost:19955/session/1cef1f2d6cb966aa7089c41de076584b/element'
[DEBUG] Using open Channel [id: 0x492cf9d5, L:/127.0.0.1:57143 - R:localhost/127.0.0.1:19955] for POST '/session/1cef1f2d6cb966aa7089c41de076584b/element'
[DEBUG] 

Request DefaultHttpRequest(decodeResult: success, version: HTTP/1.1)
POST /session/1cef1f2d6cb966aa7089c41de076584b/element HTTP/1.1
User-Agent: selenium/4.6.0 (java windows)
Content-Length: 71
Content-Type: application/json; charset=utf-8
host: localhost:19955
accept: */*

Response DefaultHttpResponse(decodeResult: success, version: HTTP/1.1)
HTTP/1.1 200 OK
Content-Type: application/json; charset=utf-8
cache-control: no-cache
content-length: 88

[DEBUG] Adding key: http://localhost:19955 for channel [id: 0x492cf9d5, L:/127.0.0.1:57143 - R:localhost/127.0.0.1:19955]
[DEBUG] Using pooled Channel '[id: 0x492cf9d5, L:/127.0.0.1:57143 - R:localhost/127.0.0.1:19955]' for 'POST' to 'http://localhost:19955/session/1cef1f2d6cb966aa7089c41de076584b/element/78040a25-fa5f-45a2-9ea6-cf3523743cae/clear'
[DEBUG] Using open Channel [id: 0x492cf9d5, L:/127.0.0.1:57143 - R:localhost/127.0.0.1:19955] for POST '/session/1cef1f2d6cb966aa7089c41de076584b/element/78040a25-fa5f-45a2-9ea6-cf3523743cae/clear'
[DEBUG] 

Request DefaultHttpRequest(decodeResult: success, version: HTTP/1.1)
POST /session/1cef1f2d6cb966aa7089c41de076584b/element/78040a25-fa5f-45a2-9ea6-cf3523743cae/clear HTTP/1.1
User-Agent: selenium/4.6.0 (java windows)
Content-Length: 50
Content-Type: application/json; charset=utf-8
host: localhost:19955
accept: */*

Response DefaultHttpResponse(decodeResult: success, version: HTTP/1.1)
HTTP/1.1 200 OK
Content-Type: application/json; charset=utf-8
cache-control: no-cache
content-length: 14

[DEBUG] Adding key: http://localhost:19955 for channel [id: 0x492cf9d5, L:/127.0.0.1:57143 - R:localhost/127.0.0.1:19955]
[DEBUG] Using pooled Channel '[id: 0x492cf9d5, L:/127.0.0.1:57143 - R:localhost/127.0.0.1:19955]' for 'POST' to 'http://localhost:19955/session/1cef1f2d6cb966aa7089c41de076584b/element'
[DEBUG] Using open Channel [id: 0x492cf9d5, L:/127.0.0.1:57143 - R:localhost/127.0.0.1:19955] for POST '/session/1cef1f2d6cb966aa7089c41de076584b/element'
[DEBUG] 

Request DefaultHttpRequest(decodeResult: success, version: HTTP/1.1)
POST /session/1cef1f2d6cb966aa7089c41de076584b/element HTTP/1.1
User-Agent: selenium/4.6.0 (java windows)
Content-Length: 71
Content-Type: application/json; charset=utf-8
host: localhost:19955
accept: */*

Response DefaultHttpResponse(decodeResult: success, version: HTTP/1.1)
HTTP/1.1 200 OK
Content-Type: application/json; charset=utf-8
cache-control: no-cache
content-length: 88

[DEBUG] Adding key: http://localhost:19955 for channel [id: 0x492cf9d5, L:/127.0.0.1:57143 - R:localhost/127.0.0.1:19955]
[DEBUG] Using pooled Channel '[id: 0x492cf9d5, L:/127.0.0.1:57143 - R:localhost/127.0.0.1:19955]' for 'POST' to 'http://localhost:19955/session/1cef1f2d6cb966aa7089c41de076584b/element/78040a25-fa5f-45a2-9ea6-cf3523743cae/value'
[DEBUG] Using open Channel [id: 0x492cf9d5, L:/127.0.0.1:57143 - R:localhost/127.0.0.1:19955] for POST '/session/1cef1f2d6cb966aa7089c41de076584b/element/78040a25-fa5f-45a2-9ea6-cf3523743cae/value'
[DEBUG] 

Request DefaultHttpRequest(decodeResult: success, version: HTTP/1.1)
POST /session/1cef1f2d6cb966aa7089c41de076584b/element/78040a25-fa5f-45a2-9ea6-cf3523743cae/value HTTP/1.1
User-Agent: selenium/4.6.0 (java windows)
Content-Length: 171
Content-Type: application/json; charset=utf-8
host: localhost:19955
accept: */*

Response DefaultHttpResponse(decodeResult: success, version: HTTP/1.1)
HTTP/1.1 200 OK
Content-Type: application/json; charset=utf-8
cache-control: no-cache
content-length: 14

[DEBUG] Adding key: http://localhost:19955 for channel [id: 0x492cf9d5, L:/127.0.0.1:57143 - R:localhost/127.0.0.1:19955]
[DEBUG] Using pooled Channel '[id: 0x492cf9d5, L:/127.0.0.1:57143 - R:localhost/127.0.0.1:19955]' for 'POST' to 'http://localhost:19955/session/1cef1f2d6cb966aa7089c41de076584b/element'
[DEBUG] Using open Channel [id: 0x492cf9d5, L:/127.0.0.1:57143 - R:localhost/127.0.0.1:19955] for POST '/session/1cef1f2d6cb966aa7089c41de076584b/element'
[DEBUG] 

Request DefaultHttpRequest(decodeResult: success, version: HTTP/1.1)
POST /session/1cef1f2d6cb966aa7089c41de076584b/element HTTP/1.1
User-Agent: selenium/4.6.0 (java windows)
Content-Length: 70
Content-Type: application/json; charset=utf-8
host: localhost:19955
accept: */*

Response DefaultHttpResponse(decodeResult: success, version: HTTP/1.1)
HTTP/1.1 200 OK
Content-Type: application/json; charset=utf-8
cache-control: no-cache
content-length: 88

[DEBUG] Adding key: http://localhost:19955 for channel [id: 0x492cf9d5, L:/127.0.0.1:57143 - R:localhost/127.0.0.1:19955]
[DEBUG] Using pooled Channel '[id: 0x492cf9d5, L:/127.0.0.1:57143 - R:localhost/127.0.0.1:19955]' for 'POST' to 'http://localhost:19955/session/1cef1f2d6cb966aa7089c41de076584b/element/1696ace5-aa73-4317-988e-d8588920d27f/clear'
[DEBUG] Using open Channel [id: 0x492cf9d5, L:/127.0.0.1:57143 - R:localhost/127.0.0.1:19955] for POST '/session/1cef1f2d6cb966aa7089c41de076584b/element/1696ace5-aa73-4317-988e-d8588920d27f/clear'
[DEBUG] 

Request DefaultHttpRequest(decodeResult: success, version: HTTP/1.1)
POST /session/1cef1f2d6cb966aa7089c41de076584b/element/1696ace5-aa73-4317-988e-d8588920d27f/clear HTTP/1.1
User-Agent: selenium/4.6.0 (java windows)
Content-Length: 50
Content-Type: application/json; charset=utf-8
host: localhost:19955
accept: */*

Response DefaultHttpResponse(decodeResult: success, version: HTTP/1.1)
HTTP/1.1 200 OK
Content-Type: application/json; charset=utf-8
cache-control: no-cache
content-length: 14

[DEBUG] Adding key: http://localhost:19955 for channel [id: 0x492cf9d5, L:/127.0.0.1:57143 - R:localhost/127.0.0.1:19955]
[DEBUG] Using pooled Channel '[id: 0x492cf9d5, L:/127.0.0.1:57143 - R:localhost/127.0.0.1:19955]' for 'POST' to 'http://localhost:19955/session/1cef1f2d6cb966aa7089c41de076584b/element'
[DEBUG] Using open Channel [id: 0x492cf9d5, L:/127.0.0.1:57143 - R:localhost/127.0.0.1:19955] for POST '/session/1cef1f2d6cb966aa7089c41de076584b/element'
[DEBUG] 

Request DefaultHttpRequest(decodeResult: success, version: HTTP/1.1)
POST /session/1cef1f2d6cb966aa7089c41de076584b/element HTTP/1.1
User-Agent: selenium/4.6.0 (java windows)
Content-Length: 70
Content-Type: application/json; charset=utf-8
host: localhost:19955
accept: */*

Response DefaultHttpResponse(decodeResult: success, version: HTTP/1.1)
HTTP/1.1 200 OK
Content-Type: application/json; charset=utf-8
cache-control: no-cache
content-length: 88

[DEBUG] Adding key: http://localhost:19955 for channel [id: 0x492cf9d5, L:/127.0.0.1:57143 - R:localhost/127.0.0.1:19955]
[DEBUG] Using pooled Channel '[id: 0x492cf9d5, L:/127.0.0.1:57143 - R:localhost/127.0.0.1:19955]' for 'POST' to 'http://localhost:19955/session/1cef1f2d6cb966aa7089c41de076584b/element/1696ace5-aa73-4317-988e-d8588920d27f/value'
[DEBUG] Using open Channel [id: 0x492cf9d5, L:/127.0.0.1:57143 - R:localhost/127.0.0.1:19955] for POST '/session/1cef1f2d6cb966aa7089c41de076584b/element/1696ace5-aa73-4317-988e-d8588920d27f/value'
[DEBUG] Entry count for : http://localhost:57145 : 1
[DEBUG] 

Request DefaultHttpRequest(decodeResult: success, version: HTTP/1.1)
POST /session/1cef1f2d6cb966aa7089c41de076584b/element/1696ace5-aa73-4317-988e-d8588920d27f/value HTTP/1.1
User-Agent: selenium/4.6.0 (java windows)
Content-Length: 171
Content-Type: application/json; charset=utf-8
host: localhost:19955
accept: */*

Response DefaultHttpResponse(decodeResult: success, version: HTTP/1.1)
HTTP/1.1 200 OK
Content-Type: application/json; charset=utf-8
cache-control: no-cache
content-length: 14

[DEBUG] Adding key: http://localhost:19955 for channel [id: 0x492cf9d5, L:/127.0.0.1:57143 - R:localhost/127.0.0.1:19955]
[DEBUG] Using pooled Channel '[id: 0x492cf9d5, L:/127.0.0.1:57143 - R:localhost/127.0.0.1:19955]' for 'POST' to 'http://localhost:19955/session/1cef1f2d6cb966aa7089c41de076584b/element'
[DEBUG] Using open Channel [id: 0x492cf9d5, L:/127.0.0.1:57143 - R:localhost/127.0.0.1:19955] for POST '/session/1cef1f2d6cb966aa7089c41de076584b/element'
[DEBUG] 

Request DefaultHttpRequest(decodeResult: success, version: HTTP/1.1)
POST /session/1cef1f2d6cb966aa7089c41de076584b/element HTTP/1.1
User-Agent: selenium/4.6.0 (java windows)
Content-Length: 73
Content-Type: application/json; charset=utf-8
host: localhost:19955
accept: */*

Response DefaultHttpResponse(decodeResult: success, version: HTTP/1.1)
HTTP/1.1 200 OK
Content-Type: application/json; charset=utf-8
cache-control: no-cache
content-length: 88

[DEBUG] Adding key: http://localhost:19955 for channel [id: 0x492cf9d5, L:/127.0.0.1:57143 - R:localhost/127.0.0.1:19955]
[DEBUG] Using pooled Channel '[id: 0x492cf9d5, L:/127.0.0.1:57143 - R:localhost/127.0.0.1:19955]' for 'POST' to 'http://localhost:19955/session/1cef1f2d6cb966aa7089c41de076584b/element/4a97843a-79dd-4b88-93ff-17436cf5dbb2/click'
[DEBUG] Using open Channel [id: 0x492cf9d5, L:/127.0.0.1:57143 - R:localhost/127.0.0.1:19955] for POST '/session/1cef1f2d6cb966aa7089c41de076584b/element/4a97843a-79dd-4b88-93ff-17436cf5dbb2/click'
[DEBUG] 

Request DefaultHttpRequest(decodeResult: success, version: HTTP/1.1)
POST /session/1cef1f2d6cb966aa7089c41de076584b/element/4a97843a-79dd-4b88-93ff-17436cf5dbb2/click HTTP/1.1
User-Agent: selenium/4.6.0 (java windows)
Content-Length: 50
Content-Type: application/json; charset=utf-8
host: localhost:19955
accept: */*

Response DefaultHttpResponse(decodeResult: success, version: HTTP/1.1)
HTTP/1.1 200 OK
Content-Type: application/json; charset=utf-8
cache-control: no-cache
content-length: 14

[DEBUG] Adding key: http://localhost:19955 for channel [id: 0x492cf9d5, L:/127.0.0.1:57143 - R:localhost/127.0.0.1:19955]
[INFO ] 2023-01-31 13:33:17.598 [main] StepDef - customer Information has been filled  succesfully
[DEBUG] Using pooled Channel '[id: 0x492cf9d5, L:/127.0.0.1:57143 - R:localhost/127.0.0.1:19955]' for 'POST' to 'http://localhost:19955/session/1cef1f2d6cb966aa7089c41de076584b/element'
[DEBUG] Using open Channel [id: 0x492cf9d5, L:/127.0.0.1:57143 - R:localhost/127.0.0.1:19955] for POST '/session/1cef1f2d6cb966aa7089c41de076584b/element'
[DEBUG] 

Request DefaultHttpRequest(decodeResult: success, version: HTTP/1.1)
POST /session/1cef1f2d6cb966aa7089c41de076584b/element HTTP/1.1
User-Agent: selenium/4.6.0 (java windows)
Content-Length: 69
Content-Type: application/json; charset=utf-8
host: localhost:19955
accept: */*

Response DefaultHttpResponse(decodeResult: success, version: HTTP/1.1)
HTTP/1.1 200 OK
Content-Type: application/json; charset=utf-8
cache-control: no-cache
content-length: 88

[DEBUG] Adding key: http://localhost:19955 for channel [id: 0x492cf9d5, L:/127.0.0.1:57143 - R:localhost/127.0.0.1:19955]
[DEBUG] Using pooled Channel '[id: 0x492cf9d5, L:/127.0.0.1:57143 - R:localhost/127.0.0.1:19955]' for 'POST' to 'http://localhost:19955/session/1cef1f2d6cb966aa7089c41de076584b/element/8ab5594c-1fd0-42cd-933d-71950cf2692e/click'
[DEBUG] Using open Channel [id: 0x492cf9d5, L:/127.0.0.1:57143 - R:localhost/127.0.0.1:19955] for POST '/session/1cef1f2d6cb966aa7089c41de076584b/element/8ab5594c-1fd0-42cd-933d-71950cf2692e/click'
[DEBUG] Entry count for : http://localhost:57145 : 1
[DEBUG] Entry count for : http://localhost:57145 : 1
[DEBUG] 

Request DefaultHttpRequest(decodeResult: success, version: HTTP/1.1)
POST /session/1cef1f2d6cb966aa7089c41de076584b/element/8ab5594c-1fd0-42cd-933d-71950cf2692e/click HTTP/1.1
User-Agent: selenium/4.6.0 (java windows)
Content-Length: 50
Content-Type: application/json; charset=utf-8
host: localhost:19955
accept: */*

Response DefaultHttpResponse(decodeResult: success, version: HTTP/1.1)
HTTP/1.1 200 OK
Content-Type: application/json; charset=utf-8
cache-control: no-cache
content-length: 14

[DEBUG] Adding key: http://localhost:19955 for channel [id: 0x492cf9d5, L:/127.0.0.1:57143 - R:localhost/127.0.0.1:19955]
[INFO ] 2023-01-31 13:33:20.201 [main] StepDef - CLicked on Save Btn succesfully
[DEBUG] Using pooled Channel '[id: 0x492cf9d5, L:/127.0.0.1:57143 - R:localhost/127.0.0.1:19955]' for 'POST' to 'http://localhost:19955/session/1cef1f2d6cb966aa7089c41de076584b/element'
[DEBUG] Using open Channel [id: 0x492cf9d5, L:/127.0.0.1:57143 - R:localhost/127.0.0.1:19955] for POST '/session/1cef1f2d6cb966aa7089c41de076584b/element'
[DEBUG] 

Request DefaultHttpRequest(decodeResult: success, version: HTTP/1.1)
POST /session/1cef1f2d6cb966aa7089c41de076584b/element HTTP/1.1
User-Agent: selenium/4.6.0 (java windows)
Content-Length: 44
Content-Type: application/json; charset=utf-8
host: localhost:19955
accept: */*

Response DefaultHttpResponse(decodeResult: success, version: HTTP/1.1)
HTTP/1.1 200 OK
Content-Type: application/json; charset=utf-8
cache-control: no-cache
content-length: 88

[DEBUG] Adding key: http://localhost:19955 for channel [id: 0x492cf9d5, L:/127.0.0.1:57143 - R:localhost/127.0.0.1:19955]
[DEBUG] Using pooled Channel '[id: 0x492cf9d5, L:/127.0.0.1:57143 - R:localhost/127.0.0.1:19955]' for 'GET' to 'http://localhost:19955/session/1cef1f2d6cb966aa7089c41de076584b/element/3d3b59ba-8d3a-4524-b068-85c835c18644/text'
[DEBUG] Using open Channel [id: 0x492cf9d5, L:/127.0.0.1:57143 - R:localhost/127.0.0.1:19955] for GET '/session/1cef1f2d6cb966aa7089c41de076584b/element/3d3b59ba-8d3a-4524-b068-85c835c18644/text'
[DEBUG] 

Request DefaultFullHttpRequest(decodeResult: success, version: HTTP/1.1, content: EmptyByteBufBE)
GET /session/1cef1f2d6cb966aa7089c41de076584b/element/3d3b59ba-8d3a-4524-b068-85c835c18644/text HTTP/1.1
User-Agent: selenium/4.6.0 (java windows)
Cache-Control: no-cache
Content-Type: application/json; charset=utf-8
host: localhost:19955
accept: */*

Response DefaultHttpResponse(decodeResult: success, version: HTTP/1.1)
HTTP/1.1 200 OK
Content-Type: application/json; charset=utf-8
cache-control: no-cache
content-length: 1311

[DEBUG] Adding key: http://localhost:19955 for channel [id: 0x492cf9d5, L:/127.0.0.1:57143 - R:localhost/127.0.0.1:19955]
User has not created new account because details were wrong
[INFO ] 2023-01-31 13:33:20.619 [main] StepDef - "User has not created new account because details were wrong"
[DEBUG] Using pooled Channel '[id: 0x492cf9d5, L:/127.0.0.1:57143 - R:localhost/127.0.0.1:19955]' for 'DELETE' to 'http://localhost:19955/session/1cef1f2d6cb966aa7089c41de076584b/window'
[DEBUG] Using open Channel [id: 0x492cf9d5, L:/127.0.0.1:57143 - R:localhost/127.0.0.1:19955] for DELETE '/session/1cef1f2d6cb966aa7089c41de076584b/window'
[DEBUG] Entry count for : http://localhost:57145 : 1
[DEBUG] Unexpected I/O exception on channel [id: 0xf9556417, L:/127.0.0.1:57154 - R:localhost/127.0.0.1:57145]
java.io.IOException: An existing connection was forcibly closed by the remote host
	at sun.nio.ch.SocketDispatcher.read0(Native Method) ~[na:1.8.0_202]
	at sun.nio.ch.SocketDispatcher.read(SocketDispatcher.java:43) ~[na:1.8.0_202]
	at sun.nio.ch.IOUtil.readIntoNativeBuffer(IOUtil.java:223) ~[na:1.8.0_202]
	at sun.nio.ch.IOUtil.read(IOUtil.java:192) ~[na:1.8.0_202]
	at sun.nio.ch.SocketChannelImpl.read(SocketChannelImpl.java:380) ~[na:1.8.0_202]
	at io.netty.buffer.PooledByteBuf.setBytes(PooledByteBuf.java:259) ~[netty-buffer-4.1.84.Final.jar:4.1.84.Final]
	at io.netty.buffer.AbstractByteBuf.writeBytes(AbstractByteBuf.java:1132) ~[netty-buffer-4.1.84.Final.jar:4.1.84.Final]
	at io.netty.channel.socket.nio.NioSocketChannel.doReadBytes(NioSocketChannel.java:357) ~[netty-transport-4.1.84.Final.jar:4.1.84.Final]
	at io.netty.channel.nio.AbstractNioByteChannel$NioByteUnsafe.read(AbstractNioByteChannel.java:151) ~[netty-transport-4.1.84.Final.jar:4.1.84.Final]
	at io.netty.channel.nio.NioEventLoop.processSelectedKey(NioEventLoop.java:788) [netty-transport-4.1.84.Final.jar:4.1.84.Final]
	at io.netty.channel.nio.NioEventLoop.processSelectedKeysOptimized(NioEventLoop.java:724) [netty-transport-4.1.84.Final.jar:4.1.84.Final]
	at io.netty.channel.nio.NioEventLoop.processSelectedKeys(NioEventLoop.java:650) [netty-transport-4.1.84.Final.jar:4.1.84.Final]
	at io.netty.channel.nio.NioEventLoop.run(NioEventLoop.java:562) [netty-transport-4.1.84.Final.jar:4.1.84.Final]
	at io.netty.util.concurrent.SingleThreadEventExecutor$4.run(SingleThreadEventExecutor.java:997) [netty-common-4.1.84.Final.jar:4.1.84.Final]
	at io.netty.util.internal.ThreadExecutorMap$2.run(ThreadExecutorMap.java:74) [netty-common-4.1.84.Final.jar:4.1.84.Final]
	at io.netty.util.concurrent.FastThreadLocalRunnable.run(FastThreadLocalRunnable.java:30) [netty-common-4.1.84.Final.jar:4.1.84.Final]
	at java.lang.Thread.run(Thread.java:748) [na:1.8.0_202]
[DEBUG] Unexpected I/O exception on channel [id: 0x87a2bc0d, L:/127.0.0.1:57152 - R:localhost/127.0.0.1:57145]
java.io.IOException: An existing connection was forcibly closed by the remote host
	at sun.nio.ch.SocketDispatcher.read0(Native Method) ~[na:1.8.0_202]
	at sun.nio.ch.SocketDispatcher.read(SocketDispatcher.java:43) ~[na:1.8.0_202]
	at sun.nio.ch.IOUtil.readIntoNativeBuffer(IOUtil.java:223) ~[na:1.8.0_202]
	at sun.nio.ch.IOUtil.read(IOUtil.java:192) ~[na:1.8.0_202]
	at sun.nio.ch.SocketChannelImpl.read(SocketChannelImpl.java:380) ~[na:1.8.0_202]
	at io.netty.buffer.PooledByteBuf.setBytes(PooledByteBuf.java:259) ~[netty-buffer-4.1.84.Final.jar:4.1.84.Final]
	at io.netty.buffer.AbstractByteBuf.writeBytes(AbstractByteBuf.java:1132) ~[netty-buffer-4.1.84.Final.jar:4.1.84.Final]
	at io.netty.channel.socket.nio.NioSocketChannel.doReadBytes(NioSocketChannel.java:357) ~[netty-transport-4.1.84.Final.jar:4.1.84.Final]
	at io.netty.channel.nio.AbstractNioByteChannel$NioByteUnsafe.read(AbstractNioByteChannel.java:151) ~[netty-transport-4.1.84.Final.jar:4.1.84.Final]
	at io.netty.channel.nio.NioEventLoop.processSelectedKey(NioEventLoop.java:788) [netty-transport-4.1.84.Final.jar:4.1.84.Final]
	at io.netty.channel.nio.NioEventLoop.processSelectedKeysOptimized(NioEventLoop.java:724) [netty-transport-4.1.84.Final.jar:4.1.84.Final]
	at io.netty.channel.nio.NioEventLoop.processSelectedKeys(NioEventLoop.java:650) [netty-transport-4.1.84.Final.jar:4.1.84.Final]
	at io.netty.channel.nio.NioEventLoop.run(NioEventLoop.java:562) [netty-transport-4.1.84.Final.jar:4.1.84.Final]
	at io.netty.util.concurrent.SingleThreadEventExecutor$4.run(SingleThreadEventExecutor.java:997) [netty-common-4.1.84.Final.jar:4.1.84.Final]
	at io.netty.util.internal.ThreadExecutorMap$2.run(ThreadExecutorMap.java:74) [netty-common-4.1.84.Final.jar:4.1.84.Final]
	at io.netty.util.concurrent.FastThreadLocalRunnable.run(FastThreadLocalRunnable.java:30) [netty-common-4.1.84.Final.jar:4.1.84.Final]
	at java.lang.Thread.run(Thread.java:748) [na:1.8.0_202]
[DEBUG] Closing Channel [id: 0x87a2bc0d, L:/127.0.0.1:57152 - R:localhost/127.0.0.1:57145] 
[DEBUG] Trying to recover from dead Channel: [id: 0xf9556417, L:/127.0.0.1:57154 - R:localhost/127.0.0.1:57145]
[DEBUG] Channel Closed: [id: 0xf9556417, L:/127.0.0.1:57154 ! R:localhost/127.0.0.1:57145] with attribute NettyResponseFuture{currentRetry=0,
	isDone=1,
	isCancelled=0,
	asyncHandler=org.asynchttpclient.ws.WebSocketUpgradeHandler@18caae26,
	nettyRequest=org.asynchttpclient.netty.request.NettyRequest@6693bf5b,
	future=java.util.concurrent.CompletableFuture@3b933e3d[Completed normally],
	uri=ws://localhost:57145/devtools/browser/da1d9451-694e-4f01-921b-f206588080d7,
	keepAlive=true,
	redirectCount=0,
	timeoutsHolder=null,
	inAuth=0,
	touch=1675152200793}
[DEBUG] Closing Channel [id: 0xf9556417, L:/127.0.0.1:57154 ! R:localhost/127.0.0.1:57145] 
[DEBUG] Channel Closed: [id: 0x87a2bc0d, L:/127.0.0.1:57152 ! R:localhost/127.0.0.1:57145] with attribute DISCARD
[DEBUG] 

Request DefaultFullHttpRequest(decodeResult: success, version: HTTP/1.1, content: EmptyByteBufBE)
DELETE /session/1cef1f2d6cb966aa7089c41de076584b/window HTTP/1.1
User-Agent: selenium/4.6.0 (java windows)
Content-Type: application/json; charset=utf-8
host: localhost:19955
accept: */*

Response DefaultHttpResponse(decodeResult: success, version: HTTP/1.1)
HTTP/1.1 200 OK
Content-Type: application/json; charset=utf-8
cache-control: no-cache
content-length: 12

[DEBUG] Adding key: http://localhost:19955 for channel [id: 0x492cf9d5, L:/127.0.0.1:57143 - R:localhost/127.0.0.1:19955]
[INFO ] 2023-01-31 13:33:20.813 [main] StepDef - Browser has been closed succesfully
]]></system-out>
    <system-err><![CDATA[Starting ChromeDriver 109.0.5414.74 (e7c5703604daa9cc128ccf5a5d3e993513758913-refs/branch-heads/5414@{#1172}) on port 19955
Only local connections are allowed.
Please see https://chromedriver.chromium.org/security-considerations for suggestions on keeping ChromeDriver safe.
ChromeDriver was started successfully.
Jan 31, 2023 1:32:55 PM org.openqa.selenium.devtools.CdpVersionFinder findNearestMatch
WARNING: Unable to find an exact match for CDP version 109, so returning the closest version found: 107
]]></system-err>
  </testcase>
  <testcase name="runScenario[&quot;Search By Email ID&quot;, &quot;AddNewCustomer&quot;](2)" classname="testRunner.Run" time="22.099">
    <failure message="element not interactable&#10;  (Session info: chrome=109.0.5414.120)&#10;Build info: version: &apos;4.6.0&apos;, revision: &apos;79f1c02ae20&apos;&#10;System info: os.name: &apos;Windows 10&apos;, os.arch: &apos;amd64&apos;, os.version: &apos;10.0&apos;, java.version: &apos;1.8.0_202&apos;&#10;Driver info: org.openqa.selenium.chrome.ChromeDriver&#10;Command: [db2850b623f9611616f7712f672fd480, sendKeysToElement {id=9beb4ecb-b793-4876-ac91-df159bdcb904, value=[Ljava.lang.CharSequence;@4d9754a8}]&#10;Capabilities {acceptInsecureCerts: false, browserName: chrome, browserVersion: 109.0.5414.120, chrome: {chromedriverVersion: 109.0.5414.74 (e7c5703604da..., userDataDir: C:\Users\dell\AppData\Local...}, goog:chromeOptions: {debuggerAddress: localhost:57169}, networkConnectionEnabled: false, pageLoadStrategy: normal, platformName: WINDOWS, proxy: Proxy(), se:cdp: ws://localhost:57169/devtoo..., se:cdpVersion: 109.0.5414.120, setWindowRect: true, strictFileInteractability: false, timeouts: {implicit: 0, pageLoad: 300000, script: 30000}, unhandledPromptBehavior: dismiss and notify, webauthn:extension:credBlob: true, webauthn:extension:largeBlob: true, webauthn:virtualAuthenticators: true}&#10;Element: [[ChromeDriver: chrome on WINDOWS (db2850b623f9611616f7712f672fd480)] -&gt; id: SearchEmail]&#10;Session ID: db2850b623f9611616f7712f672fd480" type="org.openqa.selenium.ElementNotInteractableException"><![CDATA[org.openqa.selenium.ElementNotInteractableException: 
element not interactable
  (Session info: chrome=109.0.5414.120)
Build info: version: '4.6.0', revision: '79f1c02ae20'
System info: os.name: 'Windows 10', os.arch: 'amd64', os.version: '10.0', java.version: '1.8.0_202'
Driver info: org.openqa.selenium.chrome.ChromeDriver
Command: [db2850b623f9611616f7712f672fd480, sendKeysToElement {id=9beb4ecb-b793-4876-ac91-df159bdcb904, value=[Ljava.lang.CharSequence;@4d9754a8}]
Capabilities {acceptInsecureCerts: false, browserName: chrome, browserVersion: 109.0.5414.120, chrome: {chromedriverVersion: 109.0.5414.74 (e7c5703604da..., userDataDir: C:\Users\dell\AppData\Local...}, goog:chromeOptions: {debuggerAddress: localhost:57169}, networkConnectionEnabled: false, pageLoadStrategy: normal, platformName: WINDOWS, proxy: Proxy(), se:cdp: ws://localhost:57169/devtoo..., se:cdpVersion: 109.0.5414.120, setWindowRect: true, strictFileInteractability: false, timeouts: {implicit: 0, pageLoad: 300000, script: 30000}, unhandledPromptBehavior: dismiss and notify, webauthn:extension:credBlob: true, webauthn:extension:largeBlob: true, webauthn:virtualAuthenticators: true}
Element: [[ChromeDriver: chrome on WINDOWS (db2850b623f9611616f7712f672fd480)] -> id: SearchEmail]
Session ID: db2850b623f9611616f7712f672fd480
	at sun.reflect.NativeConstructorAccessorImpl.newInstance0(Native Method)
	at sun.reflect.NativeConstructorAccessorImpl.newInstance(NativeConstructorAccessorImpl.java:62)
	at sun.reflect.DelegatingConstructorAccessorImpl.newInstance(DelegatingConstructorAccessorImpl.java:45)
	at java.lang.reflect.Constructor.newInstance(Constructor.java:423)
	at org.openqa.selenium.remote.codec.w3c.W3CHttpResponseCodec.createException(W3CHttpResponseCodec.java:200)
	at org.openqa.selenium.remote.codec.w3c.W3CHttpResponseCodec.decode(W3CHttpResponseCodec.java:133)
	at org.openqa.selenium.remote.codec.w3c.W3CHttpResponseCodec.decode(W3CHttpResponseCodec.java:53)
	at org.openqa.selenium.remote.HttpCommandExecutor.execute(HttpCommandExecutor.java:184)
	at org.openqa.selenium.remote.service.DriverCommandExecutor.invokeExecute(DriverCommandExecutor.java:167)
	at org.openqa.selenium.remote.service.DriverCommandExecutor.execute(DriverCommandExecutor.java:142)
	at org.openqa.selenium.remote.RemoteWebDriver.execute(RemoteWebDriver.java:541)
	at org.openqa.selenium.remote.RemoteWebElement.execute(RemoteWebElement.java:257)
	at org.openqa.selenium.remote.RemoteWebElement.sendKeys(RemoteWebElement.java:113)
	at sun.reflect.NativeMethodAccessorImpl.invoke0(Native Method)
	at sun.reflect.NativeMethodAccessorImpl.invoke(NativeMethodAccessorImpl.java:62)
	at sun.reflect.DelegatingMethodAccessorImpl.invoke(DelegatingMethodAccessorImpl.java:43)
	at java.lang.reflect.Method.invoke(Method.java:498)
	at org.openqa.selenium.support.pagefactory.internal.LocatingElementHandler.invoke(LocatingElementHandler.java:52)
	at com.sun.proxy.$Proxy39.sendKeys(Unknown Source)
	at pageObject.SearchCustomerPage.EnterEmaiAdd(SearchCustomerPage.java:28)
	at stepDefinition.StepDef.enter_customer_email(StepDef.java:213)
	at ✽.Enter customer Email(file:///D:/new%20projects/BDDCucumber/Features/AddNewcustomer.feature:22)
]]></failure>
    <system-out><![CDATA[[DEBUG] Resolution chrome=109 in cache (valid until 14:07:32 31/01/2023 IST)
[DEBUG] Resolution chrome109=109.0.5414.74 in cache (valid until 18:22:56 31/01/2023 IST)
[INFO] Using chromedriver 109.0.5414.74 (resolved driver for Chrome 109)
[DEBUG] Driver chromedriver 109.0.5414.74 found in cache
[INFO] Exporting webdriver.chrome.driver as C:\Users\dell\.cache\selenium\chromedriver\win32\109.0.5414.74\chromedriver.exe
[DEBUG] Using new Channel '[id: 0x1697e3e0, L:/127.0.0.1:57168 - R:localhost/127.0.0.1:18354]' for 'POST' to '/session'
[DEBUG] Entry count for : http://localhost:19955 : 1
[DEBUG] Entry count for : http://localhost:57145 : 1
[DEBUG] Adding Candidate expired Channel [id: 0x87a2bc0d, L:/127.0.0.1:57152 ! R:localhost/127.0.0.1:57145] isIdleTimeoutExpired=false isRemotelyClosed=true isTtlExpired=false
[DEBUG] Closing Idle Channel [id: 0x87a2bc0d, L:/127.0.0.1:57152 ! R:localhost/127.0.0.1:57145]
[DEBUG] Closed 1 connections out of 2 in 0 ms
[DEBUG] 

Request DefaultHttpRequest(decodeResult: success, version: HTTP/1.1)
POST /session HTTP/1.1
User-Agent: selenium/4.6.0 (java windows)
Content-Length: 365
Content-Type: application/json; charset=utf-8
host: localhost:18354
accept: */*

Response DefaultHttpResponse(decodeResult: success, version: HTTP/1.1)
HTTP/1.1 200 OK
Content-Type: application/json; charset=utf-8
cache-control: no-cache
content-length: 791

[DEBUG] Adding key: http://localhost:18354 for channel [id: 0x1697e3e0, L:/127.0.0.1:57168 - R:localhost/127.0.0.1:18354]
[DEBUG] Using new Channel '[id: 0x9b65f2f1, L:/127.0.0.1:57174 - R:localhost/127.0.0.1:57169]' for 'GET' to '/json/version'
[DEBUG] 

Request DefaultFullHttpRequest(decodeResult: success, version: HTTP/1.1, content: EmptyByteBufBE)
GET /json/version HTTP/1.1
User-Agent: selenium/4.6.0 (java windows)
host: localhost:57169
accept: */*

Response DefaultHttpResponse(decodeResult: success, version: HTTP/1.1)
HTTP/1.1 200 OK
Content-Type: application/json; charset=UTF-8
content-length: 424

[DEBUG] Adding key: http://localhost:57169 for channel [id: 0x9b65f2f1, L:/127.0.0.1:57174 - R:localhost/127.0.0.1:57169]
[DEBUG] Using new Channel '[id: 0x88e8b3ed, L:/127.0.0.1:57175 - R:localhost/127.0.0.1:57169]' for 'GET' to '/devtools/browser/cd72401f-3428-4c47-8807-0e456018fc83'
[DEBUG] 

Request DefaultFullHttpRequest(decodeResult: success, version: HTTP/1.1, content: EmptyByteBufBE)
GET /devtools/browser/cd72401f-3428-4c47-8807-0e456018fc83 HTTP/1.1
upgrade: websocket
connection: upgrade
sec-websocket-key: ZqamJstCRwZsG+cdGI1tPw==
sec-websocket-version: 13
origin: http://localhost:57169
host: localhost:57169
accept: */*
user-agent: AHC/2.1

Response DefaultHttpResponse(decodeResult: success, version: HTTP/1.1)
HTTP/1.1 101 WebSocket Protocol Handshake
Upgrade: WebSocket
Connection: Upgrade
Sec-WebSocket-Accept: AGZMZaGe24cpHpo5MlTd7toRs2I=

[INFO ] 2023-01-31 13:33:22.474 [main] StepDef - Browser has been launched 
[DEBUG] Using pooled Channel '[id: 0x1697e3e0, L:/127.0.0.1:57168 - R:localhost/127.0.0.1:18354]' for 'POST' to 'http://localhost:18354/session/db2850b623f9611616f7712f672fd480/url'
[DEBUG] Using open Channel [id: 0x1697e3e0, L:/127.0.0.1:57168 - R:localhost/127.0.0.1:18354] for POST '/session/db2850b623f9611616f7712f672fd480/url'
[DEBUG] Entry count for : http://localhost:19955 : 1
[DEBUG] Entry count for : http://localhost:57169 : 1
[DEBUG] Entry count for : http://localhost:19955 : 1
[DEBUG] Entry count for : http://localhost:57169 : 1
[DEBUG] Entry count for : http://localhost:19955 : 1
[DEBUG] Entry count for : http://localhost:57169 : 1
[DEBUG] Entry count for : http://localhost:19955 : 1
[DEBUG] Entry count for : http://localhost:57169 : 1
[DEBUG] 

Request DefaultHttpRequest(decodeResult: success, version: HTTP/1.1)
POST /session/db2850b623f9611616f7712f672fd480/url HTTP/1.1
User-Agent: selenium/4.6.0 (java windows)
Content-Length: 69
Content-Type: application/json; charset=utf-8
host: localhost:18354
accept: */*

Response DefaultHttpResponse(decodeResult: success, version: HTTP/1.1)
HTTP/1.1 200 OK
Content-Type: application/json; charset=utf-8
cache-control: no-cache
content-length: 14

[DEBUG] Adding key: http://localhost:18354 for channel [id: 0x1697e3e0, L:/127.0.0.1:57168 - R:localhost/127.0.0.1:18354]
[INFO ] 2023-01-31 13:33:27.374 [main] StepDef - URL has been hitted succesfullyhttp://admin-demo.nopcommerce.com/login
[DEBUG] Using pooled Channel '[id: 0x1697e3e0, L:/127.0.0.1:57168 - R:localhost/127.0.0.1:18354]' for 'POST' to 'http://localhost:18354/session/db2850b623f9611616f7712f672fd480/element'
[DEBUG] Using open Channel [id: 0x1697e3e0, L:/127.0.0.1:57168 - R:localhost/127.0.0.1:18354] for POST '/session/db2850b623f9611616f7712f672fd480/element'
[DEBUG] Entry count for : http://localhost:19955 : 1
[DEBUG] Entry count for : http://localhost:57169 : 1
[DEBUG] 

Request DefaultHttpRequest(decodeResult: success, version: HTTP/1.1)
POST /session/db2850b623f9611616f7712f672fd480/element HTTP/1.1
User-Agent: selenium/4.6.0 (java windows)
Content-Length: 50
Content-Type: application/json; charset=utf-8
host: localhost:18354
accept: */*

Response DefaultHttpResponse(decodeResult: success, version: HTTP/1.1)
HTTP/1.1 200 OK
Content-Type: application/json; charset=utf-8
cache-control: no-cache
content-length: 88

[DEBUG] Adding key: http://localhost:18354 for channel [id: 0x1697e3e0, L:/127.0.0.1:57168 - R:localhost/127.0.0.1:18354]
[DEBUG] Using pooled Channel '[id: 0x1697e3e0, L:/127.0.0.1:57168 - R:localhost/127.0.0.1:18354]' for 'POST' to 'http://localhost:18354/session/db2850b623f9611616f7712f672fd480/element/a63d86b4-2feb-4471-85e1-b73988a3cdd9/clear'
[DEBUG] Using open Channel [id: 0x1697e3e0, L:/127.0.0.1:57168 - R:localhost/127.0.0.1:18354] for POST '/session/db2850b623f9611616f7712f672fd480/element/a63d86b4-2feb-4471-85e1-b73988a3cdd9/clear'
[DEBUG] 

Request DefaultHttpRequest(decodeResult: success, version: HTTP/1.1)
POST /session/db2850b623f9611616f7712f672fd480/element/a63d86b4-2feb-4471-85e1-b73988a3cdd9/clear HTTP/1.1
User-Agent: selenium/4.6.0 (java windows)
Content-Length: 50
Content-Type: application/json; charset=utf-8
host: localhost:18354
accept: */*

Response DefaultHttpResponse(decodeResult: success, version: HTTP/1.1)
HTTP/1.1 200 OK
Content-Type: application/json; charset=utf-8
cache-control: no-cache
content-length: 14

[DEBUG] Adding key: http://localhost:18354 for channel [id: 0x1697e3e0, L:/127.0.0.1:57168 - R:localhost/127.0.0.1:18354]
[DEBUG] Using pooled Channel '[id: 0x1697e3e0, L:/127.0.0.1:57168 - R:localhost/127.0.0.1:18354]' for 'POST' to 'http://localhost:18354/session/db2850b623f9611616f7712f672fd480/element'
[DEBUG] Using open Channel [id: 0x1697e3e0, L:/127.0.0.1:57168 - R:localhost/127.0.0.1:18354] for POST '/session/db2850b623f9611616f7712f672fd480/element'
[DEBUG] 

Request DefaultHttpRequest(decodeResult: success, version: HTTP/1.1)
POST /session/db2850b623f9611616f7712f672fd480/element HTTP/1.1
User-Agent: selenium/4.6.0 (java windows)
Content-Length: 50
Content-Type: application/json; charset=utf-8
host: localhost:18354
accept: */*

Response DefaultHttpResponse(decodeResult: success, version: HTTP/1.1)
HTTP/1.1 200 OK
Content-Type: application/json; charset=utf-8
cache-control: no-cache
content-length: 88

[DEBUG] Adding key: http://localhost:18354 for channel [id: 0x1697e3e0, L:/127.0.0.1:57168 - R:localhost/127.0.0.1:18354]
[DEBUG] Using pooled Channel '[id: 0x1697e3e0, L:/127.0.0.1:57168 - R:localhost/127.0.0.1:18354]' for 'POST' to 'http://localhost:18354/session/db2850b623f9611616f7712f672fd480/element/a63d86b4-2feb-4471-85e1-b73988a3cdd9/value'
[DEBUG] Using open Channel [id: 0x1697e3e0, L:/127.0.0.1:57168 - R:localhost/127.0.0.1:18354] for POST '/session/db2850b623f9611616f7712f672fd480/element/a63d86b4-2feb-4471-85e1-b73988a3cdd9/value'
[DEBUG] 

Request DefaultHttpRequest(decodeResult: success, version: HTTP/1.1)
POST /session/db2850b623f9611616f7712f672fd480/element/a63d86b4-2feb-4471-85e1-b73988a3cdd9/value HTTP/1.1
User-Agent: selenium/4.6.0 (java windows)
Content-Length: 271
Content-Type: application/json; charset=utf-8
host: localhost:18354
accept: */*

Response DefaultHttpResponse(decodeResult: success, version: HTTP/1.1)
HTTP/1.1 200 OK
Content-Type: application/json; charset=utf-8
cache-control: no-cache
content-length: 14

[DEBUG] Adding key: http://localhost:18354 for channel [id: 0x1697e3e0, L:/127.0.0.1:57168 - R:localhost/127.0.0.1:18354]
[INFO ] 2023-01-31 13:33:27.544 [main] StepDef - Email Entered succesfully 
[DEBUG] Using pooled Channel '[id: 0x1697e3e0, L:/127.0.0.1:57168 - R:localhost/127.0.0.1:18354]' for 'POST' to 'http://localhost:18354/session/db2850b623f9611616f7712f672fd480/element'
[DEBUG] Using open Channel [id: 0x1697e3e0, L:/127.0.0.1:57168 - R:localhost/127.0.0.1:18354] for POST '/session/db2850b623f9611616f7712f672fd480/element'
[DEBUG] 

Request DefaultHttpRequest(decodeResult: success, version: HTTP/1.1)
POST /session/db2850b623f9611616f7712f672fd480/element HTTP/1.1
User-Agent: selenium/4.6.0 (java windows)
Content-Length: 53
Content-Type: application/json; charset=utf-8
host: localhost:18354
accept: */*

Response DefaultHttpResponse(decodeResult: success, version: HTTP/1.1)
HTTP/1.1 200 OK
Content-Type: application/json; charset=utf-8
cache-control: no-cache
content-length: 88

[DEBUG] Adding key: http://localhost:18354 for channel [id: 0x1697e3e0, L:/127.0.0.1:57168 - R:localhost/127.0.0.1:18354]
[DEBUG] Using pooled Channel '[id: 0x1697e3e0, L:/127.0.0.1:57168 - R:localhost/127.0.0.1:18354]' for 'POST' to 'http://localhost:18354/session/db2850b623f9611616f7712f672fd480/element/fafa6093-b8df-497e-b6d4-742c88a08ad7/clear'
[DEBUG] Using open Channel [id: 0x1697e3e0, L:/127.0.0.1:57168 - R:localhost/127.0.0.1:18354] for POST '/session/db2850b623f9611616f7712f672fd480/element/fafa6093-b8df-497e-b6d4-742c88a08ad7/clear'
[DEBUG] 

Request DefaultHttpRequest(decodeResult: success, version: HTTP/1.1)
POST /session/db2850b623f9611616f7712f672fd480/element/fafa6093-b8df-497e-b6d4-742c88a08ad7/clear HTTP/1.1
User-Agent: selenium/4.6.0 (java windows)
Content-Length: 50
Content-Type: application/json; charset=utf-8
host: localhost:18354
accept: */*

Response DefaultHttpResponse(decodeResult: success, version: HTTP/1.1)
HTTP/1.1 200 OK
Content-Type: application/json; charset=utf-8
cache-control: no-cache
content-length: 14

[DEBUG] Adding key: http://localhost:18354 for channel [id: 0x1697e3e0, L:/127.0.0.1:57168 - R:localhost/127.0.0.1:18354]
[DEBUG] Using pooled Channel '[id: 0x1697e3e0, L:/127.0.0.1:57168 - R:localhost/127.0.0.1:18354]' for 'POST' to 'http://localhost:18354/session/db2850b623f9611616f7712f672fd480/element'
[DEBUG] Using open Channel [id: 0x1697e3e0, L:/127.0.0.1:57168 - R:localhost/127.0.0.1:18354] for POST '/session/db2850b623f9611616f7712f672fd480/element'
[DEBUG] 

Request DefaultHttpRequest(decodeResult: success, version: HTTP/1.1)
POST /session/db2850b623f9611616f7712f672fd480/element HTTP/1.1
User-Agent: selenium/4.6.0 (java windows)
Content-Length: 53
Content-Type: application/json; charset=utf-8
host: localhost:18354
accept: */*

Response DefaultHttpResponse(decodeResult: success, version: HTTP/1.1)
HTTP/1.1 200 OK
Content-Type: application/json; charset=utf-8
cache-control: no-cache
content-length: 88

[DEBUG] Adding key: http://localhost:18354 for channel [id: 0x1697e3e0, L:/127.0.0.1:57168 - R:localhost/127.0.0.1:18354]
[DEBUG] Using pooled Channel '[id: 0x1697e3e0, L:/127.0.0.1:57168 - R:localhost/127.0.0.1:18354]' for 'POST' to 'http://localhost:18354/session/db2850b623f9611616f7712f672fd480/element/fafa6093-b8df-497e-b6d4-742c88a08ad7/value'
[DEBUG] Using open Channel [id: 0x1697e3e0, L:/127.0.0.1:57168 - R:localhost/127.0.0.1:18354] for POST '/session/db2850b623f9611616f7712f672fd480/element/fafa6093-b8df-497e-b6d4-742c88a08ad7/value'
[DEBUG] 

Request DefaultHttpRequest(decodeResult: success, version: HTTP/1.1)
POST /session/db2850b623f9611616f7712f672fd480/element/fafa6093-b8df-497e-b6d4-742c88a08ad7/value HTTP/1.1
User-Agent: selenium/4.6.0 (java windows)
Content-Length: 131
Content-Type: application/json; charset=utf-8
host: localhost:18354
accept: */*

Response DefaultHttpResponse(decodeResult: success, version: HTTP/1.1)
HTTP/1.1 200 OK
Content-Type: application/json; charset=utf-8
cache-control: no-cache
content-length: 14

[DEBUG] Adding key: http://localhost:18354 for channel [id: 0x1697e3e0, L:/127.0.0.1:57168 - R:localhost/127.0.0.1:18354]
[INFO ] 2023-01-31 13:33:27.702 [main] StepDef - Password  Entered succesfully 
[DEBUG] Using pooled Channel '[id: 0x1697e3e0, L:/127.0.0.1:57168 - R:localhost/127.0.0.1:18354]' for 'POST' to 'http://localhost:18354/session/db2850b623f9611616f7712f672fd480/element'
[DEBUG] Using open Channel [id: 0x1697e3e0, L:/127.0.0.1:57168 - R:localhost/127.0.0.1:18354] for POST '/session/db2850b623f9611616f7712f672fd480/element'
[DEBUG] 

Request DefaultHttpRequest(decodeResult: success, version: HTTP/1.1)
POST /session/db2850b623f9611616f7712f672fd480/element HTTP/1.1
User-Agent: selenium/4.6.0 (java windows)
Content-Length: 71
Content-Type: application/json; charset=utf-8
host: localhost:18354
accept: */*

Response DefaultHttpResponse(decodeResult: success, version: HTTP/1.1)
HTTP/1.1 200 OK
Content-Type: application/json; charset=utf-8
cache-control: no-cache
content-length: 88

[DEBUG] Adding key: http://localhost:18354 for channel [id: 0x1697e3e0, L:/127.0.0.1:57168 - R:localhost/127.0.0.1:18354]
[DEBUG] Using pooled Channel '[id: 0x1697e3e0, L:/127.0.0.1:57168 - R:localhost/127.0.0.1:18354]' for 'POST' to 'http://localhost:18354/session/db2850b623f9611616f7712f672fd480/element/17b377c6-3653-4007-8f0d-2f99912bb477/click'
[DEBUG] Using open Channel [id: 0x1697e3e0, L:/127.0.0.1:57168 - R:localhost/127.0.0.1:18354] for POST '/session/db2850b623f9611616f7712f672fd480/element/17b377c6-3653-4007-8f0d-2f99912bb477/click'
[DEBUG] Entry count for : http://localhost:19955 : 1
[DEBUG] Entry count for : http://localhost:57169 : 1
[DEBUG] Entry count for : http://localhost:19955 : 1
[DEBUG] Entry count for : http://localhost:57169 : 1
[DEBUG] Entry count for : http://localhost:19955 : 1
[DEBUG] Entry count for : http://localhost:57169 : 1
[DEBUG] Entry count for : http://localhost:19955 : 1
[DEBUG] Entry count for : http://localhost:57169 : 1
[DEBUG] Entry count for : http://localhost:19955 : 1
[DEBUG] Entry count for : http://localhost:57169 : 1
[DEBUG] Entry count for : http://localhost:19955 : 1
[DEBUG] Entry count for : http://localhost:57169 : 1
[DEBUG] Entry count for : http://localhost:19955 : 1
[DEBUG] Entry count for : http://localhost:57169 : 1
[DEBUG] Entry count for : http://localhost:19955 : 1
[DEBUG] Entry count for : http://localhost:57169 : 1
[DEBUG] Entry count for : http://localhost:19955 : 1
[DEBUG] Entry count for : http://localhost:57169 : 1
[DEBUG] Entry count for : http://localhost:19955 : 1
[DEBUG] Entry count for : http://localhost:57169 : 1
[DEBUG] 

Request DefaultHttpRequest(decodeResult: success, version: HTTP/1.1)
POST /session/db2850b623f9611616f7712f672fd480/element/17b377c6-3653-4007-8f0d-2f99912bb477/click HTTP/1.1
User-Agent: selenium/4.6.0 (java windows)
Content-Length: 50
Content-Type: application/json; charset=utf-8
host: localhost:18354
accept: */*

Response DefaultHttpResponse(decodeResult: success, version: HTTP/1.1)
HTTP/1.1 200 OK
Content-Type: application/json; charset=utf-8
cache-control: no-cache
content-length: 14

[DEBUG] Adding key: http://localhost:18354 for channel [id: 0x1697e3e0, L:/127.0.0.1:57168 - R:localhost/127.0.0.1:18354]
[INFO ] 2023-01-31 13:33:38.830 [main] StepDef - Clicked on login Button successfully
[DEBUG] Using pooled Channel '[id: 0x1697e3e0, L:/127.0.0.1:57168 - R:localhost/127.0.0.1:18354]' for 'GET' to 'http://localhost:18354/session/db2850b623f9611616f7712f672fd480/title'
[DEBUG] Using open Channel [id: 0x1697e3e0, L:/127.0.0.1:57168 - R:localhost/127.0.0.1:18354] for GET '/session/db2850b623f9611616f7712f672fd480/title'
[DEBUG] 

Request DefaultFullHttpRequest(decodeResult: success, version: HTTP/1.1, content: EmptyByteBufBE)
GET /session/db2850b623f9611616f7712f672fd480/title HTTP/1.1
User-Agent: selenium/4.6.0 (java windows)
Cache-Control: no-cache
Content-Type: application/json; charset=utf-8
host: localhost:18354
accept: */*

Response DefaultHttpResponse(decodeResult: success, version: HTTP/1.1)
HTTP/1.1 200 OK
Content-Type: application/json; charset=utf-8
cache-control: no-cache
content-length: 50

[DEBUG] Adding key: http://localhost:18354 for channel [id: 0x1697e3e0, L:/127.0.0.1:57168 - R:localhost/127.0.0.1:18354]
[DEBUG] Using pooled Channel '[id: 0x1697e3e0, L:/127.0.0.1:57168 - R:localhost/127.0.0.1:18354]' for 'POST' to 'http://localhost:18354/session/db2850b623f9611616f7712f672fd480/element'
[DEBUG] Using open Channel [id: 0x1697e3e0, L:/127.0.0.1:57168 - R:localhost/127.0.0.1:18354] for POST '/session/db2850b623f9611616f7712f672fd480/element'
[DEBUG] 

Request DefaultHttpRequest(decodeResult: success, version: HTTP/1.1)
POST /session/db2850b623f9611616f7712f672fd480/element HTTP/1.1
User-Agent: selenium/4.6.0 (java windows)
Content-Length: 199
Content-Type: application/json; charset=utf-8
host: localhost:18354
accept: */*

Response DefaultHttpResponse(decodeResult: success, version: HTTP/1.1)
HTTP/1.1 200 OK
Content-Type: application/json; charset=utf-8
cache-control: no-cache
content-length: 88

[DEBUG] Adding key: http://localhost:18354 for channel [id: 0x1697e3e0, L:/127.0.0.1:57168 - R:localhost/127.0.0.1:18354]
[DEBUG] Using pooled Channel '[id: 0x1697e3e0, L:/127.0.0.1:57168 - R:localhost/127.0.0.1:18354]' for 'POST' to 'http://localhost:18354/session/db2850b623f9611616f7712f672fd480/element/cae1d106-0a23-4b25-afbd-e35d0016876b/click'
[DEBUG] Using open Channel [id: 0x1697e3e0, L:/127.0.0.1:57168 - R:localhost/127.0.0.1:18354] for POST '/session/db2850b623f9611616f7712f672fd480/element/cae1d106-0a23-4b25-afbd-e35d0016876b/click'
[DEBUG] 

Request DefaultHttpRequest(decodeResult: success, version: HTTP/1.1)
POST /session/db2850b623f9611616f7712f672fd480/element/cae1d106-0a23-4b25-afbd-e35d0016876b/click HTTP/1.1
User-Agent: selenium/4.6.0 (java windows)
Content-Length: 50
Content-Type: application/json; charset=utf-8
host: localhost:18354
accept: */*

Response DefaultHttpResponse(decodeResult: success, version: HTTP/1.1)
HTTP/1.1 200 OK
Content-Type: application/json; charset=utf-8
cache-control: no-cache
content-length: 14

[DEBUG] Adding key: http://localhost:18354 for channel [id: 0x1697e3e0, L:/127.0.0.1:57168 - R:localhost/127.0.0.1:18354]
[INFO ] 2023-01-31 13:33:38.956 [main] StepDef - clicked on customer menu successfully
[DEBUG] Using pooled Channel '[id: 0x1697e3e0, L:/127.0.0.1:57168 - R:localhost/127.0.0.1:18354]' for 'POST' to 'http://localhost:18354/session/db2850b623f9611616f7712f672fd480/element'
[DEBUG] Using open Channel [id: 0x1697e3e0, L:/127.0.0.1:57168 - R:localhost/127.0.0.1:18354] for POST '/session/db2850b623f9611616f7712f672fd480/element'
[DEBUG] 

Request DefaultHttpRequest(decodeResult: success, version: HTTP/1.1)
POST /session/db2850b623f9611616f7712f672fd480/element HTTP/1.1
User-Agent: selenium/4.6.0 (java windows)
Content-Length: 239
Content-Type: application/json; charset=utf-8
host: localhost:18354
accept: */*

Response DefaultHttpResponse(decodeResult: success, version: HTTP/1.1)
HTTP/1.1 200 OK
Content-Type: application/json; charset=utf-8
cache-control: no-cache
content-length: 88

[DEBUG] Adding key: http://localhost:18354 for channel [id: 0x1697e3e0, L:/127.0.0.1:57168 - R:localhost/127.0.0.1:18354]
[DEBUG] Using pooled Channel '[id: 0x1697e3e0, L:/127.0.0.1:57168 - R:localhost/127.0.0.1:18354]' for 'POST' to 'http://localhost:18354/session/db2850b623f9611616f7712f672fd480/element/a7487739-1998-4c46-9d80-15c70ad51e2a/click'
[DEBUG] Using open Channel [id: 0x1697e3e0, L:/127.0.0.1:57168 - R:localhost/127.0.0.1:18354] for POST '/session/db2850b623f9611616f7712f672fd480/element/a7487739-1998-4c46-9d80-15c70ad51e2a/click'
[DEBUG] Entry count for : http://localhost:19955 : 1
[DEBUG] Entry count for : http://localhost:57169 : 1
[DEBUG] Entry count for : http://localhost:19955 : 1
[DEBUG] Entry count for : http://localhost:57169 : 1
[DEBUG] Entry count for : http://localhost:19955 : 1
[DEBUG] Entry count for : http://localhost:57169 : 1
[DEBUG] Entry count for : http://localhost:19955 : 1
[DEBUG] Entry count for : http://localhost:57169 : 1
[DEBUG] 

Request DefaultHttpRequest(decodeResult: success, version: HTTP/1.1)
POST /session/db2850b623f9611616f7712f672fd480/element/a7487739-1998-4c46-9d80-15c70ad51e2a/click HTTP/1.1
User-Agent: selenium/4.6.0 (java windows)
Content-Length: 50
Content-Type: application/json; charset=utf-8
host: localhost:18354
accept: */*

Response DefaultHttpResponse(decodeResult: success, version: HTTP/1.1)
HTTP/1.1 200 OK
Content-Type: application/json; charset=utf-8
cache-control: no-cache
content-length: 14

[DEBUG] Adding key: http://localhost:18354 for channel [id: 0x1697e3e0, L:/127.0.0.1:57168 - R:localhost/127.0.0.1:18354]
[INFO ] 2023-01-31 13:33:42.817 [main] StepDef - CLicked on customer Btn succesfully
[DEBUG] Using pooled Channel '[id: 0x1697e3e0, L:/127.0.0.1:57168 - R:localhost/127.0.0.1:18354]' for 'POST' to 'http://localhost:18354/session/db2850b623f9611616f7712f672fd480/element'
[DEBUG] Using open Channel [id: 0x1697e3e0, L:/127.0.0.1:57168 - R:localhost/127.0.0.1:18354] for POST '/session/db2850b623f9611616f7712f672fd480/element'
[DEBUG] 

Request DefaultHttpRequest(decodeResult: success, version: HTTP/1.1)
POST /session/db2850b623f9611616f7712f672fd480/element HTTP/1.1
User-Agent: selenium/4.6.0 (java windows)
Content-Length: 56
Content-Type: application/json; charset=utf-8
host: localhost:18354
accept: */*

Response DefaultHttpResponse(decodeResult: success, version: HTTP/1.1)
HTTP/1.1 200 OK
Content-Type: application/json; charset=utf-8
cache-control: no-cache
content-length: 88

[DEBUG] Adding key: http://localhost:18354 for channel [id: 0x1697e3e0, L:/127.0.0.1:57168 - R:localhost/127.0.0.1:18354]
[DEBUG] Using pooled Channel '[id: 0x1697e3e0, L:/127.0.0.1:57168 - R:localhost/127.0.0.1:18354]' for 'POST' to 'http://localhost:18354/session/db2850b623f9611616f7712f672fd480/element/9beb4ecb-b793-4876-ac91-df159bdcb904/value'
[DEBUG] Using open Channel [id: 0x1697e3e0, L:/127.0.0.1:57168 - R:localhost/127.0.0.1:18354] for POST '/session/db2850b623f9611616f7712f672fd480/element/9beb4ecb-b793-4876-ac91-df159bdcb904/value'
[DEBUG] 

Request DefaultHttpRequest(decodeResult: success, version: HTTP/1.1)
POST /session/db2850b623f9611616f7712f672fd480/element/9beb4ecb-b793-4876-ac91-df159bdcb904/value HTTP/1.1
User-Agent: selenium/4.6.0 (java windows)
Content-Length: 363
Content-Type: application/json; charset=utf-8
host: localhost:18354
accept: */*

Response DefaultHttpResponse(decodeResult: success, version: HTTP/1.1)
HTTP/1.1 400 Bad Request
Content-Type: application/json; charset=utf-8
cache-control: no-cache
content-length: 914

[DEBUG] Adding key: http://localhost:18354 for channel [id: 0x1697e3e0, L:/127.0.0.1:57168 - R:localhost/127.0.0.1:18354]
[DEBUG] Using pooled Channel '[id: 0x1697e3e0, L:/127.0.0.1:57168 - R:localhost/127.0.0.1:18354]' for 'GET' to 'http://localhost:18354/session/db2850b623f9611616f7712f672fd480/screenshot'
[DEBUG] Using open Channel [id: 0x1697e3e0, L:/127.0.0.1:57168 - R:localhost/127.0.0.1:18354] for GET '/session/db2850b623f9611616f7712f672fd480/screenshot'
[DEBUG] 

Request DefaultFullHttpRequest(decodeResult: success, version: HTTP/1.1, content: EmptyByteBufBE)
GET /session/db2850b623f9611616f7712f672fd480/screenshot HTTP/1.1
User-Agent: selenium/4.6.0 (java windows)
Cache-Control: no-cache
Content-Type: application/json; charset=utf-8
host: localhost:18354
accept: */*

Response DefaultHttpResponse(decodeResult: success, version: HTTP/1.1)
HTTP/1.1 200 OK
Content-Type: application/json; charset=utf-8
cache-control: no-cache
content-length: 43244

[DEBUG] Adding key: http://localhost:18354 for channel [id: 0x1697e3e0, L:/127.0.0.1:57168 - R:localhost/127.0.0.1:18354]
]]></system-out>
    <system-err><![CDATA[Starting ChromeDriver 109.0.5414.74 (e7c5703604daa9cc128ccf5a5d3e993513758913-refs/branch-heads/5414@{#1172}) on port 18354
Only local connections are allowed.
Please see https://chromedriver.chromium.org/security-considerations for suggestions on keeping ChromeDriver safe.
ChromeDriver was started successfully.
Jan 31, 2023 1:33:22 PM org.openqa.selenium.devtools.CdpVersionFinder findNearestMatch
WARNING: Unable to find an exact match for CDP version 109, so returning the closest version found: 107
]]></system-err>
  </testcase>
  <testcase name="runScenario[&quot;Search customer  By Name&quot;, &quot;AddNewCustomer&quot;](3)" classname="testRunner.Run" time="22.182">
    <failure message="element not interactable&#10;  (Session info: chrome=109.0.5414.120)&#10;Build info: version: &apos;4.6.0&apos;, revision: &apos;79f1c02ae20&apos;&#10;System info: os.name: &apos;Windows 10&apos;, os.arch: &apos;amd64&apos;, os.version: &apos;10.0&apos;, java.version: &apos;1.8.0_202&apos;&#10;Driver info: org.openqa.selenium.chrome.ChromeDriver&#10;Command: [1d8a6890b569146a153daf664e8d977f, sendKeysToElement {id=6155ee5b-8b8f-4c63-975a-d066700e1614, value=[Ljava.lang.CharSequence;@557b6a37}]&#10;Capabilities {acceptInsecureCerts: false, browserName: chrome, browserVersion: 109.0.5414.120, chrome: {chromedriverVersion: 109.0.5414.74 (e7c5703604da..., userDataDir: C:\Users\dell\AppData\Local...}, goog:chromeOptions: {debuggerAddress: localhost:57195}, networkConnectionEnabled: false, pageLoadStrategy: normal, platformName: WINDOWS, proxy: Proxy(), se:cdp: ws://localhost:57195/devtoo..., se:cdpVersion: 109.0.5414.120, setWindowRect: true, strictFileInteractability: false, timeouts: {implicit: 0, pageLoad: 300000, script: 30000}, unhandledPromptBehavior: dismiss and notify, webauthn:extension:credBlob: true, webauthn:extension:largeBlob: true, webauthn:virtualAuthenticators: true}&#10;Element: [[ChromeDriver: chrome on WINDOWS (1d8a6890b569146a153daf664e8d977f)] -&gt; xpath: //input[@id=&apos;SearchFirstName&apos;]]&#10;Session ID: 1d8a6890b569146a153daf664e8d977f" type="org.openqa.selenium.ElementNotInteractableException"><![CDATA[org.openqa.selenium.ElementNotInteractableException: 
element not interactable
  (Session info: chrome=109.0.5414.120)
Build info: version: '4.6.0', revision: '79f1c02ae20'
System info: os.name: 'Windows 10', os.arch: 'amd64', os.version: '10.0', java.version: '1.8.0_202'
Driver info: org.openqa.selenium.chrome.ChromeDriver
Command: [1d8a6890b569146a153daf664e8d977f, sendKeysToElement {id=6155ee5b-8b8f-4c63-975a-d066700e1614, value=[Ljava.lang.CharSequence;@557b6a37}]
Capabilities {acceptInsecureCerts: false, browserName: chrome, browserVersion: 109.0.5414.120, chrome: {chromedriverVersion: 109.0.5414.74 (e7c5703604da..., userDataDir: C:\Users\dell\AppData\Local...}, goog:chromeOptions: {debuggerAddress: localhost:57195}, networkConnectionEnabled: false, pageLoadStrategy: normal, platformName: WINDOWS, proxy: Proxy(), se:cdp: ws://localhost:57195/devtoo..., se:cdpVersion: 109.0.5414.120, setWindowRect: true, strictFileInteractability: false, timeouts: {implicit: 0, pageLoad: 300000, script: 30000}, unhandledPromptBehavior: dismiss and notify, webauthn:extension:credBlob: true, webauthn:extension:largeBlob: true, webauthn:virtualAuthenticators: true}
Element: [[ChromeDriver: chrome on WINDOWS (1d8a6890b569146a153daf664e8d977f)] -> xpath: //input[@id='SearchFirstName']]
Session ID: 1d8a6890b569146a153daf664e8d977f
	at sun.reflect.NativeConstructorAccessorImpl.newInstance0(Native Method)
	at sun.reflect.NativeConstructorAccessorImpl.newInstance(NativeConstructorAccessorImpl.java:62)
	at sun.reflect.DelegatingConstructorAccessorImpl.newInstance(DelegatingConstructorAccessorImpl.java:45)
	at java.lang.reflect.Constructor.newInstance(Constructor.java:423)
	at org.openqa.selenium.remote.codec.w3c.W3CHttpResponseCodec.createException(W3CHttpResponseCodec.java:200)
	at org.openqa.selenium.remote.codec.w3c.W3CHttpResponseCodec.decode(W3CHttpResponseCodec.java:133)
	at org.openqa.selenium.remote.codec.w3c.W3CHttpResponseCodec.decode(W3CHttpResponseCodec.java:53)
	at org.openqa.selenium.remote.HttpCommandExecutor.execute(HttpCommandExecutor.java:184)
	at org.openqa.selenium.remote.service.DriverCommandExecutor.invokeExecute(DriverCommandExecutor.java:167)
	at org.openqa.selenium.remote.service.DriverCommandExecutor.execute(DriverCommandExecutor.java:142)
	at org.openqa.selenium.remote.RemoteWebDriver.execute(RemoteWebDriver.java:541)
	at org.openqa.selenium.remote.RemoteWebElement.execute(RemoteWebElement.java:257)
	at org.openqa.selenium.remote.RemoteWebElement.sendKeys(RemoteWebElement.java:113)
	at sun.reflect.NativeMethodAccessorImpl.invoke0(Native Method)
	at sun.reflect.NativeMethodAccessorImpl.invoke(NativeMethodAccessorImpl.java:62)
	at sun.reflect.DelegatingMethodAccessorImpl.invoke(DelegatingMethodAccessorImpl.java:43)
	at java.lang.reflect.Method.invoke(Method.java:498)
	at org.openqa.selenium.support.pagefactory.internal.LocatingElementHandler.invoke(LocatingElementHandler.java:52)
	at com.sun.proxy.$Proxy39.sendKeys(Unknown Source)
	at pageObject.SearchCustomerByName.enterFirstName(SearchCustomerByName.java:21)
	at stepDefinition.StepDef.enter_customer_name(StepDef.java:231)
	at ✽.Enter customer Name(file:///D:/new%20projects/BDDCucumber/Features/AddNewcustomer.feature:29)
]]></failure>
    <system-out><![CDATA[[DEBUG] Resolution chrome=109 in cache (valid until 14:07:32 31/01/2023 IST)
[DEBUG] Resolution chrome109=109.0.5414.74 in cache (valid until 18:22:56 31/01/2023 IST)
[INFO] Using chromedriver 109.0.5414.74 (resolved driver for Chrome 109)
[DEBUG] Driver chromedriver 109.0.5414.74 found in cache
[INFO] Exporting webdriver.chrome.driver as C:\Users\dell\.cache\selenium\chromedriver\win32\109.0.5414.74\chromedriver.exe
[DEBUG] Using new Channel '[id: 0x58cd2732, L:/127.0.0.1:57194 - R:localhost/127.0.0.1:7999]' for 'POST' to '/session'
[DEBUG] Entry count for : http://localhost:19955 : 1
[DEBUG] Entry count for : http://localhost:18354 : 1
[DEBUG] Entry count for : http://localhost:57169 : 1
[DEBUG] 

Request DefaultHttpRequest(decodeResult: success, version: HTTP/1.1)
POST /session HTTP/1.1
User-Agent: selenium/4.6.0 (java windows)
Content-Length: 365
Content-Type: application/json; charset=utf-8
host: localhost:7999
accept: */*

Response DefaultHttpResponse(decodeResult: success, version: HTTP/1.1)
HTTP/1.1 200 OK
Content-Type: application/json; charset=utf-8
cache-control: no-cache
content-length: 789

[DEBUG] Adding key: http://localhost:7999 for channel [id: 0x58cd2732, L:/127.0.0.1:57194 - R:localhost/127.0.0.1:7999]
[DEBUG] Using new Channel '[id: 0x027fcbe3, L:/127.0.0.1:57200 - R:localhost/127.0.0.1:57195]' for 'GET' to '/json/version'
[DEBUG] 

Request DefaultFullHttpRequest(decodeResult: success, version: HTTP/1.1, content: EmptyByteBufBE)
GET /json/version HTTP/1.1
User-Agent: selenium/4.6.0 (java windows)
host: localhost:57195
accept: */*

Response DefaultHttpResponse(decodeResult: success, version: HTTP/1.1)
HTTP/1.1 200 OK
Content-Type: application/json; charset=UTF-8
content-length: 424

[DEBUG] Adding key: http://localhost:57195 for channel [id: 0x027fcbe3, L:/127.0.0.1:57200 - R:localhost/127.0.0.1:57195]
[DEBUG] Using new Channel '[id: 0x7ffef212, L:/127.0.0.1:57201 - R:localhost/127.0.0.1:57195]' for 'GET' to '/devtools/browser/6d87f1e3-a40e-47dc-ac1a-c3fb7e522791'
[DEBUG] 

Request DefaultFullHttpRequest(decodeResult: success, version: HTTP/1.1, content: EmptyByteBufBE)
GET /devtools/browser/6d87f1e3-a40e-47dc-ac1a-c3fb7e522791 HTTP/1.1
upgrade: websocket
connection: upgrade
sec-websocket-key: 62maQ5LRD7/WEPgYt1+9ng==
sec-websocket-version: 13
origin: http://localhost:57195
host: localhost:57195
accept: */*
user-agent: AHC/2.1

Response DefaultHttpResponse(decodeResult: success, version: HTTP/1.1)
HTTP/1.1 101 WebSocket Protocol Handshake
Upgrade: WebSocket
Connection: Upgrade
Sec-WebSocket-Accept: chfP4zq3cPOKyNB6LjDIcW6n4a4=

[INFO ] 2023-01-31 13:33:44.634 [main] StepDef - Browser has been launched 
[DEBUG] Using pooled Channel '[id: 0x58cd2732, L:/127.0.0.1:57194 - R:localhost/127.0.0.1:7999]' for 'POST' to 'http://localhost:7999/session/1d8a6890b569146a153daf664e8d977f/url'
[DEBUG] Using open Channel [id: 0x58cd2732, L:/127.0.0.1:57194 - R:localhost/127.0.0.1:7999] for POST '/session/1d8a6890b569146a153daf664e8d977f/url'
[DEBUG] Entry count for : http://localhost:57195 : 1
[DEBUG] Entry count for : http://localhost:19955 : 1
[DEBUG] Entry count for : http://localhost:18354 : 1
[DEBUG] Entry count for : http://localhost:57169 : 1
[DEBUG] Entry count for : http://localhost:57195 : 1
[DEBUG] Entry count for : http://localhost:19955 : 1
[DEBUG] Entry count for : http://localhost:18354 : 1
[DEBUG] Entry count for : http://localhost:57169 : 1
[DEBUG] Entry count for : http://localhost:57195 : 1
[DEBUG] Entry count for : http://localhost:19955 : 1
[DEBUG] Entry count for : http://localhost:18354 : 1
[DEBUG] Entry count for : http://localhost:57169 : 1
[DEBUG] Entry count for : http://localhost:57195 : 1
[DEBUG] Entry count for : http://localhost:19955 : 1
[DEBUG] Entry count for : http://localhost:18354 : 1
[DEBUG] Entry count for : http://localhost:57169 : 1
[DEBUG] 

Request DefaultHttpRequest(decodeResult: success, version: HTTP/1.1)
POST /session/1d8a6890b569146a153daf664e8d977f/url HTTP/1.1
User-Agent: selenium/4.6.0 (java windows)
Content-Length: 69
Content-Type: application/json; charset=utf-8
host: localhost:7999
accept: */*

Response DefaultHttpResponse(decodeResult: success, version: HTTP/1.1)
HTTP/1.1 200 OK
Content-Type: application/json; charset=utf-8
cache-control: no-cache
content-length: 14

[DEBUG] Adding key: http://localhost:7999 for channel [id: 0x58cd2732, L:/127.0.0.1:57194 - R:localhost/127.0.0.1:7999]
[INFO ] 2023-01-31 13:33:48.823 [main] StepDef - URL has been hitted succesfullyhttp://admin-demo.nopcommerce.com/login
[DEBUG] Using pooled Channel '[id: 0x58cd2732, L:/127.0.0.1:57194 - R:localhost/127.0.0.1:7999]' for 'POST' to 'http://localhost:7999/session/1d8a6890b569146a153daf664e8d977f/element'
[DEBUG] Using open Channel [id: 0x58cd2732, L:/127.0.0.1:57194 - R:localhost/127.0.0.1:7999] for POST '/session/1d8a6890b569146a153daf664e8d977f/element'
[DEBUG] 

Request DefaultHttpRequest(decodeResult: success, version: HTTP/1.1)
POST /session/1d8a6890b569146a153daf664e8d977f/element HTTP/1.1
User-Agent: selenium/4.6.0 (java windows)
Content-Length: 50
Content-Type: application/json; charset=utf-8
host: localhost:7999
accept: */*

Response DefaultHttpResponse(decodeResult: success, version: HTTP/1.1)
HTTP/1.1 200 OK
Content-Type: application/json; charset=utf-8
cache-control: no-cache
content-length: 88

[DEBUG] Adding key: http://localhost:7999 for channel [id: 0x58cd2732, L:/127.0.0.1:57194 - R:localhost/127.0.0.1:7999]
[DEBUG] Using pooled Channel '[id: 0x58cd2732, L:/127.0.0.1:57194 - R:localhost/127.0.0.1:7999]' for 'POST' to 'http://localhost:7999/session/1d8a6890b569146a153daf664e8d977f/element/c19041b0-6204-408b-8d87-28b78c5aa0b7/clear'
[DEBUG] Using open Channel [id: 0x58cd2732, L:/127.0.0.1:57194 - R:localhost/127.0.0.1:7999] for POST '/session/1d8a6890b569146a153daf664e8d977f/element/c19041b0-6204-408b-8d87-28b78c5aa0b7/clear'
[DEBUG] 

Request DefaultHttpRequest(decodeResult: success, version: HTTP/1.1)
POST /session/1d8a6890b569146a153daf664e8d977f/element/c19041b0-6204-408b-8d87-28b78c5aa0b7/clear HTTP/1.1
User-Agent: selenium/4.6.0 (java windows)
Content-Length: 50
Content-Type: application/json; charset=utf-8
host: localhost:7999
accept: */*

Response DefaultHttpResponse(decodeResult: success, version: HTTP/1.1)
HTTP/1.1 200 OK
Content-Type: application/json; charset=utf-8
cache-control: no-cache
content-length: 14

[DEBUG] Adding key: http://localhost:7999 for channel [id: 0x58cd2732, L:/127.0.0.1:57194 - R:localhost/127.0.0.1:7999]
[DEBUG] Using pooled Channel '[id: 0x58cd2732, L:/127.0.0.1:57194 - R:localhost/127.0.0.1:7999]' for 'POST' to 'http://localhost:7999/session/1d8a6890b569146a153daf664e8d977f/element'
[DEBUG] Using open Channel [id: 0x58cd2732, L:/127.0.0.1:57194 - R:localhost/127.0.0.1:7999] for POST '/session/1d8a6890b569146a153daf664e8d977f/element'
[DEBUG] 

Request DefaultHttpRequest(decodeResult: success, version: HTTP/1.1)
POST /session/1d8a6890b569146a153daf664e8d977f/element HTTP/1.1
User-Agent: selenium/4.6.0 (java windows)
Content-Length: 50
Content-Type: application/json; charset=utf-8
host: localhost:7999
accept: */*

Response DefaultHttpResponse(decodeResult: success, version: HTTP/1.1)
HTTP/1.1 200 OK
Content-Type: application/json; charset=utf-8
cache-control: no-cache
content-length: 88

[DEBUG] Adding key: http://localhost:7999 for channel [id: 0x58cd2732, L:/127.0.0.1:57194 - R:localhost/127.0.0.1:7999]
[DEBUG] Using pooled Channel '[id: 0x58cd2732, L:/127.0.0.1:57194 - R:localhost/127.0.0.1:7999]' for 'POST' to 'http://localhost:7999/session/1d8a6890b569146a153daf664e8d977f/element/c19041b0-6204-408b-8d87-28b78c5aa0b7/value'
[DEBUG] Using open Channel [id: 0x58cd2732, L:/127.0.0.1:57194 - R:localhost/127.0.0.1:7999] for POST '/session/1d8a6890b569146a153daf664e8d977f/element/c19041b0-6204-408b-8d87-28b78c5aa0b7/value'
[DEBUG] 

Request DefaultHttpRequest(decodeResult: success, version: HTTP/1.1)
POST /session/1d8a6890b569146a153daf664e8d977f/element/c19041b0-6204-408b-8d87-28b78c5aa0b7/value HTTP/1.1
User-Agent: selenium/4.6.0 (java windows)
Content-Length: 271
Content-Type: application/json; charset=utf-8
host: localhost:7999
accept: */*

Response DefaultHttpResponse(decodeResult: success, version: HTTP/1.1)
HTTP/1.1 200 OK
Content-Type: application/json; charset=utf-8
cache-control: no-cache
content-length: 14

[DEBUG] Adding key: http://localhost:7999 for channel [id: 0x58cd2732, L:/127.0.0.1:57194 - R:localhost/127.0.0.1:7999]
[INFO ] 2023-01-31 13:33:49.009 [main] StepDef - Email Entered succesfully 
[DEBUG] Using pooled Channel '[id: 0x58cd2732, L:/127.0.0.1:57194 - R:localhost/127.0.0.1:7999]' for 'POST' to 'http://localhost:7999/session/1d8a6890b569146a153daf664e8d977f/element'
[DEBUG] Using open Channel [id: 0x58cd2732, L:/127.0.0.1:57194 - R:localhost/127.0.0.1:7999] for POST '/session/1d8a6890b569146a153daf664e8d977f/element'
[DEBUG] 

Request DefaultHttpRequest(decodeResult: success, version: HTTP/1.1)
POST /session/1d8a6890b569146a153daf664e8d977f/element HTTP/1.1
User-Agent: selenium/4.6.0 (java windows)
Content-Length: 53
Content-Type: application/json; charset=utf-8
host: localhost:7999
accept: */*

Response DefaultHttpResponse(decodeResult: success, version: HTTP/1.1)
HTTP/1.1 200 OK
Content-Type: application/json; charset=utf-8
cache-control: no-cache
content-length: 88

[DEBUG] Adding key: http://localhost:7999 for channel [id: 0x58cd2732, L:/127.0.0.1:57194 - R:localhost/127.0.0.1:7999]
[DEBUG] Using pooled Channel '[id: 0x58cd2732, L:/127.0.0.1:57194 - R:localhost/127.0.0.1:7999]' for 'POST' to 'http://localhost:7999/session/1d8a6890b569146a153daf664e8d977f/element/49ac1fd7-2363-4dd9-8252-387fcb5b0713/clear'
[DEBUG] Using open Channel [id: 0x58cd2732, L:/127.0.0.1:57194 - R:localhost/127.0.0.1:7999] for POST '/session/1d8a6890b569146a153daf664e8d977f/element/49ac1fd7-2363-4dd9-8252-387fcb5b0713/clear'
[DEBUG] 

Request DefaultHttpRequest(decodeResult: success, version: HTTP/1.1)
POST /session/1d8a6890b569146a153daf664e8d977f/element/49ac1fd7-2363-4dd9-8252-387fcb5b0713/clear HTTP/1.1
User-Agent: selenium/4.6.0 (java windows)
Content-Length: 50
Content-Type: application/json; charset=utf-8
host: localhost:7999
accept: */*

Response DefaultHttpResponse(decodeResult: success, version: HTTP/1.1)
HTTP/1.1 200 OK
Content-Type: application/json; charset=utf-8
cache-control: no-cache
content-length: 14

[DEBUG] Adding key: http://localhost:7999 for channel [id: 0x58cd2732, L:/127.0.0.1:57194 - R:localhost/127.0.0.1:7999]
[DEBUG] Using pooled Channel '[id: 0x58cd2732, L:/127.0.0.1:57194 - R:localhost/127.0.0.1:7999]' for 'POST' to 'http://localhost:7999/session/1d8a6890b569146a153daf664e8d977f/element'
[DEBUG] Using open Channel [id: 0x58cd2732, L:/127.0.0.1:57194 - R:localhost/127.0.0.1:7999] for POST '/session/1d8a6890b569146a153daf664e8d977f/element'
[DEBUG] 

Request DefaultHttpRequest(decodeResult: success, version: HTTP/1.1)
POST /session/1d8a6890b569146a153daf664e8d977f/element HTTP/1.1
User-Agent: selenium/4.6.0 (java windows)
Content-Length: 53
Content-Type: application/json; charset=utf-8
host: localhost:7999
accept: */*

Response DefaultHttpResponse(decodeResult: success, version: HTTP/1.1)
HTTP/1.1 200 OK
Content-Type: application/json; charset=utf-8
cache-control: no-cache
content-length: 88

[DEBUG] Adding key: http://localhost:7999 for channel [id: 0x58cd2732, L:/127.0.0.1:57194 - R:localhost/127.0.0.1:7999]
[DEBUG] Using pooled Channel '[id: 0x58cd2732, L:/127.0.0.1:57194 - R:localhost/127.0.0.1:7999]' for 'POST' to 'http://localhost:7999/session/1d8a6890b569146a153daf664e8d977f/element/49ac1fd7-2363-4dd9-8252-387fcb5b0713/value'
[DEBUG] Using open Channel [id: 0x58cd2732, L:/127.0.0.1:57194 - R:localhost/127.0.0.1:7999] for POST '/session/1d8a6890b569146a153daf664e8d977f/element/49ac1fd7-2363-4dd9-8252-387fcb5b0713/value'
[DEBUG] 

Request DefaultHttpRequest(decodeResult: success, version: HTTP/1.1)
POST /session/1d8a6890b569146a153daf664e8d977f/element/49ac1fd7-2363-4dd9-8252-387fcb5b0713/value HTTP/1.1
User-Agent: selenium/4.6.0 (java windows)
Content-Length: 131
Content-Type: application/json; charset=utf-8
host: localhost:7999
accept: */*

Response DefaultHttpResponse(decodeResult: success, version: HTTP/1.1)
HTTP/1.1 200 OK
Content-Type: application/json; charset=utf-8
cache-control: no-cache
content-length: 14

[DEBUG] Adding key: http://localhost:7999 for channel [id: 0x58cd2732, L:/127.0.0.1:57194 - R:localhost/127.0.0.1:7999]
[INFO ] 2023-01-31 13:33:49.160 [main] StepDef - Password  Entered succesfully 
[DEBUG] Using pooled Channel '[id: 0x58cd2732, L:/127.0.0.1:57194 - R:localhost/127.0.0.1:7999]' for 'POST' to 'http://localhost:7999/session/1d8a6890b569146a153daf664e8d977f/element'
[DEBUG] Using open Channel [id: 0x58cd2732, L:/127.0.0.1:57194 - R:localhost/127.0.0.1:7999] for POST '/session/1d8a6890b569146a153daf664e8d977f/element'
[DEBUG] 

Request DefaultHttpRequest(decodeResult: success, version: HTTP/1.1)
POST /session/1d8a6890b569146a153daf664e8d977f/element HTTP/1.1
User-Agent: selenium/4.6.0 (java windows)
Content-Length: 71
Content-Type: application/json; charset=utf-8
host: localhost:7999
accept: */*

Response DefaultHttpResponse(decodeResult: success, version: HTTP/1.1)
HTTP/1.1 200 OK
Content-Type: application/json; charset=utf-8
cache-control: no-cache
content-length: 88

[DEBUG] Adding key: http://localhost:7999 for channel [id: 0x58cd2732, L:/127.0.0.1:57194 - R:localhost/127.0.0.1:7999]
[DEBUG] Using pooled Channel '[id: 0x58cd2732, L:/127.0.0.1:57194 - R:localhost/127.0.0.1:7999]' for 'POST' to 'http://localhost:7999/session/1d8a6890b569146a153daf664e8d977f/element/ee5814e8-4f4f-425f-86c9-3826918adc9e/click'
[DEBUG] Using open Channel [id: 0x58cd2732, L:/127.0.0.1:57194 - R:localhost/127.0.0.1:7999] for POST '/session/1d8a6890b569146a153daf664e8d977f/element/ee5814e8-4f4f-425f-86c9-3826918adc9e/click'
[DEBUG] Entry count for : http://localhost:57195 : 1
[DEBUG] Entry count for : http://localhost:19955 : 1
[DEBUG] Entry count for : http://localhost:18354 : 1
[DEBUG] Entry count for : http://localhost:57169 : 1
[DEBUG] Entry count for : http://localhost:57195 : 1
[DEBUG] Entry count for : http://localhost:19955 : 1
[DEBUG] Entry count for : http://localhost:18354 : 1
[DEBUG] Entry count for : http://localhost:57169 : 1
[DEBUG] Entry count for : http://localhost:57195 : 1
[DEBUG] Entry count for : http://localhost:19955 : 1
[DEBUG] Entry count for : http://localhost:18354 : 1
[DEBUG] Entry count for : http://localhost:57169 : 1
[DEBUG] Entry count for : http://localhost:57195 : 1
[DEBUG] Entry count for : http://localhost:19955 : 1
[DEBUG] Entry count for : http://localhost:18354 : 1
[DEBUG] Entry count for : http://localhost:57169 : 1
[DEBUG] Entry count for : http://localhost:57195 : 1
[DEBUG] Entry count for : http://localhost:19955 : 1
[DEBUG] Entry count for : http://localhost:18354 : 1
[DEBUG] Entry count for : http://localhost:57169 : 1
[DEBUG] Entry count for : http://localhost:57195 : 1
[DEBUG] Entry count for : http://localhost:19955 : 1
[DEBUG] Entry count for : http://localhost:18354 : 1
[DEBUG] Entry count for : http://localhost:57169 : 1
[DEBUG] Entry count for : http://localhost:57195 : 1
[DEBUG] Entry count for : http://localhost:19955 : 1
[DEBUG] Entry count for : http://localhost:18354 : 1
[DEBUG] Entry count for : http://localhost:57169 : 1
[DEBUG] Entry count for : http://localhost:57195 : 1
[DEBUG] Entry count for : http://localhost:19955 : 1
[DEBUG] Entry count for : http://localhost:18354 : 1
[DEBUG] Entry count for : http://localhost:57169 : 1
[DEBUG] Entry count for : http://localhost:57195 : 1
[DEBUG] Entry count for : http://localhost:19955 : 1
[DEBUG] Entry count for : http://localhost:18354 : 1
[DEBUG] Entry count for : http://localhost:57169 : 1
[DEBUG] Entry count for : http://localhost:57195 : 1
[DEBUG] Entry count for : http://localhost:19955 : 1
[DEBUG] Entry count for : http://localhost:18354 : 1
[DEBUG] Entry count for : http://localhost:57169 : 1
[DEBUG] Entry count for : http://localhost:57195 : 1
[DEBUG] Entry count for : http://localhost:19955 : 1
[DEBUG] Entry count for : http://localhost:18354 : 1
[DEBUG] Entry count for : http://localhost:57169 : 1
[DEBUG] Entry count for : http://localhost:57195 : 1
[DEBUG] Entry count for : http://localhost:19955 : 1
[DEBUG] Entry count for : http://localhost:18354 : 1
[DEBUG] Entry count for : http://localhost:57169 : 1
[DEBUG] 

Request DefaultHttpRequest(decodeResult: success, version: HTTP/1.1)
POST /session/1d8a6890b569146a153daf664e8d977f/element/ee5814e8-4f4f-425f-86c9-3826918adc9e/click HTTP/1.1
User-Agent: selenium/4.6.0 (java windows)
Content-Length: 50
Content-Type: application/json; charset=utf-8
host: localhost:7999
accept: */*

Response DefaultHttpResponse(decodeResult: success, version: HTTP/1.1)
HTTP/1.1 200 OK
Content-Type: application/json; charset=utf-8
cache-control: no-cache
content-length: 14

[DEBUG] Adding key: http://localhost:7999 for channel [id: 0x58cd2732, L:/127.0.0.1:57194 - R:localhost/127.0.0.1:7999]
[INFO ] 2023-01-31 13:34:01.704 [main] StepDef - Clicked on login Button successfully
[DEBUG] Using pooled Channel '[id: 0x58cd2732, L:/127.0.0.1:57194 - R:localhost/127.0.0.1:7999]' for 'GET' to 'http://localhost:7999/session/1d8a6890b569146a153daf664e8d977f/title'
[DEBUG] Using open Channel [id: 0x58cd2732, L:/127.0.0.1:57194 - R:localhost/127.0.0.1:7999] for GET '/session/1d8a6890b569146a153daf664e8d977f/title'
[DEBUG] 

Request DefaultFullHttpRequest(decodeResult: success, version: HTTP/1.1, content: EmptyByteBufBE)
GET /session/1d8a6890b569146a153daf664e8d977f/title HTTP/1.1
User-Agent: selenium/4.6.0 (java windows)
Cache-Control: no-cache
Content-Type: application/json; charset=utf-8
host: localhost:7999
accept: */*

Response DefaultHttpResponse(decodeResult: success, version: HTTP/1.1)
HTTP/1.1 200 OK
Content-Type: application/json; charset=utf-8
cache-control: no-cache
content-length: 50

[DEBUG] Adding key: http://localhost:7999 for channel [id: 0x58cd2732, L:/127.0.0.1:57194 - R:localhost/127.0.0.1:7999]
[DEBUG] Using pooled Channel '[id: 0x58cd2732, L:/127.0.0.1:57194 - R:localhost/127.0.0.1:7999]' for 'POST' to 'http://localhost:7999/session/1d8a6890b569146a153daf664e8d977f/element'
[DEBUG] Using open Channel [id: 0x58cd2732, L:/127.0.0.1:57194 - R:localhost/127.0.0.1:7999] for POST '/session/1d8a6890b569146a153daf664e8d977f/element'
[DEBUG] 

Request DefaultHttpRequest(decodeResult: success, version: HTTP/1.1)
POST /session/1d8a6890b569146a153daf664e8d977f/element HTTP/1.1
User-Agent: selenium/4.6.0 (java windows)
Content-Length: 199
Content-Type: application/json; charset=utf-8
host: localhost:7999
accept: */*

Response DefaultHttpResponse(decodeResult: success, version: HTTP/1.1)
HTTP/1.1 200 OK
Content-Type: application/json; charset=utf-8
cache-control: no-cache
content-length: 88

[DEBUG] Adding key: http://localhost:7999 for channel [id: 0x58cd2732, L:/127.0.0.1:57194 - R:localhost/127.0.0.1:7999]
[DEBUG] Using pooled Channel '[id: 0x58cd2732, L:/127.0.0.1:57194 - R:localhost/127.0.0.1:7999]' for 'POST' to 'http://localhost:7999/session/1d8a6890b569146a153daf664e8d977f/element/b006f044-96c6-4870-97cb-c7c7899fdbc8/click'
[DEBUG] Using open Channel [id: 0x58cd2732, L:/127.0.0.1:57194 - R:localhost/127.0.0.1:7999] for POST '/session/1d8a6890b569146a153daf664e8d977f/element/b006f044-96c6-4870-97cb-c7c7899fdbc8/click'
[DEBUG] 

Request DefaultHttpRequest(decodeResult: success, version: HTTP/1.1)
POST /session/1d8a6890b569146a153daf664e8d977f/element/b006f044-96c6-4870-97cb-c7c7899fdbc8/click HTTP/1.1
User-Agent: selenium/4.6.0 (java windows)
Content-Length: 50
Content-Type: application/json; charset=utf-8
host: localhost:7999
accept: */*

Response DefaultHttpResponse(decodeResult: success, version: HTTP/1.1)
HTTP/1.1 200 OK
Content-Type: application/json; charset=utf-8
cache-control: no-cache
content-length: 14

[DEBUG] Adding key: http://localhost:7999 for channel [id: 0x58cd2732, L:/127.0.0.1:57194 - R:localhost/127.0.0.1:7999]
[INFO ] 2023-01-31 13:34:01.863 [main] StepDef - clicked on customer menu successfully
[DEBUG] Using pooled Channel '[id: 0x58cd2732, L:/127.0.0.1:57194 - R:localhost/127.0.0.1:7999]' for 'POST' to 'http://localhost:7999/session/1d8a6890b569146a153daf664e8d977f/element'
[DEBUG] Using open Channel [id: 0x58cd2732, L:/127.0.0.1:57194 - R:localhost/127.0.0.1:7999] for POST '/session/1d8a6890b569146a153daf664e8d977f/element'
[DEBUG] 

Request DefaultHttpRequest(decodeResult: success, version: HTTP/1.1)
POST /session/1d8a6890b569146a153daf664e8d977f/element HTTP/1.1
User-Agent: selenium/4.6.0 (java windows)
Content-Length: 239
Content-Type: application/json; charset=utf-8
host: localhost:7999
accept: */*

Response DefaultHttpResponse(decodeResult: success, version: HTTP/1.1)
HTTP/1.1 200 OK
Content-Type: application/json; charset=utf-8
cache-control: no-cache
content-length: 88

[DEBUG] Adding key: http://localhost:7999 for channel [id: 0x58cd2732, L:/127.0.0.1:57194 - R:localhost/127.0.0.1:7999]
[DEBUG] Using pooled Channel '[id: 0x58cd2732, L:/127.0.0.1:57194 - R:localhost/127.0.0.1:7999]' for 'POST' to 'http://localhost:7999/session/1d8a6890b569146a153daf664e8d977f/element/c4fe4996-9b2d-4fff-a11d-7ac8d0faf660/click'
[DEBUG] Using open Channel [id: 0x58cd2732, L:/127.0.0.1:57194 - R:localhost/127.0.0.1:7999] for POST '/session/1d8a6890b569146a153daf664e8d977f/element/c4fe4996-9b2d-4fff-a11d-7ac8d0faf660/click'
[DEBUG] Entry count for : http://localhost:57195 : 1
[DEBUG] Entry count for : http://localhost:19955 : 1
[DEBUG] Entry count for : http://localhost:18354 : 1
[DEBUG] Entry count for : http://localhost:57169 : 1
[DEBUG] Entry count for : http://localhost:57195 : 1
[DEBUG] Entry count for : http://localhost:19955 : 1
[DEBUG] Entry count for : http://localhost:18354 : 1
[DEBUG] Entry count for : http://localhost:57169 : 1
[DEBUG] Entry count for : http://localhost:57195 : 1
[DEBUG] Entry count for : http://localhost:19955 : 1
[DEBUG] Entry count for : http://localhost:18354 : 1
[DEBUG] Entry count for : http://localhost:57169 : 1
[DEBUG] 

Request DefaultHttpRequest(decodeResult: success, version: HTTP/1.1)
POST /session/1d8a6890b569146a153daf664e8d977f/element/c4fe4996-9b2d-4fff-a11d-7ac8d0faf660/click HTTP/1.1
User-Agent: selenium/4.6.0 (java windows)
Content-Length: 50
Content-Type: application/json; charset=utf-8
host: localhost:7999
accept: */*

Response DefaultHttpResponse(decodeResult: success, version: HTTP/1.1)
HTTP/1.1 200 OK
Content-Type: application/json; charset=utf-8
cache-control: no-cache
content-length: 14

[DEBUG] Adding key: http://localhost:7999 for channel [id: 0x58cd2732, L:/127.0.0.1:57194 - R:localhost/127.0.0.1:7999]
[INFO ] 2023-01-31 13:34:05.023 [main] StepDef - CLicked on customer Btn succesfully
[DEBUG] Using pooled Channel '[id: 0x58cd2732, L:/127.0.0.1:57194 - R:localhost/127.0.0.1:7999]' for 'POST' to 'http://localhost:7999/session/1d8a6890b569146a153daf664e8d977f/element'
[DEBUG] Using open Channel [id: 0x58cd2732, L:/127.0.0.1:57194 - R:localhost/127.0.0.1:7999] for POST '/session/1d8a6890b569146a153daf664e8d977f/element'
[DEBUG] 

Request DefaultHttpRequest(decodeResult: success, version: HTTP/1.1)
POST /session/1d8a6890b569146a153daf664e8d977f/element HTTP/1.1
User-Agent: selenium/4.6.0 (java windows)
Content-Length: 77
Content-Type: application/json; charset=utf-8
host: localhost:7999
accept: */*

Response DefaultHttpResponse(decodeResult: success, version: HTTP/1.1)
HTTP/1.1 200 OK
Content-Type: application/json; charset=utf-8
cache-control: no-cache
content-length: 88

[DEBUG] Adding key: http://localhost:7999 for channel [id: 0x58cd2732, L:/127.0.0.1:57194 - R:localhost/127.0.0.1:7999]
[DEBUG] Using pooled Channel '[id: 0x58cd2732, L:/127.0.0.1:57194 - R:localhost/127.0.0.1:7999]' for 'POST' to 'http://localhost:7999/session/1d8a6890b569146a153daf664e8d977f/element/6155ee5b-8b8f-4c63-975a-d066700e1614/value'
[DEBUG] Using open Channel [id: 0x58cd2732, L:/127.0.0.1:57194 - R:localhost/127.0.0.1:7999] for POST '/session/1d8a6890b569146a153daf664e8d977f/element/6155ee5b-8b8f-4c63-975a-d066700e1614/value'
[DEBUG] 

Request DefaultHttpRequest(decodeResult: success, version: HTTP/1.1)
POST /session/1d8a6890b569146a153daf664e8d977f/element/6155ee5b-8b8f-4c63-975a-d066700e1614/value HTTP/1.1
User-Agent: selenium/4.6.0 (java windows)
Content-Length: 161
Content-Type: application/json; charset=utf-8
host: localhost:7999
accept: */*

Response DefaultHttpResponse(decodeResult: success, version: HTTP/1.1)
HTTP/1.1 400 Bad Request
Content-Type: application/json; charset=utf-8
cache-control: no-cache
content-length: 914

[DEBUG] Adding key: http://localhost:7999 for channel [id: 0x58cd2732, L:/127.0.0.1:57194 - R:localhost/127.0.0.1:7999]
[DEBUG] Using pooled Channel '[id: 0x58cd2732, L:/127.0.0.1:57194 - R:localhost/127.0.0.1:7999]' for 'GET' to 'http://localhost:7999/session/1d8a6890b569146a153daf664e8d977f/screenshot'
[DEBUG] Using open Channel [id: 0x58cd2732, L:/127.0.0.1:57194 - R:localhost/127.0.0.1:7999] for GET '/session/1d8a6890b569146a153daf664e8d977f/screenshot'
[DEBUG] 

Request DefaultFullHttpRequest(decodeResult: success, version: HTTP/1.1, content: EmptyByteBufBE)
GET /session/1d8a6890b569146a153daf664e8d977f/screenshot HTTP/1.1
User-Agent: selenium/4.6.0 (java windows)
Cache-Control: no-cache
Content-Type: application/json; charset=utf-8
host: localhost:7999
accept: */*

Response DefaultHttpResponse(decodeResult: success, version: HTTP/1.1)
HTTP/1.1 200 OK
Content-Type: application/json; charset=utf-8
cache-control: no-cache
content-length: 43404

[DEBUG] Adding key: http://localhost:7999 for channel [id: 0x58cd2732, L:/127.0.0.1:57194 - R:localhost/127.0.0.1:7999]
]]></system-out>
    <system-err><![CDATA[Starting ChromeDriver 109.0.5414.74 (e7c5703604daa9cc128ccf5a5d3e993513758913-refs/branch-heads/5414@{#1172}) on port 7999
Only local connections are allowed.
Please see https://chromedriver.chromium.org/security-considerations for suggestions on keeping ChromeDriver safe.
ChromeDriver was started successfully.
Jan 31, 2023 1:33:44 PM org.openqa.selenium.devtools.CdpVersionFinder findNearestMatch
WARNING: Unable to find an exact match for CDP version 109, so returning the closest version found: 107
]]></system-err>
  </testcase>
  <testcase name="runScenario[&quot;succesfull  Login with valid Credentials&quot;, &quot;Login&quot;](4)" classname="testRunner.Run" time="38.675">
    <system-out><![CDATA[[DEBUG] Resolution chrome=109 in cache (valid until 14:07:32 31/01/2023 IST)
[DEBUG] Resolution chrome109=109.0.5414.74 in cache (valid until 18:22:56 31/01/2023 IST)
[INFO] Using chromedriver 109.0.5414.74 (resolved driver for Chrome 109)
[DEBUG] Driver chromedriver 109.0.5414.74 found in cache
[INFO] Exporting webdriver.chrome.driver as C:\Users\dell\.cache\selenium\chromedriver\win32\109.0.5414.74\chromedriver.exe
[DEBUG] Using new Channel '[id: 0x2781b250, L:/127.0.0.1:57220 - R:localhost/127.0.0.1:7207]' for 'POST' to '/session'
[DEBUG] Entry count for : http://localhost:57195 : 1
[DEBUG] Entry count for : http://localhost:19955 : 1
[DEBUG] Entry count for : http://localhost:7999 : 1
[DEBUG] Entry count for : http://localhost:18354 : 1
[DEBUG] Entry count for : http://localhost:57169 : 1
[DEBUG] 

Request DefaultHttpRequest(decodeResult: success, version: HTTP/1.1)
POST /session HTTP/1.1
User-Agent: selenium/4.6.0 (java windows)
Content-Length: 365
Content-Type: application/json; charset=utf-8
host: localhost:7207
accept: */*

Response DefaultHttpResponse(decodeResult: success, version: HTTP/1.1)
HTTP/1.1 200 OK
Content-Type: application/json; charset=utf-8
cache-control: no-cache
content-length: 791

[DEBUG] Adding key: http://localhost:7207 for channel [id: 0x2781b250, L:/127.0.0.1:57220 - R:localhost/127.0.0.1:7207]
[DEBUG] Using new Channel '[id: 0xf9ca43f2, L:/127.0.0.1:57226 - R:localhost/127.0.0.1:57221]' for 'GET' to '/json/version'
[DEBUG] 

Request DefaultFullHttpRequest(decodeResult: success, version: HTTP/1.1, content: EmptyByteBufBE)
GET /json/version HTTP/1.1
User-Agent: selenium/4.6.0 (java windows)
host: localhost:57221
accept: */*

Response DefaultHttpResponse(decodeResult: success, version: HTTP/1.1)
HTTP/1.1 200 OK
Content-Type: application/json; charset=UTF-8
content-length: 424

[DEBUG] Adding key: http://localhost:57221 for channel [id: 0xf9ca43f2, L:/127.0.0.1:57226 - R:localhost/127.0.0.1:57221]
[DEBUG] Using new Channel '[id: 0xce61dfcb, L:/127.0.0.1:57227 - R:localhost/127.0.0.1:57221]' for 'GET' to '/devtools/browser/0ce3bb44-aabd-4d35-a713-41f9822a9b50'
[DEBUG] 

Request DefaultFullHttpRequest(decodeResult: success, version: HTTP/1.1, content: EmptyByteBufBE)
GET /devtools/browser/0ce3bb44-aabd-4d35-a713-41f9822a9b50 HTTP/1.1
upgrade: websocket
connection: upgrade
sec-websocket-key: jHDycsUQidrs4FQaLCg3oQ==
sec-websocket-version: 13
origin: http://localhost:57221
host: localhost:57221
accept: */*
user-agent: AHC/2.1

Response DefaultHttpResponse(decodeResult: success, version: HTTP/1.1)
HTTP/1.1 101 WebSocket Protocol Handshake
Upgrade: WebSocket
Connection: Upgrade
Sec-WebSocket-Accept: bQ7RLX7l5b4zv5PvavmAY+lwsvk=

[INFO ] 2023-01-31 13:34:06.844 [main] StepDef - Browser has been launched 
[DEBUG] Using pooled Channel '[id: 0x2781b250, L:/127.0.0.1:57220 - R:localhost/127.0.0.1:7207]' for 'POST' to 'http://localhost:7207/session/a763fe3b148c126701fe70f51c9259e1/url'
[DEBUG] Using open Channel [id: 0x2781b250, L:/127.0.0.1:57220 - R:localhost/127.0.0.1:7207] for POST '/session/a763fe3b148c126701fe70f51c9259e1/url'
[DEBUG] Entry count for : http://localhost:57195 : 1
[DEBUG] Entry count for : http://localhost:19955 : 1
[DEBUG] Entry count for : http://localhost:57221 : 1
[DEBUG] Entry count for : http://localhost:7999 : 1
[DEBUG] Entry count for : http://localhost:18354 : 1
[DEBUG] Entry count for : http://localhost:57169 : 1
[DEBUG] Entry count for : http://localhost:57195 : 1
[DEBUG] Entry count for : http://localhost:19955 : 1
[DEBUG] Entry count for : http://localhost:57221 : 1
[DEBUG] Entry count for : http://localhost:7999 : 1
[DEBUG] Entry count for : http://localhost:18354 : 1
[DEBUG] Entry count for : http://localhost:57169 : 1
[DEBUG] Entry count for : http://localhost:57195 : 1
[DEBUG] Entry count for : http://localhost:19955 : 1
[DEBUG] Entry count for : http://localhost:57221 : 1
[DEBUG] Entry count for : http://localhost:7999 : 1
[DEBUG] Entry count for : http://localhost:18354 : 1
[DEBUG] Entry count for : http://localhost:57169 : 1
[DEBUG] Entry count for : http://localhost:57195 : 1
[DEBUG] Entry count for : http://localhost:19955 : 1
[DEBUG] Entry count for : http://localhost:57221 : 1
[DEBUG] Entry count for : http://localhost:7999 : 1
[DEBUG] Entry count for : http://localhost:18354 : 1
[DEBUG] Entry count for : http://localhost:57169 : 1
[DEBUG] Entry count for : http://localhost:57195 : 1
[DEBUG] Entry count for : http://localhost:19955 : 1
[DEBUG] Entry count for : http://localhost:57221 : 1
[DEBUG] Entry count for : http://localhost:7999 : 1
[DEBUG] Entry count for : http://localhost:18354 : 1
[DEBUG] Entry count for : http://localhost:57169 : 1
[DEBUG] 

Request DefaultHttpRequest(decodeResult: success, version: HTTP/1.1)
POST /session/a763fe3b148c126701fe70f51c9259e1/url HTTP/1.1
User-Agent: selenium/4.6.0 (java windows)
Content-Length: 69
Content-Type: application/json; charset=utf-8
host: localhost:7207
accept: */*

Response DefaultHttpResponse(decodeResult: success, version: HTTP/1.1)
HTTP/1.1 200 OK
Content-Type: application/json; charset=utf-8
cache-control: no-cache
content-length: 14

[DEBUG] Adding key: http://localhost:7207 for channel [id: 0x2781b250, L:/127.0.0.1:57220 - R:localhost/127.0.0.1:7207]
[INFO ] 2023-01-31 13:34:12.138 [main] StepDef - URL has been hitted succesfullyhttp://admin-demo.nopcommerce.com/login
[DEBUG] Using pooled Channel '[id: 0x2781b250, L:/127.0.0.1:57220 - R:localhost/127.0.0.1:7207]' for 'POST' to 'http://localhost:7207/session/a763fe3b148c126701fe70f51c9259e1/element'
[DEBUG] Using open Channel [id: 0x2781b250, L:/127.0.0.1:57220 - R:localhost/127.0.0.1:7207] for POST '/session/a763fe3b148c126701fe70f51c9259e1/element'
[DEBUG] 

Request DefaultHttpRequest(decodeResult: success, version: HTTP/1.1)
POST /session/a763fe3b148c126701fe70f51c9259e1/element HTTP/1.1
User-Agent: selenium/4.6.0 (java windows)
Content-Length: 50
Content-Type: application/json; charset=utf-8
host: localhost:7207
accept: */*

Response DefaultHttpResponse(decodeResult: success, version: HTTP/1.1)
HTTP/1.1 200 OK
Content-Type: application/json; charset=utf-8
cache-control: no-cache
content-length: 88

[DEBUG] Adding key: http://localhost:7207 for channel [id: 0x2781b250, L:/127.0.0.1:57220 - R:localhost/127.0.0.1:7207]
[DEBUG] Using pooled Channel '[id: 0x2781b250, L:/127.0.0.1:57220 - R:localhost/127.0.0.1:7207]' for 'POST' to 'http://localhost:7207/session/a763fe3b148c126701fe70f51c9259e1/element/a91d242c-eddf-457a-9611-67446560993d/clear'
[DEBUG] Using open Channel [id: 0x2781b250, L:/127.0.0.1:57220 - R:localhost/127.0.0.1:7207] for POST '/session/a763fe3b148c126701fe70f51c9259e1/element/a91d242c-eddf-457a-9611-67446560993d/clear'
[DEBUG] 

Request DefaultHttpRequest(decodeResult: success, version: HTTP/1.1)
POST /session/a763fe3b148c126701fe70f51c9259e1/element/a91d242c-eddf-457a-9611-67446560993d/clear HTTP/1.1
User-Agent: selenium/4.6.0 (java windows)
Content-Length: 50
Content-Type: application/json; charset=utf-8
host: localhost:7207
accept: */*

Response DefaultHttpResponse(decodeResult: success, version: HTTP/1.1)
HTTP/1.1 200 OK
Content-Type: application/json; charset=utf-8
cache-control: no-cache
content-length: 14

[DEBUG] Adding key: http://localhost:7207 for channel [id: 0x2781b250, L:/127.0.0.1:57220 - R:localhost/127.0.0.1:7207]
[DEBUG] Using pooled Channel '[id: 0x2781b250, L:/127.0.0.1:57220 - R:localhost/127.0.0.1:7207]' for 'POST' to 'http://localhost:7207/session/a763fe3b148c126701fe70f51c9259e1/element'
[DEBUG] Using open Channel [id: 0x2781b250, L:/127.0.0.1:57220 - R:localhost/127.0.0.1:7207] for POST '/session/a763fe3b148c126701fe70f51c9259e1/element'
[DEBUG] 

Request DefaultHttpRequest(decodeResult: success, version: HTTP/1.1)
POST /session/a763fe3b148c126701fe70f51c9259e1/element HTTP/1.1
User-Agent: selenium/4.6.0 (java windows)
Content-Length: 50
Content-Type: application/json; charset=utf-8
host: localhost:7207
accept: */*

Response DefaultHttpResponse(decodeResult: success, version: HTTP/1.1)
HTTP/1.1 200 OK
Content-Type: application/json; charset=utf-8
cache-control: no-cache
content-length: 88

[DEBUG] Adding key: http://localhost:7207 for channel [id: 0x2781b250, L:/127.0.0.1:57220 - R:localhost/127.0.0.1:7207]
[DEBUG] Using pooled Channel '[id: 0x2781b250, L:/127.0.0.1:57220 - R:localhost/127.0.0.1:7207]' for 'POST' to 'http://localhost:7207/session/a763fe3b148c126701fe70f51c9259e1/element/a91d242c-eddf-457a-9611-67446560993d/value'
[DEBUG] Using open Channel [id: 0x2781b250, L:/127.0.0.1:57220 - R:localhost/127.0.0.1:7207] for POST '/session/a763fe3b148c126701fe70f51c9259e1/element/a91d242c-eddf-457a-9611-67446560993d/value'
[DEBUG] 

Request DefaultHttpRequest(decodeResult: success, version: HTTP/1.1)
POST /session/a763fe3b148c126701fe70f51c9259e1/element/a91d242c-eddf-457a-9611-67446560993d/value HTTP/1.1
User-Agent: selenium/4.6.0 (java windows)
Content-Length: 271
Content-Type: application/json; charset=utf-8
host: localhost:7207
accept: */*

Response DefaultHttpResponse(decodeResult: success, version: HTTP/1.1)
HTTP/1.1 200 OK
Content-Type: application/json; charset=utf-8
cache-control: no-cache
content-length: 14

[DEBUG] Adding key: http://localhost:7207 for channel [id: 0x2781b250, L:/127.0.0.1:57220 - R:localhost/127.0.0.1:7207]
[INFO ] 2023-01-31 13:34:12.301 [main] StepDef - Email Entered succesfully 
[DEBUG] Using pooled Channel '[id: 0x2781b250, L:/127.0.0.1:57220 - R:localhost/127.0.0.1:7207]' for 'POST' to 'http://localhost:7207/session/a763fe3b148c126701fe70f51c9259e1/element'
[DEBUG] Using open Channel [id: 0x2781b250, L:/127.0.0.1:57220 - R:localhost/127.0.0.1:7207] for POST '/session/a763fe3b148c126701fe70f51c9259e1/element'
[DEBUG] 

Request DefaultHttpRequest(decodeResult: success, version: HTTP/1.1)
POST /session/a763fe3b148c126701fe70f51c9259e1/element HTTP/1.1
User-Agent: selenium/4.6.0 (java windows)
Content-Length: 53
Content-Type: application/json; charset=utf-8
host: localhost:7207
accept: */*

Response DefaultHttpResponse(decodeResult: success, version: HTTP/1.1)
HTTP/1.1 200 OK
Content-Type: application/json; charset=utf-8
cache-control: no-cache
content-length: 88

[DEBUG] Adding key: http://localhost:7207 for channel [id: 0x2781b250, L:/127.0.0.1:57220 - R:localhost/127.0.0.1:7207]
[DEBUG] Using pooled Channel '[id: 0x2781b250, L:/127.0.0.1:57220 - R:localhost/127.0.0.1:7207]' for 'POST' to 'http://localhost:7207/session/a763fe3b148c126701fe70f51c9259e1/element/d4d8d968-0017-4c82-8fb6-57148237dc8f/clear'
[DEBUG] Using open Channel [id: 0x2781b250, L:/127.0.0.1:57220 - R:localhost/127.0.0.1:7207] for POST '/session/a763fe3b148c126701fe70f51c9259e1/element/d4d8d968-0017-4c82-8fb6-57148237dc8f/clear'
[DEBUG] 

Request DefaultHttpRequest(decodeResult: success, version: HTTP/1.1)
POST /session/a763fe3b148c126701fe70f51c9259e1/element/d4d8d968-0017-4c82-8fb6-57148237dc8f/clear HTTP/1.1
User-Agent: selenium/4.6.0 (java windows)
Content-Length: 50
Content-Type: application/json; charset=utf-8
host: localhost:7207
accept: */*

Response DefaultHttpResponse(decodeResult: success, version: HTTP/1.1)
HTTP/1.1 200 OK
Content-Type: application/json; charset=utf-8
cache-control: no-cache
content-length: 14

[DEBUG] Adding key: http://localhost:7207 for channel [id: 0x2781b250, L:/127.0.0.1:57220 - R:localhost/127.0.0.1:7207]
[DEBUG] Using pooled Channel '[id: 0x2781b250, L:/127.0.0.1:57220 - R:localhost/127.0.0.1:7207]' for 'POST' to 'http://localhost:7207/session/a763fe3b148c126701fe70f51c9259e1/element'
[DEBUG] Using open Channel [id: 0x2781b250, L:/127.0.0.1:57220 - R:localhost/127.0.0.1:7207] for POST '/session/a763fe3b148c126701fe70f51c9259e1/element'
[DEBUG] 

Request DefaultHttpRequest(decodeResult: success, version: HTTP/1.1)
POST /session/a763fe3b148c126701fe70f51c9259e1/element HTTP/1.1
User-Agent: selenium/4.6.0 (java windows)
Content-Length: 53
Content-Type: application/json; charset=utf-8
host: localhost:7207
accept: */*

Response DefaultHttpResponse(decodeResult: success, version: HTTP/1.1)
HTTP/1.1 200 OK
Content-Type: application/json; charset=utf-8
cache-control: no-cache
content-length: 88

[DEBUG] Adding key: http://localhost:7207 for channel [id: 0x2781b250, L:/127.0.0.1:57220 - R:localhost/127.0.0.1:7207]
[DEBUG] Using pooled Channel '[id: 0x2781b250, L:/127.0.0.1:57220 - R:localhost/127.0.0.1:7207]' for 'POST' to 'http://localhost:7207/session/a763fe3b148c126701fe70f51c9259e1/element/d4d8d968-0017-4c82-8fb6-57148237dc8f/value'
[DEBUG] Using open Channel [id: 0x2781b250, L:/127.0.0.1:57220 - R:localhost/127.0.0.1:7207] for POST '/session/a763fe3b148c126701fe70f51c9259e1/element/d4d8d968-0017-4c82-8fb6-57148237dc8f/value'
[DEBUG] 

Request DefaultHttpRequest(decodeResult: success, version: HTTP/1.1)
POST /session/a763fe3b148c126701fe70f51c9259e1/element/d4d8d968-0017-4c82-8fb6-57148237dc8f/value HTTP/1.1
User-Agent: selenium/4.6.0 (java windows)
Content-Length: 131
Content-Type: application/json; charset=utf-8
host: localhost:7207
accept: */*

Response DefaultHttpResponse(decodeResult: success, version: HTTP/1.1)
HTTP/1.1 200 OK
Content-Type: application/json; charset=utf-8
cache-control: no-cache
content-length: 14

[DEBUG] Adding key: http://localhost:7207 for channel [id: 0x2781b250, L:/127.0.0.1:57220 - R:localhost/127.0.0.1:7207]
[INFO ] 2023-01-31 13:34:12.478 [main] StepDef - Password  Entered succesfully 
[DEBUG] Using pooled Channel '[id: 0x2781b250, L:/127.0.0.1:57220 - R:localhost/127.0.0.1:7207]' for 'POST' to 'http://localhost:7207/session/a763fe3b148c126701fe70f51c9259e1/element'
[DEBUG] Using open Channel [id: 0x2781b250, L:/127.0.0.1:57220 - R:localhost/127.0.0.1:7207] for POST '/session/a763fe3b148c126701fe70f51c9259e1/element'
[DEBUG] Entry count for : http://localhost:57195 : 1
[DEBUG] Entry count for : http://localhost:19955 : 1
[DEBUG] Entry count for : http://localhost:57221 : 1
[DEBUG] Entry count for : http://localhost:7999 : 1
[DEBUG] Entry count for : http://localhost:18354 : 1
[DEBUG] Entry count for : http://localhost:57169 : 1
[DEBUG] 

Request DefaultHttpRequest(decodeResult: success, version: HTTP/1.1)
POST /session/a763fe3b148c126701fe70f51c9259e1/element HTTP/1.1
User-Agent: selenium/4.6.0 (java windows)
Content-Length: 71
Content-Type: application/json; charset=utf-8
host: localhost:7207
accept: */*

Response DefaultHttpResponse(decodeResult: success, version: HTTP/1.1)
HTTP/1.1 200 OK
Content-Type: application/json; charset=utf-8
cache-control: no-cache
content-length: 88

[DEBUG] Adding key: http://localhost:7207 for channel [id: 0x2781b250, L:/127.0.0.1:57220 - R:localhost/127.0.0.1:7207]
[DEBUG] Using pooled Channel '[id: 0x2781b250, L:/127.0.0.1:57220 - R:localhost/127.0.0.1:7207]' for 'POST' to 'http://localhost:7207/session/a763fe3b148c126701fe70f51c9259e1/element/59dbac95-8884-4ea6-80a4-2a07305f0d39/click'
[DEBUG] Using open Channel [id: 0x2781b250, L:/127.0.0.1:57220 - R:localhost/127.0.0.1:7207] for POST '/session/a763fe3b148c126701fe70f51c9259e1/element/59dbac95-8884-4ea6-80a4-2a07305f0d39/click'
[DEBUG] Entry count for : http://localhost:57195 : 1
[DEBUG] Entry count for : http://localhost:19955 : 1
[DEBUG] Entry count for : http://localhost:57221 : 1
[DEBUG] Entry count for : http://localhost:7999 : 1
[DEBUG] Entry count for : http://localhost:18354 : 1
[DEBUG] Entry count for : http://localhost:57169 : 1
[DEBUG] Entry count for : http://localhost:57195 : 1
[DEBUG] Entry count for : http://localhost:19955 : 1
[DEBUG] Entry count for : http://localhost:57221 : 1
[DEBUG] Entry count for : http://localhost:7999 : 1
[DEBUG] Entry count for : http://localhost:18354 : 1
[DEBUG] Entry count for : http://localhost:57169 : 1
[DEBUG] Entry count for : http://localhost:57195 : 1
[DEBUG] Entry count for : http://localhost:19955 : 1
[DEBUG] Entry count for : http://localhost:57221 : 1
[DEBUG] Entry count for : http://localhost:7999 : 1
[DEBUG] Entry count for : http://localhost:18354 : 1
[DEBUG] Entry count for : http://localhost:57169 : 1
[DEBUG] Entry count for : http://localhost:57195 : 1
[DEBUG] Entry count for : http://localhost:19955 : 1
[DEBUG] Entry count for : http://localhost:57221 : 1
[DEBUG] Entry count for : http://localhost:7999 : 1
[DEBUG] Entry count for : http://localhost:18354 : 1
[DEBUG] Entry count for : http://localhost:57169 : 1
[DEBUG] Entry count for : http://localhost:57195 : 1
[DEBUG] Entry count for : http://localhost:19955 : 1
[DEBUG] Entry count for : http://localhost:57221 : 1
[DEBUG] Entry count for : http://localhost:7999 : 1
[DEBUG] Entry count for : http://localhost:18354 : 1
[DEBUG] Entry count for : http://localhost:57169 : 1
[DEBUG] Entry count for : http://localhost:57195 : 1
[DEBUG] Entry count for : http://localhost:19955 : 1
[DEBUG] Entry count for : http://localhost:57221 : 1
[DEBUG] Entry count for : http://localhost:7999 : 1
[DEBUG] Entry count for : http://localhost:18354 : 1
[DEBUG] Entry count for : http://localhost:57169 : 1
[DEBUG] Entry count for : http://localhost:57195 : 1
[DEBUG] Entry count for : http://localhost:19955 : 1
[DEBUG] Entry count for : http://localhost:57221 : 1
[DEBUG] Entry count for : http://localhost:7999 : 1
[DEBUG] Entry count for : http://localhost:18354 : 1
[DEBUG] Entry count for : http://localhost:57169 : 1
[DEBUG] Entry count for : http://localhost:57195 : 1
[DEBUG] Entry count for : http://localhost:19955 : 1
[DEBUG] Entry count for : http://localhost:57221 : 1
[DEBUG] Entry count for : http://localhost:7999 : 1
[DEBUG] Entry count for : http://localhost:18354 : 1
[DEBUG] Entry count for : http://localhost:57169 : 1
[DEBUG] Adding Candidate expired Channel [id: 0x492cf9d5, L:/127.0.0.1:57143 - R:localhost/127.0.0.1:19955] isIdleTimeoutExpired=true isRemotelyClosed=false isTtlExpired=false
[DEBUG] Closing Idle Channel [id: 0x492cf9d5, L:/127.0.0.1:57143 - R:localhost/127.0.0.1:19955]
[DEBUG] Closed 1 connections out of 6 in 1 ms
[DEBUG] Channel Closed: [id: 0x492cf9d5, L:/127.0.0.1:57143 ! R:localhost/127.0.0.1:19955] with attribute DISCARD
[DEBUG] Entry count for : http://localhost:57195 : 1
[DEBUG] Entry count for : http://localhost:57221 : 1
[DEBUG] Entry count for : http://localhost:7999 : 1
[DEBUG] Entry count for : http://localhost:18354 : 1
[DEBUG] Entry count for : http://localhost:57169 : 1
[DEBUG] Entry count for : http://localhost:57195 : 1
[DEBUG] Entry count for : http://localhost:57221 : 1
[DEBUG] Entry count for : http://localhost:7999 : 1
[DEBUG] Entry count for : http://localhost:18354 : 1
[DEBUG] Entry count for : http://localhost:57169 : 1
[DEBUG] Adding Candidate expired Channel [id: 0x9b65f2f1, L:/127.0.0.1:57174 - R:localhost/127.0.0.1:57169] isIdleTimeoutExpired=true isRemotelyClosed=false isTtlExpired=false
[DEBUG] Closing Idle Channel [id: 0x9b65f2f1, L:/127.0.0.1:57174 - R:localhost/127.0.0.1:57169]
[DEBUG] Closed 1 connections out of 5 in 0 ms
[DEBUG] Channel Closed: [id: 0x9b65f2f1, L:/127.0.0.1:57174 ! R:localhost/127.0.0.1:57169] with attribute DISCARD
[DEBUG] Entry count for : http://localhost:57195 : 1
[DEBUG] Entry count for : http://localhost:57221 : 1
[DEBUG] Entry count for : http://localhost:7999 : 1
[DEBUG] Entry count for : http://localhost:18354 : 1
[DEBUG] Entry count for : http://localhost:57195 : 1
[DEBUG] Entry count for : http://localhost:57221 : 1
[DEBUG] Entry count for : http://localhost:7999 : 1
[DEBUG] Entry count for : http://localhost:18354 : 1
[DEBUG] Entry count for : http://localhost:57195 : 1
[DEBUG] Entry count for : http://localhost:57221 : 1
[DEBUG] Entry count for : http://localhost:7999 : 1
[DEBUG] Entry count for : http://localhost:18354 : 1
[DEBUG] Entry count for : http://localhost:57195 : 1
[DEBUG] Entry count for : http://localhost:57221 : 1
[DEBUG] Entry count for : http://localhost:7999 : 1
[DEBUG] Entry count for : http://localhost:18354 : 1
[DEBUG] Entry count for : http://localhost:57195 : 1
[DEBUG] Entry count for : http://localhost:57221 : 1
[DEBUG] Entry count for : http://localhost:7999 : 1
[DEBUG] Entry count for : http://localhost:18354 : 1
[DEBUG] Entry count for : http://localhost:57195 : 1
[DEBUG] Entry count for : http://localhost:57221 : 1
[DEBUG] Entry count for : http://localhost:7999 : 1
[DEBUG] Entry count for : http://localhost:18354 : 1
[DEBUG] Entry count for : http://localhost:57195 : 1
[DEBUG] Entry count for : http://localhost:57221 : 1
[DEBUG] Entry count for : http://localhost:7999 : 1
[DEBUG] Entry count for : http://localhost:18354 : 1
[DEBUG] Entry count for : http://localhost:57195 : 1
[DEBUG] Entry count for : http://localhost:57221 : 1
[DEBUG] Entry count for : http://localhost:7999 : 1
[DEBUG] Entry count for : http://localhost:18354 : 1
[DEBUG] Entry count for : http://localhost:57195 : 1
[DEBUG] Entry count for : http://localhost:57221 : 1
[DEBUG] Entry count for : http://localhost:7999 : 1
[DEBUG] Entry count for : http://localhost:18354 : 1
[DEBUG] Entry count for : http://localhost:57195 : 1
[DEBUG] Entry count for : http://localhost:57221 : 1
[DEBUG] Entry count for : http://localhost:7999 : 1
[DEBUG] Entry count for : http://localhost:18354 : 1
[DEBUG] Entry count for : http://localhost:57195 : 1
[DEBUG] Entry count for : http://localhost:57221 : 1
[DEBUG] Entry count for : http://localhost:7999 : 1
[DEBUG] Entry count for : http://localhost:18354 : 1
[DEBUG] 

Request DefaultHttpRequest(decodeResult: success, version: HTTP/1.1)
POST /session/a763fe3b148c126701fe70f51c9259e1/element/59dbac95-8884-4ea6-80a4-2a07305f0d39/click HTTP/1.1
User-Agent: selenium/4.6.0 (java windows)
Content-Length: 50
Content-Type: application/json; charset=utf-8
host: localhost:7207
accept: */*

Response DefaultHttpResponse(decodeResult: success, version: HTTP/1.1)
HTTP/1.1 200 OK
Content-Type: application/json; charset=utf-8
cache-control: no-cache
content-length: 14

[DEBUG] Adding key: http://localhost:7207 for channel [id: 0x2781b250, L:/127.0.0.1:57220 - R:localhost/127.0.0.1:7207]
[INFO ] 2023-01-31 13:34:35.730 [main] StepDef - Clicked on login Button successfully
[DEBUG] Using pooled Channel '[id: 0x2781b250, L:/127.0.0.1:57220 - R:localhost/127.0.0.1:7207]' for 'GET' to 'http://localhost:7207/session/a763fe3b148c126701fe70f51c9259e1/title'
[DEBUG] Using open Channel [id: 0x2781b250, L:/127.0.0.1:57220 - R:localhost/127.0.0.1:7207] for GET '/session/a763fe3b148c126701fe70f51c9259e1/title'
[DEBUG] 

Request DefaultFullHttpRequest(decodeResult: success, version: HTTP/1.1, content: EmptyByteBufBE)
GET /session/a763fe3b148c126701fe70f51c9259e1/title HTTP/1.1
User-Agent: selenium/4.6.0 (java windows)
Cache-Control: no-cache
Content-Type: application/json; charset=utf-8
host: localhost:7207
accept: */*

Response DefaultHttpResponse(decodeResult: success, version: HTTP/1.1)
HTTP/1.1 200 OK
Content-Type: application/json; charset=utf-8
cache-control: no-cache
content-length: 50

[DEBUG] Adding key: http://localhost:7207 for channel [id: 0x2781b250, L:/127.0.0.1:57220 - R:localhost/127.0.0.1:7207]
Dashboard / nopCommerce administration
Test has been Failed  where actual title is:Dashboard / nopCommerce administration the expected Title:Dashboard / nopcommerce administration
[INFO ] 2023-01-31 13:34:35.744 [main] StepDef - Test has been Failed  where actual title is:Dashboard / nopCommerce administration the expected Title:Dashboard / nopcommerce administration
[DEBUG] Using pooled Channel '[id: 0x2781b250, L:/127.0.0.1:57220 - R:localhost/127.0.0.1:7207]' for 'POST' to 'http://localhost:7207/session/a763fe3b148c126701fe70f51c9259e1/element'
[DEBUG] Using open Channel [id: 0x2781b250, L:/127.0.0.1:57220 - R:localhost/127.0.0.1:7207] for POST '/session/a763fe3b148c126701fe70f51c9259e1/element'
[DEBUG] 

Request DefaultHttpRequest(decodeResult: success, version: HTTP/1.1)
POST /session/a763fe3b148c126701fe70f51c9259e1/element HTTP/1.1
User-Agent: selenium/4.6.0 (java windows)
Content-Length: 47
Content-Type: application/json; charset=utf-8
host: localhost:7207
accept: */*

Response DefaultHttpResponse(decodeResult: success, version: HTTP/1.1)
HTTP/1.1 200 OK
Content-Type: application/json; charset=utf-8
cache-control: no-cache
content-length: 88

[DEBUG] Adding key: http://localhost:7207 for channel [id: 0x2781b250, L:/127.0.0.1:57220 - R:localhost/127.0.0.1:7207]
[DEBUG] Using pooled Channel '[id: 0x2781b250, L:/127.0.0.1:57220 - R:localhost/127.0.0.1:7207]' for 'POST' to 'http://localhost:7207/session/a763fe3b148c126701fe70f51c9259e1/element/36c24fd5-4ced-4341-ac57-648aa7466942/click'
[DEBUG] Using open Channel [id: 0x2781b250, L:/127.0.0.1:57220 - R:localhost/127.0.0.1:7207] for POST '/session/a763fe3b148c126701fe70f51c9259e1/element/36c24fd5-4ced-4341-ac57-648aa7466942/click'
[DEBUG] Entry count for : http://localhost:57195 : 1
[DEBUG] Entry count for : http://localhost:57221 : 1
[DEBUG] Entry count for : http://localhost:7999 : 1
[DEBUG] Entry count for : http://localhost:18354 : 1
[DEBUG] Entry count for : http://localhost:57195 : 1
[DEBUG] Entry count for : http://localhost:57221 : 1
[DEBUG] Entry count for : http://localhost:7999 : 1
[DEBUG] Entry count for : http://localhost:18354 : 1
[DEBUG] Entry count for : http://localhost:57195 : 1
[DEBUG] Entry count for : http://localhost:57221 : 1
[DEBUG] Entry count for : http://localhost:7999 : 1
[DEBUG] Entry count for : http://localhost:18354 : 1
[DEBUG] Entry count for : http://localhost:57195 : 1
[DEBUG] Entry count for : http://localhost:57221 : 1
[DEBUG] Entry count for : http://localhost:7999 : 1
[DEBUG] Entry count for : http://localhost:18354 : 1
[DEBUG] Entry count for : http://localhost:57195 : 1
[DEBUG] Entry count for : http://localhost:57221 : 1
[DEBUG] Entry count for : http://localhost:7999 : 1
[DEBUG] Entry count for : http://localhost:18354 : 1
[DEBUG] Entry count for : http://localhost:57195 : 1
[DEBUG] Entry count for : http://localhost:57221 : 1
[DEBUG] Entry count for : http://localhost:7999 : 1
[DEBUG] Entry count for : http://localhost:18354 : 1
[DEBUG] Entry count for : http://localhost:57195 : 1
[DEBUG] Entry count for : http://localhost:57221 : 1
[DEBUG] Entry count for : http://localhost:7999 : 1
[DEBUG] Entry count for : http://localhost:18354 : 1
[DEBUG] Adding Candidate expired Channel [id: 0x1697e3e0, L:/127.0.0.1:57168 - R:localhost/127.0.0.1:18354] isIdleTimeoutExpired=true isRemotelyClosed=false isTtlExpired=false
[DEBUG] Closing Idle Channel [id: 0x1697e3e0, L:/127.0.0.1:57168 - R:localhost/127.0.0.1:18354]
[DEBUG] Closed 1 connections out of 4 in 0 ms
[DEBUG] Channel Closed: [id: 0x1697e3e0, L:/127.0.0.1:57168 ! R:localhost/127.0.0.1:18354] with attribute DISCARD
[DEBUG] 

Request DefaultHttpRequest(decodeResult: success, version: HTTP/1.1)
POST /session/a763fe3b148c126701fe70f51c9259e1/element/36c24fd5-4ced-4341-ac57-648aa7466942/click HTTP/1.1
User-Agent: selenium/4.6.0 (java windows)
Content-Length: 50
Content-Type: application/json; charset=utf-8
host: localhost:7207
accept: */*

Response DefaultHttpResponse(decodeResult: success, version: HTTP/1.1)
HTTP/1.1 200 OK
Content-Type: application/json; charset=utf-8
cache-control: no-cache
content-length: 14

[DEBUG] Adding key: http://localhost:7207 for channel [id: 0x2781b250, L:/127.0.0.1:57220 - R:localhost/127.0.0.1:7207]
[INFO ] 2023-01-31 13:34:43.686 [main] StepDef - Click On logout BTN succesfully
[DEBUG] Using pooled Channel '[id: 0x2781b250, L:/127.0.0.1:57220 - R:localhost/127.0.0.1:7207]' for 'DELETE' to 'http://localhost:7207/session/a763fe3b148c126701fe70f51c9259e1/window'
[DEBUG] Using open Channel [id: 0x2781b250, L:/127.0.0.1:57220 - R:localhost/127.0.0.1:7207] for DELETE '/session/a763fe3b148c126701fe70f51c9259e1/window'
[DEBUG] Channel Closed: [id: 0xf9ca43f2, L:/127.0.0.1:57226 ! R:localhost/127.0.0.1:57221] with attribute DISCARD
[DEBUG] Channel Closed: [id: 0xce61dfcb, L:/127.0.0.1:57227 ! R:localhost/127.0.0.1:57221] with attribute NettyResponseFuture{currentRetry=0,
	isDone=1,
	isCancelled=0,
	asyncHandler=org.asynchttpclient.ws.WebSocketUpgradeHandler@9bb4a1b,
	nettyRequest=org.asynchttpclient.netty.request.NettyRequest@452cc65,
	future=java.util.concurrent.CompletableFuture@a34a613[Completed normally],
	uri=ws://localhost:57221/devtools/browser/0ce3bb44-aabd-4d35-a713-41f9822a9b50,
	keepAlive=true,
	redirectCount=0,
	timeoutsHolder=null,
	inAuth=0,
	touch=1675152246834}
[DEBUG] Closing Channel [id: 0xce61dfcb, L:/127.0.0.1:57227 ! R:localhost/127.0.0.1:57221] 
[DEBUG] 

Request DefaultFullHttpRequest(decodeResult: success, version: HTTP/1.1, content: EmptyByteBufBE)
DELETE /session/a763fe3b148c126701fe70f51c9259e1/window HTTP/1.1
User-Agent: selenium/4.6.0 (java windows)
Content-Type: application/json; charset=utf-8
host: localhost:7207
accept: */*

Response DefaultHttpResponse(decodeResult: success, version: HTTP/1.1)
HTTP/1.1 200 OK
Content-Type: application/json; charset=utf-8
cache-control: no-cache
content-length: 12

[DEBUG] Adding key: http://localhost:7207 for channel [id: 0x2781b250, L:/127.0.0.1:57220 - R:localhost/127.0.0.1:7207]
[INFO ] 2023-01-31 13:34:43.890 [main] StepDef - Browser has been closed succesfully
]]></system-out>
    <system-err><![CDATA[Starting ChromeDriver 109.0.5414.74 (e7c5703604daa9cc128ccf5a5d3e993513758913-refs/branch-heads/5414@{#1172}) on port 7207
Only local connections are allowed.
Please see https://chromedriver.chromium.org/security-considerations for suggestions on keeping ChromeDriver safe.
ChromeDriver was started successfully.
Jan 31, 2023 1:34:06 PM org.openqa.selenium.devtools.CdpVersionFinder findNearestMatch
WARNING: Unable to find an exact match for CDP version 109, so returning the closest version found: 107
[1675152283.788][SEVERE]: Unable to receive message from renderer
]]></system-err>
  </testcase>
  <testcase name="runScenario[&quot;sucessfull login with valid and inavalid credentials  DDT&quot;, &quot;Login&quot;](5)" classname="testRunner.Run" time="68.404">
    <system-out><![CDATA[[DEBUG] Resolution chrome=109 in cache (valid until 14:07:32 31/01/2023 IST)
[DEBUG] Resolution chrome109=109.0.5414.74 in cache (valid until 18:22:56 31/01/2023 IST)
[INFO] Using chromedriver 109.0.5414.74 (resolved driver for Chrome 109)
[DEBUG] Driver chromedriver 109.0.5414.74 found in cache
[INFO] Exporting webdriver.chrome.driver as C:\Users\dell\.cache\selenium\chromedriver\win32\109.0.5414.74\chromedriver.exe
[DEBUG] Entry count for : http://localhost:57195 : 1
[DEBUG] Entry count for : http://localhost:57221 : 1
[DEBUG] Entry count for : http://localhost:7999 : 1
[DEBUG] Entry count for : http://localhost:7207 : 1
[DEBUG] Adding Candidate expired Channel [id: 0xf9ca43f2, L:/127.0.0.1:57226 ! R:localhost/127.0.0.1:57221] isIdleTimeoutExpired=false isRemotelyClosed=true isTtlExpired=false
[DEBUG] Closing Idle Channel [id: 0xf9ca43f2, L:/127.0.0.1:57226 ! R:localhost/127.0.0.1:57221]
[DEBUG] Closed 1 connections out of 4 in 0 ms
[DEBUG] Using new Channel '[id: 0xd3787aff, L:/127.0.0.1:57264 - R:localhost/127.0.0.1:26191]' for 'POST' to '/session'
[DEBUG] 

Request DefaultHttpRequest(decodeResult: success, version: HTTP/1.1)
POST /session HTTP/1.1
User-Agent: selenium/4.6.0 (java windows)
Content-Length: 365
Content-Type: application/json; charset=utf-8
host: localhost:26191
accept: */*

Response DefaultHttpResponse(decodeResult: success, version: HTTP/1.1)
HTTP/1.1 200 OK
Content-Type: application/json; charset=utf-8
cache-control: no-cache
content-length: 791

[DEBUG] Adding key: http://localhost:26191 for channel [id: 0xd3787aff, L:/127.0.0.1:57264 - R:localhost/127.0.0.1:26191]
[DEBUG] Using new Channel '[id: 0xb4cd613d, L:/127.0.0.1:57270 - R:localhost/127.0.0.1:57265]' for 'GET' to '/json/version'
[DEBUG] 

Request DefaultFullHttpRequest(decodeResult: success, version: HTTP/1.1, content: EmptyByteBufBE)
GET /json/version HTTP/1.1
User-Agent: selenium/4.6.0 (java windows)
host: localhost:57265
accept: */*

Response DefaultHttpResponse(decodeResult: success, version: HTTP/1.1)
HTTP/1.1 200 OK
Content-Type: application/json; charset=UTF-8
content-length: 424

[DEBUG] Adding key: http://localhost:57265 for channel [id: 0xb4cd613d, L:/127.0.0.1:57270 - R:localhost/127.0.0.1:57265]
[DEBUG] Using new Channel '[id: 0xa793a4fc, L:/127.0.0.1:57271 - R:localhost/127.0.0.1:57265]' for 'GET' to '/devtools/browser/e5600112-2027-4507-866b-5eb1e56dfdc4'
[DEBUG] 

Request DefaultFullHttpRequest(decodeResult: success, version: HTTP/1.1, content: EmptyByteBufBE)
GET /devtools/browser/e5600112-2027-4507-866b-5eb1e56dfdc4 HTTP/1.1
upgrade: websocket
connection: upgrade
sec-websocket-key: zp4UKBVG3dV2g62SyI8TnQ==
sec-websocket-version: 13
origin: http://localhost:57265
host: localhost:57265
accept: */*
user-agent: AHC/2.1

Response DefaultHttpResponse(decodeResult: success, version: HTTP/1.1)
HTTP/1.1 101 WebSocket Protocol Handshake
Upgrade: WebSocket
Connection: Upgrade
Sec-WebSocket-Accept: ljneOT0DiXTuRKgIBLb3ydtTwto=

[INFO ] 2023-01-31 13:34:45.489 [main] StepDef - Browser has been launched 
[DEBUG] Entry count for : http://localhost:57195 : 1
[DEBUG] Entry count for : http://localhost:26191 : 1
[DEBUG] Entry count for : http://localhost:57265 : 1
[DEBUG] Entry count for : http://localhost:7999 : 1
[DEBUG] Entry count for : http://localhost:7207 : 1
[DEBUG] Adding Candidate expired Channel [id: 0x027fcbe3, L:/127.0.0.1:57200 - R:localhost/127.0.0.1:57195] isIdleTimeoutExpired=true isRemotelyClosed=false isTtlExpired=false
[DEBUG] Closing Idle Channel [id: 0x027fcbe3, L:/127.0.0.1:57200 - R:localhost/127.0.0.1:57195]
[DEBUG] Channel Closed: [id: 0x027fcbe3, L:/127.0.0.1:57200 ! R:localhost/127.0.0.1:57195] with attribute DISCARD
[DEBUG] Closed 1 connections out of 5 in 0 ms
[DEBUG] Using pooled Channel '[id: 0xd3787aff, L:/127.0.0.1:57264 - R:localhost/127.0.0.1:26191]' for 'POST' to 'http://localhost:26191/session/a198b09ff84ecd0400185bfd281f504b/url'
[DEBUG] Using open Channel [id: 0xd3787aff, L:/127.0.0.1:57264 - R:localhost/127.0.0.1:26191] for POST '/session/a198b09ff84ecd0400185bfd281f504b/url'
[DEBUG] Entry count for : http://localhost:57265 : 1
[DEBUG] Entry count for : http://localhost:7999 : 1
[DEBUG] Entry count for : http://localhost:7207 : 1
[DEBUG] Entry count for : http://localhost:57265 : 1
[DEBUG] Entry count for : http://localhost:7999 : 1
[DEBUG] Entry count for : http://localhost:7207 : 1
[DEBUG] Entry count for : http://localhost:57265 : 1
[DEBUG] Entry count for : http://localhost:7999 : 1
[DEBUG] Entry count for : http://localhost:7207 : 1
[DEBUG] Entry count for : http://localhost:57265 : 1
[DEBUG] Entry count for : http://localhost:7999 : 1
[DEBUG] Entry count for : http://localhost:7207 : 1
[DEBUG] Entry count for : http://localhost:57265 : 1
[DEBUG] Entry count for : http://localhost:7999 : 1
[DEBUG] Entry count for : http://localhost:7207 : 1
[DEBUG] Entry count for : http://localhost:57265 : 1
[DEBUG] Entry count for : http://localhost:7999 : 1
[DEBUG] Entry count for : http://localhost:7207 : 1
[DEBUG] Entry count for : http://localhost:57265 : 1
[DEBUG] Entry count for : http://localhost:7999 : 1
[DEBUG] Entry count for : http://localhost:7207 : 1
[DEBUG] 

Request DefaultHttpRequest(decodeResult: success, version: HTTP/1.1)
POST /session/a198b09ff84ecd0400185bfd281f504b/url HTTP/1.1
User-Agent: selenium/4.6.0 (java windows)
Content-Length: 69
Content-Type: application/json; charset=utf-8
host: localhost:26191
accept: */*

Response DefaultHttpResponse(decodeResult: success, version: HTTP/1.1)
HTTP/1.1 200 OK
Content-Type: application/json; charset=utf-8
cache-control: no-cache
content-length: 14

[DEBUG] Adding key: http://localhost:26191 for channel [id: 0xd3787aff, L:/127.0.0.1:57264 - R:localhost/127.0.0.1:26191]
[INFO ] 2023-01-31 13:34:54.202 [main] StepDef - URL has been hitted succesfullyhttp://admin-demo.nopcommerce.com/login
[DEBUG] Using pooled Channel '[id: 0xd3787aff, L:/127.0.0.1:57264 - R:localhost/127.0.0.1:26191]' for 'POST' to 'http://localhost:26191/session/a198b09ff84ecd0400185bfd281f504b/element'
[DEBUG] Using open Channel [id: 0xd3787aff, L:/127.0.0.1:57264 - R:localhost/127.0.0.1:26191] for POST '/session/a198b09ff84ecd0400185bfd281f504b/element'
[DEBUG] 

Request DefaultHttpRequest(decodeResult: success, version: HTTP/1.1)
POST /session/a198b09ff84ecd0400185bfd281f504b/element HTTP/1.1
User-Agent: selenium/4.6.0 (java windows)
Content-Length: 50
Content-Type: application/json; charset=utf-8
host: localhost:26191
accept: */*

Response DefaultHttpResponse(decodeResult: success, version: HTTP/1.1)
HTTP/1.1 200 OK
Content-Type: application/json; charset=utf-8
cache-control: no-cache
content-length: 88

[DEBUG] Adding key: http://localhost:26191 for channel [id: 0xd3787aff, L:/127.0.0.1:57264 - R:localhost/127.0.0.1:26191]
[DEBUG] Using pooled Channel '[id: 0xd3787aff, L:/127.0.0.1:57264 - R:localhost/127.0.0.1:26191]' for 'POST' to 'http://localhost:26191/session/a198b09ff84ecd0400185bfd281f504b/element/62eb4f1f-4e26-435e-81e8-4a4105e07920/clear'
[DEBUG] Using open Channel [id: 0xd3787aff, L:/127.0.0.1:57264 - R:localhost/127.0.0.1:26191] for POST '/session/a198b09ff84ecd0400185bfd281f504b/element/62eb4f1f-4e26-435e-81e8-4a4105e07920/clear'
[DEBUG] 

Request DefaultHttpRequest(decodeResult: success, version: HTTP/1.1)
POST /session/a198b09ff84ecd0400185bfd281f504b/element/62eb4f1f-4e26-435e-81e8-4a4105e07920/clear HTTP/1.1
User-Agent: selenium/4.6.0 (java windows)
Content-Length: 50
Content-Type: application/json; charset=utf-8
host: localhost:26191
accept: */*

Response DefaultHttpResponse(decodeResult: success, version: HTTP/1.1)
HTTP/1.1 200 OK
Content-Type: application/json; charset=utf-8
cache-control: no-cache
content-length: 14

[DEBUG] Adding key: http://localhost:26191 for channel [id: 0xd3787aff, L:/127.0.0.1:57264 - R:localhost/127.0.0.1:26191]
[DEBUG] Using pooled Channel '[id: 0xd3787aff, L:/127.0.0.1:57264 - R:localhost/127.0.0.1:26191]' for 'POST' to 'http://localhost:26191/session/a198b09ff84ecd0400185bfd281f504b/element'
[DEBUG] Using open Channel [id: 0xd3787aff, L:/127.0.0.1:57264 - R:localhost/127.0.0.1:26191] for POST '/session/a198b09ff84ecd0400185bfd281f504b/element'
[DEBUG] 

Request DefaultHttpRequest(decodeResult: success, version: HTTP/1.1)
POST /session/a198b09ff84ecd0400185bfd281f504b/element HTTP/1.1
User-Agent: selenium/4.6.0 (java windows)
Content-Length: 50
Content-Type: application/json; charset=utf-8
host: localhost:26191
accept: */*

Response DefaultHttpResponse(decodeResult: success, version: HTTP/1.1)
HTTP/1.1 200 OK
Content-Type: application/json; charset=utf-8
cache-control: no-cache
content-length: 88

[DEBUG] Adding key: http://localhost:26191 for channel [id: 0xd3787aff, L:/127.0.0.1:57264 - R:localhost/127.0.0.1:26191]
[DEBUG] Using pooled Channel '[id: 0xd3787aff, L:/127.0.0.1:57264 - R:localhost/127.0.0.1:26191]' for 'POST' to 'http://localhost:26191/session/a198b09ff84ecd0400185bfd281f504b/element/62eb4f1f-4e26-435e-81e8-4a4105e07920/value'
[DEBUG] Using open Channel [id: 0xd3787aff, L:/127.0.0.1:57264 - R:localhost/127.0.0.1:26191] for POST '/session/a198b09ff84ecd0400185bfd281f504b/element/62eb4f1f-4e26-435e-81e8-4a4105e07920/value'
[DEBUG] Entry count for : http://localhost:57265 : 1
[DEBUG] Entry count for : http://localhost:7999 : 1
[DEBUG] Entry count for : http://localhost:7207 : 1
[DEBUG] 

Request DefaultHttpRequest(decodeResult: success, version: HTTP/1.1)
POST /session/a198b09ff84ecd0400185bfd281f504b/element/62eb4f1f-4e26-435e-81e8-4a4105e07920/value HTTP/1.1
User-Agent: selenium/4.6.0 (java windows)
Content-Length: 271
Content-Type: application/json; charset=utf-8
host: localhost:26191
accept: */*

Response DefaultHttpResponse(decodeResult: success, version: HTTP/1.1)
HTTP/1.1 200 OK
Content-Type: application/json; charset=utf-8
cache-control: no-cache
content-length: 14

[DEBUG] Adding key: http://localhost:26191 for channel [id: 0xd3787aff, L:/127.0.0.1:57264 - R:localhost/127.0.0.1:26191]
[INFO ] 2023-01-31 13:34:54.386 [main] StepDef - Email Entered succesfully 
[DEBUG] Using pooled Channel '[id: 0xd3787aff, L:/127.0.0.1:57264 - R:localhost/127.0.0.1:26191]' for 'POST' to 'http://localhost:26191/session/a198b09ff84ecd0400185bfd281f504b/element'
[DEBUG] Using open Channel [id: 0xd3787aff, L:/127.0.0.1:57264 - R:localhost/127.0.0.1:26191] for POST '/session/a198b09ff84ecd0400185bfd281f504b/element'
[DEBUG] 

Request DefaultHttpRequest(decodeResult: success, version: HTTP/1.1)
POST /session/a198b09ff84ecd0400185bfd281f504b/element HTTP/1.1
User-Agent: selenium/4.6.0 (java windows)
Content-Length: 53
Content-Type: application/json; charset=utf-8
host: localhost:26191
accept: */*

Response DefaultHttpResponse(decodeResult: success, version: HTTP/1.1)
HTTP/1.1 200 OK
Content-Type: application/json; charset=utf-8
cache-control: no-cache
content-length: 88

[DEBUG] Adding key: http://localhost:26191 for channel [id: 0xd3787aff, L:/127.0.0.1:57264 - R:localhost/127.0.0.1:26191]
[DEBUG] Using pooled Channel '[id: 0xd3787aff, L:/127.0.0.1:57264 - R:localhost/127.0.0.1:26191]' for 'POST' to 'http://localhost:26191/session/a198b09ff84ecd0400185bfd281f504b/element/1cc2ea17-8fbb-4c17-a48a-e777af055040/clear'
[DEBUG] Using open Channel [id: 0xd3787aff, L:/127.0.0.1:57264 - R:localhost/127.0.0.1:26191] for POST '/session/a198b09ff84ecd0400185bfd281f504b/element/1cc2ea17-8fbb-4c17-a48a-e777af055040/clear'
[DEBUG] 

Request DefaultHttpRequest(decodeResult: success, version: HTTP/1.1)
POST /session/a198b09ff84ecd0400185bfd281f504b/element/1cc2ea17-8fbb-4c17-a48a-e777af055040/clear HTTP/1.1
User-Agent: selenium/4.6.0 (java windows)
Content-Length: 50
Content-Type: application/json; charset=utf-8
host: localhost:26191
accept: */*

Response DefaultHttpResponse(decodeResult: success, version: HTTP/1.1)
HTTP/1.1 200 OK
Content-Type: application/json; charset=utf-8
cache-control: no-cache
content-length: 14

[DEBUG] Adding key: http://localhost:26191 for channel [id: 0xd3787aff, L:/127.0.0.1:57264 - R:localhost/127.0.0.1:26191]
[DEBUG] Using pooled Channel '[id: 0xd3787aff, L:/127.0.0.1:57264 - R:localhost/127.0.0.1:26191]' for 'POST' to 'http://localhost:26191/session/a198b09ff84ecd0400185bfd281f504b/element'
[DEBUG] Using open Channel [id: 0xd3787aff, L:/127.0.0.1:57264 - R:localhost/127.0.0.1:26191] for POST '/session/a198b09ff84ecd0400185bfd281f504b/element'
[DEBUG] 

Request DefaultHttpRequest(decodeResult: success, version: HTTP/1.1)
POST /session/a198b09ff84ecd0400185bfd281f504b/element HTTP/1.1
User-Agent: selenium/4.6.0 (java windows)
Content-Length: 53
Content-Type: application/json; charset=utf-8
host: localhost:26191
accept: */*

Response DefaultHttpResponse(decodeResult: success, version: HTTP/1.1)
HTTP/1.1 200 OK
Content-Type: application/json; charset=utf-8
cache-control: no-cache
content-length: 88

[DEBUG] Adding key: http://localhost:26191 for channel [id: 0xd3787aff, L:/127.0.0.1:57264 - R:localhost/127.0.0.1:26191]
[DEBUG] Using pooled Channel '[id: 0xd3787aff, L:/127.0.0.1:57264 - R:localhost/127.0.0.1:26191]' for 'POST' to 'http://localhost:26191/session/a198b09ff84ecd0400185bfd281f504b/element/1cc2ea17-8fbb-4c17-a48a-e777af055040/value'
[DEBUG] Using open Channel [id: 0xd3787aff, L:/127.0.0.1:57264 - R:localhost/127.0.0.1:26191] for POST '/session/a198b09ff84ecd0400185bfd281f504b/element/1cc2ea17-8fbb-4c17-a48a-e777af055040/value'
[DEBUG] 

Request DefaultHttpRequest(decodeResult: success, version: HTTP/1.1)
POST /session/a198b09ff84ecd0400185bfd281f504b/element/1cc2ea17-8fbb-4c17-a48a-e777af055040/value HTTP/1.1
User-Agent: selenium/4.6.0 (java windows)
Content-Length: 131
Content-Type: application/json; charset=utf-8
host: localhost:26191
accept: */*

Response DefaultHttpResponse(decodeResult: success, version: HTTP/1.1)
HTTP/1.1 200 OK
Content-Type: application/json; charset=utf-8
cache-control: no-cache
content-length: 14

[DEBUG] Adding key: http://localhost:26191 for channel [id: 0xd3787aff, L:/127.0.0.1:57264 - R:localhost/127.0.0.1:26191]
[INFO ] 2023-01-31 13:34:54.546 [main] StepDef - Password  Entered succesfully 
[DEBUG] Using pooled Channel '[id: 0xd3787aff, L:/127.0.0.1:57264 - R:localhost/127.0.0.1:26191]' for 'POST' to 'http://localhost:26191/session/a198b09ff84ecd0400185bfd281f504b/element'
[DEBUG] Using open Channel [id: 0xd3787aff, L:/127.0.0.1:57264 - R:localhost/127.0.0.1:26191] for POST '/session/a198b09ff84ecd0400185bfd281f504b/element'
[DEBUG] 

Request DefaultHttpRequest(decodeResult: success, version: HTTP/1.1)
POST /session/a198b09ff84ecd0400185bfd281f504b/element HTTP/1.1
User-Agent: selenium/4.6.0 (java windows)
Content-Length: 71
Content-Type: application/json; charset=utf-8
host: localhost:26191
accept: */*

Response DefaultHttpResponse(decodeResult: success, version: HTTP/1.1)
HTTP/1.1 200 OK
Content-Type: application/json; charset=utf-8
cache-control: no-cache
content-length: 88

[DEBUG] Adding key: http://localhost:26191 for channel [id: 0xd3787aff, L:/127.0.0.1:57264 - R:localhost/127.0.0.1:26191]
[DEBUG] Using pooled Channel '[id: 0xd3787aff, L:/127.0.0.1:57264 - R:localhost/127.0.0.1:26191]' for 'POST' to 'http://localhost:26191/session/a198b09ff84ecd0400185bfd281f504b/element/94a2db13-0ed1-48fc-be6a-2e6640d94d6a/click'
[DEBUG] Using open Channel [id: 0xd3787aff, L:/127.0.0.1:57264 - R:localhost/127.0.0.1:26191] for POST '/session/a198b09ff84ecd0400185bfd281f504b/element/94a2db13-0ed1-48fc-be6a-2e6640d94d6a/click'
[DEBUG] Entry count for : http://localhost:57265 : 1
[DEBUG] Entry count for : http://localhost:7999 : 1
[DEBUG] Entry count for : http://localhost:7207 : 1
[DEBUG] Entry count for : http://localhost:57265 : 1
[DEBUG] Entry count for : http://localhost:7999 : 1
[DEBUG] Entry count for : http://localhost:7207 : 1
[DEBUG] Entry count for : http://localhost:57265 : 1
[DEBUG] Entry count for : http://localhost:7999 : 1
[DEBUG] Entry count for : http://localhost:7207 : 1
[DEBUG] Entry count for : http://localhost:57265 : 1
[DEBUG] Entry count for : http://localhost:7999 : 1
[DEBUG] Entry count for : http://localhost:7207 : 1
[DEBUG] Entry count for : http://localhost:57265 : 1
[DEBUG] Entry count for : http://localhost:7999 : 1
[DEBUG] Entry count for : http://localhost:7207 : 1
[DEBUG] Entry count for : http://localhost:57265 : 1
[DEBUG] Entry count for : http://localhost:7999 : 1
[DEBUG] Entry count for : http://localhost:7207 : 1
[DEBUG] Entry count for : http://localhost:57265 : 1
[DEBUG] Entry count for : http://localhost:7999 : 1
[DEBUG] Entry count for : http://localhost:7207 : 1
[DEBUG] Entry count for : http://localhost:57265 : 1
[DEBUG] Entry count for : http://localhost:7999 : 1
[DEBUG] Entry count for : http://localhost:7207 : 1
[DEBUG] Entry count for : http://localhost:57265 : 1
[DEBUG] Entry count for : http://localhost:7999 : 1
[DEBUG] Entry count for : http://localhost:7207 : 1
[DEBUG] Entry count for : http://localhost:57265 : 1
[DEBUG] Entry count for : http://localhost:7999 : 1
[DEBUG] Entry count for : http://localhost:7207 : 1
[DEBUG] Adding Candidate expired Channel [id: 0x58cd2732, L:/127.0.0.1:57194 - R:localhost/127.0.0.1:7999] isIdleTimeoutExpired=true isRemotelyClosed=false isTtlExpired=false
[DEBUG] Closing Idle Channel [id: 0x58cd2732, L:/127.0.0.1:57194 - R:localhost/127.0.0.1:7999]
[DEBUG] Closed 1 connections out of 3 in 0 ms
[DEBUG] Channel Closed: [id: 0x58cd2732, L:/127.0.0.1:57194 ! R:localhost/127.0.0.1:7999] with attribute DISCARD
[DEBUG] Entry count for : http://localhost:57265 : 1
[DEBUG] Entry count for : http://localhost:7207 : 1
[DEBUG] Entry count for : http://localhost:57265 : 1
[DEBUG] Entry count for : http://localhost:7207 : 1
[DEBUG] Entry count for : http://localhost:57265 : 1
[DEBUG] Entry count for : http://localhost:7207 : 1
[DEBUG] Entry count for : http://localhost:57265 : 1
[DEBUG] Entry count for : http://localhost:7207 : 1
[DEBUG] Entry count for : http://localhost:57265 : 1
[DEBUG] Entry count for : http://localhost:7207 : 1
[DEBUG] Entry count for : http://localhost:57265 : 1
[DEBUG] Entry count for : http://localhost:7207 : 1
[DEBUG] Entry count for : http://localhost:57265 : 1
[DEBUG] Entry count for : http://localhost:7207 : 1
[DEBUG] Entry count for : http://localhost:57265 : 1
[DEBUG] Entry count for : http://localhost:7207 : 1
[DEBUG] Entry count for : http://localhost:57265 : 1
[DEBUG] Entry count for : http://localhost:7207 : 1
[DEBUG] Entry count for : http://localhost:57265 : 1
[DEBUG] Entry count for : http://localhost:7207 : 1
[DEBUG] Entry count for : http://localhost:57265 : 1
[DEBUG] Entry count for : http://localhost:7207 : 1
[DEBUG] Entry count for : http://localhost:57265 : 1
[DEBUG] Entry count for : http://localhost:7207 : 1
[DEBUG] Entry count for : http://localhost:57265 : 1
[DEBUG] Entry count for : http://localhost:7207 : 1
[DEBUG] Entry count for : http://localhost:57265 : 1
[DEBUG] Entry count for : http://localhost:7207 : 1
[DEBUG] Entry count for : http://localhost:57265 : 1
[DEBUG] Entry count for : http://localhost:7207 : 1
[DEBUG] Entry count for : http://localhost:57265 : 1
[DEBUG] Entry count for : http://localhost:7207 : 1
[DEBUG] Entry count for : http://localhost:57265 : 1
[DEBUG] Entry count for : http://localhost:7207 : 1
[DEBUG] Entry count for : http://localhost:57265 : 1
[DEBUG] Entry count for : http://localhost:7207 : 1
[DEBUG] Entry count for : http://localhost:57265 : 1
[DEBUG] Entry count for : http://localhost:7207 : 1
[DEBUG] Entry count for : http://localhost:57265 : 1
[DEBUG] Entry count for : http://localhost:7207 : 1
[DEBUG] Entry count for : http://localhost:57265 : 1
[DEBUG] Entry count for : http://localhost:7207 : 1
[DEBUG] Entry count for : http://localhost:57265 : 1
[DEBUG] Entry count for : http://localhost:7207 : 1
[DEBUG] Entry count for : http://localhost:57265 : 1
[DEBUG] Entry count for : http://localhost:7207 : 1
[DEBUG] Entry count for : http://localhost:57265 : 1
[DEBUG] Entry count for : http://localhost:7207 : 1
[DEBUG] Entry count for : http://localhost:57265 : 1
[DEBUG] Entry count for : http://localhost:7207 : 1
[DEBUG] Entry count for : http://localhost:57265 : 1
[DEBUG] Entry count for : http://localhost:7207 : 1
[DEBUG] Entry count for : http://localhost:57265 : 1
[DEBUG] Entry count for : http://localhost:7207 : 1
[DEBUG] Entry count for : http://localhost:57265 : 1
[DEBUG] Entry count for : http://localhost:7207 : 1
[DEBUG] Entry count for : http://localhost:57265 : 1
[DEBUG] Entry count for : http://localhost:7207 : 1
[DEBUG] Entry count for : http://localhost:57265 : 1
[DEBUG] Entry count for : http://localhost:7207 : 1
[DEBUG] Entry count for : http://localhost:57265 : 1
[DEBUG] Entry count for : http://localhost:7207 : 1
[DEBUG] Entry count for : http://localhost:57265 : 1
[DEBUG] Entry count for : http://localhost:7207 : 1
[DEBUG] Entry count for : http://localhost:57265 : 1
[DEBUG] Entry count for : http://localhost:7207 : 1
[DEBUG] Entry count for : http://localhost:57265 : 1
[DEBUG] Entry count for : http://localhost:7207 : 1
[DEBUG] Entry count for : http://localhost:57265 : 1
[DEBUG] Entry count for : http://localhost:7207 : 1
[DEBUG] Entry count for : http://localhost:57265 : 1
[DEBUG] Entry count for : http://localhost:7207 : 1
[DEBUG] Adding Candidate expired Channel [id: 0x2781b250, L:/127.0.0.1:57220 - R:localhost/127.0.0.1:7207] isIdleTimeoutExpired=true isRemotelyClosed=false isTtlExpired=false
[DEBUG] Closing Idle Channel [id: 0x2781b250, L:/127.0.0.1:57220 - R:localhost/127.0.0.1:7207]
[DEBUG] Closed 1 connections out of 2 in 1 ms
[DEBUG] Channel Closed: [id: 0x2781b250, L:/127.0.0.1:57220 ! R:localhost/127.0.0.1:7207] with attribute DISCARD
[DEBUG] 

Request DefaultHttpRequest(decodeResult: success, version: HTTP/1.1)
POST /session/a198b09ff84ecd0400185bfd281f504b/element/94a2db13-0ed1-48fc-be6a-2e6640d94d6a/click HTTP/1.1
User-Agent: selenium/4.6.0 (java windows)
Content-Length: 50
Content-Type: application/json; charset=utf-8
host: localhost:26191
accept: */*

Response DefaultHttpResponse(decodeResult: success, version: HTTP/1.1)
HTTP/1.1 200 OK
Content-Type: application/json; charset=utf-8
cache-control: no-cache
content-length: 14

[DEBUG] Adding key: http://localhost:26191 for channel [id: 0xd3787aff, L:/127.0.0.1:57264 - R:localhost/127.0.0.1:26191]
[INFO ] 2023-01-31 13:35:45.315 [main] StepDef - Clicked on login Button successfully
[DEBUG] Using pooled Channel '[id: 0xd3787aff, L:/127.0.0.1:57264 - R:localhost/127.0.0.1:26191]' for 'GET' to 'http://localhost:26191/session/a198b09ff84ecd0400185bfd281f504b/title'
[DEBUG] Using open Channel [id: 0xd3787aff, L:/127.0.0.1:57264 - R:localhost/127.0.0.1:26191] for GET '/session/a198b09ff84ecd0400185bfd281f504b/title'
[DEBUG] 

Request DefaultFullHttpRequest(decodeResult: success, version: HTTP/1.1, content: EmptyByteBufBE)
GET /session/a198b09ff84ecd0400185bfd281f504b/title HTTP/1.1
User-Agent: selenium/4.6.0 (java windows)
Cache-Control: no-cache
Content-Type: application/json; charset=utf-8
host: localhost:26191
accept: */*

Response DefaultHttpResponse(decodeResult: success, version: HTTP/1.1)
HTTP/1.1 200 OK
Content-Type: application/json; charset=utf-8
cache-control: no-cache
content-length: 50

[DEBUG] Adding key: http://localhost:26191 for channel [id: 0xd3787aff, L:/127.0.0.1:57264 - R:localhost/127.0.0.1:26191]
Dashboard / nopCommerce administration
Test has been Failed  where actual title is:Dashboard / nopCommerce administration the expected Title:Dashboard / nopcommerce administration
[INFO ] 2023-01-31 13:35:45.326 [main] StepDef - Test has been Failed  where actual title is:Dashboard / nopCommerce administration the expected Title:Dashboard / nopcommerce administration
[DEBUG] Using pooled Channel '[id: 0xd3787aff, L:/127.0.0.1:57264 - R:localhost/127.0.0.1:26191]' for 'POST' to 'http://localhost:26191/session/a198b09ff84ecd0400185bfd281f504b/element'
[DEBUG] Using open Channel [id: 0xd3787aff, L:/127.0.0.1:57264 - R:localhost/127.0.0.1:26191] for POST '/session/a198b09ff84ecd0400185bfd281f504b/element'
[DEBUG] 

Request DefaultHttpRequest(decodeResult: success, version: HTTP/1.1)
POST /session/a198b09ff84ecd0400185bfd281f504b/element HTTP/1.1
User-Agent: selenium/4.6.0 (java windows)
Content-Length: 47
Content-Type: application/json; charset=utf-8
host: localhost:26191
accept: */*

Response DefaultHttpResponse(decodeResult: success, version: HTTP/1.1)
HTTP/1.1 200 OK
Content-Type: application/json; charset=utf-8
cache-control: no-cache
content-length: 88

[DEBUG] Adding key: http://localhost:26191 for channel [id: 0xd3787aff, L:/127.0.0.1:57264 - R:localhost/127.0.0.1:26191]
[DEBUG] Using pooled Channel '[id: 0xd3787aff, L:/127.0.0.1:57264 - R:localhost/127.0.0.1:26191]' for 'POST' to 'http://localhost:26191/session/a198b09ff84ecd0400185bfd281f504b/element/7836f743-4be1-4c76-b748-e4586c99a616/click'
[DEBUG] Using open Channel [id: 0xd3787aff, L:/127.0.0.1:57264 - R:localhost/127.0.0.1:26191] for POST '/session/a198b09ff84ecd0400185bfd281f504b/element/7836f743-4be1-4c76-b748-e4586c99a616/click'
[DEBUG] Channel Closed: [id: 0x88e8b3ed, L:/127.0.0.1:57175 ! R:localhost/127.0.0.1:57169] with attribute NettyResponseFuture{currentRetry=0,
	isDone=1,
	isCancelled=0,
	asyncHandler=org.asynchttpclient.ws.WebSocketUpgradeHandler@697285eb,
	nettyRequest=org.asynchttpclient.netty.request.NettyRequest@2cb9ad4c,
	future=java.util.concurrent.CompletableFuture@11cf478f[Completed normally],
	uri=ws://localhost:57169/devtools/browser/cd72401f-3428-4c47-8807-0e456018fc83,
	keepAlive=true,
	redirectCount=0,
	timeoutsHolder=null,
	inAuth=0,
	touch=1675152202467}
[DEBUG] Closing Channel [id: 0x88e8b3ed, L:/127.0.0.1:57175 ! R:localhost/127.0.0.1:57169] 
[DEBUG] Entry count for : http://localhost:57265 : 1
[DEBUG] Adding Candidate expired Channel [id: 0xb4cd613d, L:/127.0.0.1:57270 - R:localhost/127.0.0.1:57265] isIdleTimeoutExpired=true isRemotelyClosed=false isTtlExpired=false
[DEBUG] Closing Idle Channel [id: 0xb4cd613d, L:/127.0.0.1:57270 - R:localhost/127.0.0.1:57265]
[DEBUG] Closed 1 connections out of 1 in 0 ms
[DEBUG] Channel Closed: [id: 0xb4cd613d, L:/127.0.0.1:57270 ! R:localhost/127.0.0.1:57265] with attribute DISCARD
[DEBUG] Channel Closed: [id: 0x7ffef212, L:/127.0.0.1:57201 ! R:localhost/127.0.0.1:57195] with attribute NettyResponseFuture{currentRetry=0,
	isDone=1,
	isCancelled=0,
	asyncHandler=org.asynchttpclient.ws.WebSocketUpgradeHandler@50fa1d50,
	nettyRequest=org.asynchttpclient.netty.request.NettyRequest@6df30457,
	future=java.util.concurrent.CompletableFuture@1d1ac203[Completed normally],
	uri=ws://localhost:57195/devtools/browser/6d87f1e3-a40e-47dc-ac1a-c3fb7e522791,
	keepAlive=true,
	redirectCount=0,
	timeoutsHolder=null,
	inAuth=0,
	touch=1675152224615}
[DEBUG] Closing Channel [id: 0x7ffef212, L:/127.0.0.1:57201 ! R:localhost/127.0.0.1:57195] 
[DEBUG] 

Request DefaultHttpRequest(decodeResult: success, version: HTTP/1.1)
POST /session/a198b09ff84ecd0400185bfd281f504b/element/7836f743-4be1-4c76-b748-e4586c99a616/click HTTP/1.1
User-Agent: selenium/4.6.0 (java windows)
Content-Length: 50
Content-Type: application/json; charset=utf-8
host: localhost:26191
accept: */*

Response DefaultHttpResponse(decodeResult: success, version: HTTP/1.1)
HTTP/1.1 200 OK
Content-Type: application/json; charset=utf-8
cache-control: no-cache
content-length: 14

[DEBUG] Adding key: http://localhost:26191 for channel [id: 0xd3787aff, L:/127.0.0.1:57264 - R:localhost/127.0.0.1:26191]
[INFO ] 2023-01-31 13:35:52.188 [main] StepDef - Click On logout BTN succesfully
[DEBUG] Using pooled Channel '[id: 0xd3787aff, L:/127.0.0.1:57264 - R:localhost/127.0.0.1:26191]' for 'DELETE' to 'http://localhost:26191/session/a198b09ff84ecd0400185bfd281f504b/window'
[DEBUG] Using open Channel [id: 0xd3787aff, L:/127.0.0.1:57264 - R:localhost/127.0.0.1:26191] for DELETE '/session/a198b09ff84ecd0400185bfd281f504b/window'
[DEBUG] Unexpected I/O exception on channel [id: 0xa793a4fc, L:/127.0.0.1:57271 - R:localhost/127.0.0.1:57265]
java.io.IOException: An existing connection was forcibly closed by the remote host
	at sun.nio.ch.SocketDispatcher.read0(Native Method) ~[na:1.8.0_202]
	at sun.nio.ch.SocketDispatcher.read(SocketDispatcher.java:43) ~[na:1.8.0_202]
	at sun.nio.ch.IOUtil.readIntoNativeBuffer(IOUtil.java:223) ~[na:1.8.0_202]
	at sun.nio.ch.IOUtil.read(IOUtil.java:192) ~[na:1.8.0_202]
	at sun.nio.ch.SocketChannelImpl.read(SocketChannelImpl.java:380) ~[na:1.8.0_202]
	at io.netty.buffer.PooledByteBuf.setBytes(PooledByteBuf.java:259) ~[netty-buffer-4.1.84.Final.jar:4.1.84.Final]
	at io.netty.buffer.AbstractByteBuf.writeBytes(AbstractByteBuf.java:1132) ~[netty-buffer-4.1.84.Final.jar:4.1.84.Final]
	at io.netty.channel.socket.nio.NioSocketChannel.doReadBytes(NioSocketChannel.java:357) ~[netty-transport-4.1.84.Final.jar:4.1.84.Final]
	at io.netty.channel.nio.AbstractNioByteChannel$NioByteUnsafe.read(AbstractNioByteChannel.java:151) ~[netty-transport-4.1.84.Final.jar:4.1.84.Final]
	at io.netty.channel.nio.NioEventLoop.processSelectedKey(NioEventLoop.java:788) [netty-transport-4.1.84.Final.jar:4.1.84.Final]
	at io.netty.channel.nio.NioEventLoop.processSelectedKeysOptimized(NioEventLoop.java:724) [netty-transport-4.1.84.Final.jar:4.1.84.Final]
	at io.netty.channel.nio.NioEventLoop.processSelectedKeys(NioEventLoop.java:650) [netty-transport-4.1.84.Final.jar:4.1.84.Final]
	at io.netty.channel.nio.NioEventLoop.run(NioEventLoop.java:562) [netty-transport-4.1.84.Final.jar:4.1.84.Final]
	at io.netty.util.concurrent.SingleThreadEventExecutor$4.run(SingleThreadEventExecutor.java:997) [netty-common-4.1.84.Final.jar:4.1.84.Final]
	at io.netty.util.internal.ThreadExecutorMap$2.run(ThreadExecutorMap.java:74) [netty-common-4.1.84.Final.jar:4.1.84.Final]
	at io.netty.util.concurrent.FastThreadLocalRunnable.run(FastThreadLocalRunnable.java:30) [netty-common-4.1.84.Final.jar:4.1.84.Final]
	at java.lang.Thread.run(Thread.java:748) [na:1.8.0_202]
[DEBUG] Trying to recover from dead Channel: [id: 0xa793a4fc, L:/127.0.0.1:57271 - R:localhost/127.0.0.1:57265]
[DEBUG] Channel Closed: [id: 0xa793a4fc, L:/127.0.0.1:57271 ! R:localhost/127.0.0.1:57265] with attribute NettyResponseFuture{currentRetry=0,
	isDone=1,
	isCancelled=0,
	asyncHandler=org.asynchttpclient.ws.WebSocketUpgradeHandler@5095640d,
	nettyRequest=org.asynchttpclient.netty.request.NettyRequest@44567937,
	future=java.util.concurrent.CompletableFuture@284049d5[Completed normally],
	uri=ws://localhost:57265/devtools/browser/e5600112-2027-4507-866b-5eb1e56dfdc4,
	keepAlive=true,
	redirectCount=0,
	timeoutsHolder=null,
	inAuth=0,
	touch=1675152352263}
[DEBUG] Closing Channel [id: 0xa793a4fc, L:/127.0.0.1:57271 ! R:localhost/127.0.0.1:57265] 
[DEBUG] 

Request DefaultFullHttpRequest(decodeResult: success, version: HTTP/1.1, content: EmptyByteBufBE)
DELETE /session/a198b09ff84ecd0400185bfd281f504b/window HTTP/1.1
User-Agent: selenium/4.6.0 (java windows)
Content-Type: application/json; charset=utf-8
host: localhost:26191
accept: */*

Response DefaultHttpResponse(decodeResult: success, version: HTTP/1.1)
HTTP/1.1 200 OK
Content-Type: application/json; charset=utf-8
cache-control: no-cache
content-length: 12

[DEBUG] Adding key: http://localhost:26191 for channel [id: 0xd3787aff, L:/127.0.0.1:57264 - R:localhost/127.0.0.1:26191]
[INFO ] 2023-01-31 13:35:52.296 [main] StepDef - Browser has been closed succesfully
]]></system-out>
    <system-err><![CDATA[Starting ChromeDriver 109.0.5414.74 (e7c5703604daa9cc128ccf5a5d3e993513758913-refs/branch-heads/5414@{#1172}) on port 26191
Only local connections are allowed.
Please see https://chromedriver.chromium.org/security-considerations for suggestions on keeping ChromeDriver safe.
ChromeDriver was started successfully.
Jan 31, 2023 1:34:45 PM org.openqa.selenium.devtools.CdpVersionFinder findNearestMatch
WARNING: Unable to find an exact match for CDP version 109, so returning the closest version found: 107
]]></system-err>
  </testcase>
  <testcase name="runScenario[&quot;sucessfull login with valid and inavalid credentials  DDT&quot;, &quot;Login&quot;](6)" classname="testRunner.Run" time="5.12">
    <failure message="no such element: Unable to locate element: {&quot;method&quot;:&quot;link text&quot;,&quot;selector&quot;:&quot;Logout&quot;}&#10;  (Session info: chrome=109.0.5414.120)&#10;For documentation on this error, please visit: https://selenium.dev/exceptions/#no_such_element&#10;Build info: version: &apos;4.6.0&apos;, revision: &apos;79f1c02ae20&apos;&#10;System info: os.name: &apos;Windows 10&apos;, os.arch: &apos;amd64&apos;, os.version: &apos;10.0&apos;, java.version: &apos;1.8.0_202&apos;&#10;Driver info: org.openqa.selenium.chrome.ChromeDriver&#10;Command: [b89166623027b658d6f56d3344827524, findElement {using=link text, value=Logout}]&#10;Capabilities {acceptInsecureCerts: false, browserName: chrome, browserVersion: 109.0.5414.120, chrome: {chromedriverVersion: 109.0.5414.74 (e7c5703604da..., userDataDir: C:\Users\dell\AppData\Local...}, goog:chromeOptions: {debuggerAddress: localhost:57320}, networkConnectionEnabled: false, pageLoadStrategy: normal, platformName: WINDOWS, proxy: Proxy(), se:cdp: ws://localhost:57320/devtoo..., se:cdpVersion: 109.0.5414.120, setWindowRect: true, strictFileInteractability: false, timeouts: {implicit: 0, pageLoad: 300000, script: 30000}, unhandledPromptBehavior: dismiss and notify, webauthn:extension:credBlob: true, webauthn:extension:largeBlob: true, webauthn:virtualAuthenticators: true}&#10;Session ID: b89166623027b658d6f56d3344827524" type="org.openqa.selenium.NoSuchElementException"><![CDATA[org.openqa.selenium.NoSuchElementException: 
no such element: Unable to locate element: {"method":"link text","selector":"Logout"}
  (Session info: chrome=109.0.5414.120)
For documentation on this error, please visit: https://selenium.dev/exceptions/#no_such_element
Build info: version: '4.6.0', revision: '79f1c02ae20'
System info: os.name: 'Windows 10', os.arch: 'amd64', os.version: '10.0', java.version: '1.8.0_202'
Driver info: org.openqa.selenium.chrome.ChromeDriver
Command: [b89166623027b658d6f56d3344827524, findElement {using=link text, value=Logout}]
Capabilities {acceptInsecureCerts: false, browserName: chrome, browserVersion: 109.0.5414.120, chrome: {chromedriverVersion: 109.0.5414.74 (e7c5703604da..., userDataDir: C:\Users\dell\AppData\Local...}, goog:chromeOptions: {debuggerAddress: localhost:57320}, networkConnectionEnabled: false, pageLoadStrategy: normal, platformName: WINDOWS, proxy: Proxy(), se:cdp: ws://localhost:57320/devtoo..., se:cdpVersion: 109.0.5414.120, setWindowRect: true, strictFileInteractability: false, timeouts: {implicit: 0, pageLoad: 300000, script: 30000}, unhandledPromptBehavior: dismiss and notify, webauthn:extension:credBlob: true, webauthn:extension:largeBlob: true, webauthn:virtualAuthenticators: true}
Session ID: b89166623027b658d6f56d3344827524
	at sun.reflect.NativeConstructorAccessorImpl.newInstance0(Native Method)
	at sun.reflect.NativeConstructorAccessorImpl.newInstance(NativeConstructorAccessorImpl.java:62)
	at sun.reflect.DelegatingConstructorAccessorImpl.newInstance(DelegatingConstructorAccessorImpl.java:45)
	at java.lang.reflect.Constructor.newInstance(Constructor.java:423)
	at org.openqa.selenium.remote.codec.w3c.W3CHttpResponseCodec.createException(W3CHttpResponseCodec.java:200)
	at org.openqa.selenium.remote.codec.w3c.W3CHttpResponseCodec.decode(W3CHttpResponseCodec.java:133)
	at org.openqa.selenium.remote.codec.w3c.W3CHttpResponseCodec.decode(W3CHttpResponseCodec.java:53)
	at org.openqa.selenium.remote.HttpCommandExecutor.execute(HttpCommandExecutor.java:184)
	at org.openqa.selenium.remote.service.DriverCommandExecutor.invokeExecute(DriverCommandExecutor.java:167)
	at org.openqa.selenium.remote.service.DriverCommandExecutor.execute(DriverCommandExecutor.java:142)
	at org.openqa.selenium.remote.RemoteWebDriver.execute(RemoteWebDriver.java:541)
	at org.openqa.selenium.remote.ElementLocation$ElementFinder$2.findElement(ElementLocation.java:162)
	at org.openqa.selenium.remote.ElementLocation.findElement(ElementLocation.java:60)
	at org.openqa.selenium.remote.RemoteWebDriver.findElement(RemoteWebDriver.java:365)
	at org.openqa.selenium.remote.RemoteWebDriver.findElement(RemoteWebDriver.java:357)
	at org.openqa.selenium.support.pagefactory.DefaultElementLocator.findElement(DefaultElementLocator.java:70)
	at org.openqa.selenium.support.pagefactory.internal.LocatingElementHandler.invoke(LocatingElementHandler.java:39)
	at com.sun.proxy.$Proxy39.click(Unknown Source)
	at pageObject.LoginPage.clickOnLogOutBtn(LoginPage.java:43)
	at stepDefinition.StepDef.user_click_on_log_out_link(StepDef.java:130)
	at ✽.user click on Log out link(file:///D:/new%20projects/BDDCucumber/Features/LoginFeature.feature:20)
]]></failure>
    <system-out><![CDATA[[DEBUG] Resolution chrome=109 in cache (valid until 14:07:32 31/01/2023 IST)
[DEBUG] Resolution chrome109=109.0.5414.74 in cache (valid until 18:22:56 31/01/2023 IST)
[INFO] Using chromedriver 109.0.5414.74 (resolved driver for Chrome 109)
[DEBUG] Driver chromedriver 109.0.5414.74 found in cache
[INFO] Exporting webdriver.chrome.driver as C:\Users\dell\.cache\selenium\chromedriver\win32\109.0.5414.74\chromedriver.exe
[DEBUG] Entry count for : http://localhost:26191 : 1
[DEBUG] Using new Channel '[id: 0x97830565, L:/127.0.0.1:57319 - R:localhost/127.0.0.1:48645]' for 'POST' to '/session'
[DEBUG] Entry count for : http://localhost:26191 : 1
[DEBUG] 

Request DefaultHttpRequest(decodeResult: success, version: HTTP/1.1)
POST /session HTTP/1.1
User-Agent: selenium/4.6.0 (java windows)
Content-Length: 365
Content-Type: application/json; charset=utf-8
host: localhost:48645
accept: */*

Response DefaultHttpResponse(decodeResult: success, version: HTTP/1.1)
HTTP/1.1 200 OK
Content-Type: application/json; charset=utf-8
cache-control: no-cache
content-length: 791

[DEBUG] Adding key: http://localhost:48645 for channel [id: 0x97830565, L:/127.0.0.1:57319 - R:localhost/127.0.0.1:48645]
[DEBUG] Using new Channel '[id: 0x3cb86883, L:/127.0.0.1:57325 - R:localhost/127.0.0.1:57320]' for 'GET' to '/json/version'
[DEBUG] 

Request DefaultFullHttpRequest(decodeResult: success, version: HTTP/1.1, content: EmptyByteBufBE)
GET /json/version HTTP/1.1
User-Agent: selenium/4.6.0 (java windows)
host: localhost:57320
accept: */*

Response DefaultHttpResponse(decodeResult: success, version: HTTP/1.1)
HTTP/1.1 200 OK
Content-Type: application/json; charset=UTF-8
content-length: 424

[DEBUG] Adding key: http://localhost:57320 for channel [id: 0x3cb86883, L:/127.0.0.1:57325 - R:localhost/127.0.0.1:57320]
[DEBUG] Using new Channel '[id: 0x2d1d2a32, L:/127.0.0.1:57326 - R:localhost/127.0.0.1:57320]' for 'GET' to '/devtools/browser/a60c7a03-cea8-4a7c-ae9d-c88d4f72bfab'
[DEBUG] 

Request DefaultFullHttpRequest(decodeResult: success, version: HTTP/1.1, content: EmptyByteBufBE)
GET /devtools/browser/a60c7a03-cea8-4a7c-ae9d-c88d4f72bfab HTTP/1.1
upgrade: websocket
connection: upgrade
sec-websocket-key: +q/jTQRGueyENoq0DahDCg==
sec-websocket-version: 13
origin: http://localhost:57320
host: localhost:57320
accept: */*
user-agent: AHC/2.1

Response DefaultHttpResponse(decodeResult: success, version: HTTP/1.1)
HTTP/1.1 101 WebSocket Protocol Handshake
Upgrade: WebSocket
Connection: Upgrade
Sec-WebSocket-Accept: XV9BYG1gQlKB0MjSypIhvkWaq7I=

[INFO ] 2023-01-31 13:35:53.882 [main] StepDef - Browser has been launched 
[DEBUG] Using pooled Channel '[id: 0x97830565, L:/127.0.0.1:57319 - R:localhost/127.0.0.1:48645]' for 'POST' to 'http://localhost:48645/session/b89166623027b658d6f56d3344827524/url'
[DEBUG] Using open Channel [id: 0x97830565, L:/127.0.0.1:57319 - R:localhost/127.0.0.1:48645] for POST '/session/b89166623027b658d6f56d3344827524/url'
[DEBUG] Entry count for : http://localhost:26191 : 1
[DEBUG] Entry count for : http://localhost:57320 : 1
[DEBUG] Entry count for : http://localhost:26191 : 1
[DEBUG] Entry count for : http://localhost:57320 : 1
[DEBUG] 

Request DefaultHttpRequest(decodeResult: success, version: HTTP/1.1)
POST /session/b89166623027b658d6f56d3344827524/url HTTP/1.1
User-Agent: selenium/4.6.0 (java windows)
Content-Length: 69
Content-Type: application/json; charset=utf-8
host: localhost:48645
accept: */*

Response DefaultHttpResponse(decodeResult: success, version: HTTP/1.1)
HTTP/1.1 200 OK
Content-Type: application/json; charset=utf-8
cache-control: no-cache
content-length: 14

[DEBUG] Adding key: http://localhost:48645 for channel [id: 0x97830565, L:/127.0.0.1:57319 - R:localhost/127.0.0.1:48645]
[INFO ] 2023-01-31 13:35:56.377 [main] StepDef - URL has been hitted succesfullyhttp://admin-demo.nopcommerce.com/login
[DEBUG] Using pooled Channel '[id: 0x97830565, L:/127.0.0.1:57319 - R:localhost/127.0.0.1:48645]' for 'POST' to 'http://localhost:48645/session/b89166623027b658d6f56d3344827524/element'
[DEBUG] Using open Channel [id: 0x97830565, L:/127.0.0.1:57319 - R:localhost/127.0.0.1:48645] for POST '/session/b89166623027b658d6f56d3344827524/element'
[DEBUG] 

Request DefaultHttpRequest(decodeResult: success, version: HTTP/1.1)
POST /session/b89166623027b658d6f56d3344827524/element HTTP/1.1
User-Agent: selenium/4.6.0 (java windows)
Content-Length: 50
Content-Type: application/json; charset=utf-8
host: localhost:48645
accept: */*

Response DefaultHttpResponse(decodeResult: success, version: HTTP/1.1)
HTTP/1.1 200 OK
Content-Type: application/json; charset=utf-8
cache-control: no-cache
content-length: 88

[DEBUG] Adding key: http://localhost:48645 for channel [id: 0x97830565, L:/127.0.0.1:57319 - R:localhost/127.0.0.1:48645]
[DEBUG] Using pooled Channel '[id: 0x97830565, L:/127.0.0.1:57319 - R:localhost/127.0.0.1:48645]' for 'POST' to 'http://localhost:48645/session/b89166623027b658d6f56d3344827524/element/c6dee110-1058-4b87-b2b3-644fb387b21a/clear'
[DEBUG] Using open Channel [id: 0x97830565, L:/127.0.0.1:57319 - R:localhost/127.0.0.1:48645] for POST '/session/b89166623027b658d6f56d3344827524/element/c6dee110-1058-4b87-b2b3-644fb387b21a/clear'
[DEBUG] 

Request DefaultHttpRequest(decodeResult: success, version: HTTP/1.1)
POST /session/b89166623027b658d6f56d3344827524/element/c6dee110-1058-4b87-b2b3-644fb387b21a/clear HTTP/1.1
User-Agent: selenium/4.6.0 (java windows)
Content-Length: 50
Content-Type: application/json; charset=utf-8
host: localhost:48645
accept: */*

Response DefaultHttpResponse(decodeResult: success, version: HTTP/1.1)
HTTP/1.1 200 OK
Content-Type: application/json; charset=utf-8
cache-control: no-cache
content-length: 14

[DEBUG] Adding key: http://localhost:48645 for channel [id: 0x97830565, L:/127.0.0.1:57319 - R:localhost/127.0.0.1:48645]
[DEBUG] Using pooled Channel '[id: 0x97830565, L:/127.0.0.1:57319 - R:localhost/127.0.0.1:48645]' for 'POST' to 'http://localhost:48645/session/b89166623027b658d6f56d3344827524/element'
[DEBUG] Using open Channel [id: 0x97830565, L:/127.0.0.1:57319 - R:localhost/127.0.0.1:48645] for POST '/session/b89166623027b658d6f56d3344827524/element'
[DEBUG] 

Request DefaultHttpRequest(decodeResult: success, version: HTTP/1.1)
POST /session/b89166623027b658d6f56d3344827524/element HTTP/1.1
User-Agent: selenium/4.6.0 (java windows)
Content-Length: 50
Content-Type: application/json; charset=utf-8
host: localhost:48645
accept: */*

Response DefaultHttpResponse(decodeResult: success, version: HTTP/1.1)
HTTP/1.1 200 OK
Content-Type: application/json; charset=utf-8
cache-control: no-cache
content-length: 88

[DEBUG] Adding key: http://localhost:48645 for channel [id: 0x97830565, L:/127.0.0.1:57319 - R:localhost/127.0.0.1:48645]
[DEBUG] Using pooled Channel '[id: 0x97830565, L:/127.0.0.1:57319 - R:localhost/127.0.0.1:48645]' for 'POST' to 'http://localhost:48645/session/b89166623027b658d6f56d3344827524/element/c6dee110-1058-4b87-b2b3-644fb387b21a/value'
[DEBUG] Using open Channel [id: 0x97830565, L:/127.0.0.1:57319 - R:localhost/127.0.0.1:48645] for POST '/session/b89166623027b658d6f56d3344827524/element/c6dee110-1058-4b87-b2b3-644fb387b21a/value'
[DEBUG] 

Request DefaultHttpRequest(decodeResult: success, version: HTTP/1.1)
POST /session/b89166623027b658d6f56d3344827524/element/c6dee110-1058-4b87-b2b3-644fb387b21a/value HTTP/1.1
User-Agent: selenium/4.6.0 (java windows)
Content-Length: 261
Content-Type: application/json; charset=utf-8
host: localhost:48645
accept: */*

Response DefaultHttpResponse(decodeResult: success, version: HTTP/1.1)
HTTP/1.1 200 OK
Content-Type: application/json; charset=utf-8
cache-control: no-cache
content-length: 14

[DEBUG] Adding key: http://localhost:48645 for channel [id: 0x97830565, L:/127.0.0.1:57319 - R:localhost/127.0.0.1:48645]
[INFO ] 2023-01-31 13:35:56.560 [main] StepDef - Email Entered succesfully 
[DEBUG] Using pooled Channel '[id: 0x97830565, L:/127.0.0.1:57319 - R:localhost/127.0.0.1:48645]' for 'POST' to 'http://localhost:48645/session/b89166623027b658d6f56d3344827524/element'
[DEBUG] Using open Channel [id: 0x97830565, L:/127.0.0.1:57319 - R:localhost/127.0.0.1:48645] for POST '/session/b89166623027b658d6f56d3344827524/element'
[DEBUG] 

Request DefaultHttpRequest(decodeResult: success, version: HTTP/1.1)
POST /session/b89166623027b658d6f56d3344827524/element HTTP/1.1
User-Agent: selenium/4.6.0 (java windows)
Content-Length: 53
Content-Type: application/json; charset=utf-8
host: localhost:48645
accept: */*

Response DefaultHttpResponse(decodeResult: success, version: HTTP/1.1)
HTTP/1.1 200 OK
Content-Type: application/json; charset=utf-8
cache-control: no-cache
content-length: 88

[DEBUG] Adding key: http://localhost:48645 for channel [id: 0x97830565, L:/127.0.0.1:57319 - R:localhost/127.0.0.1:48645]
[DEBUG] Using pooled Channel '[id: 0x97830565, L:/127.0.0.1:57319 - R:localhost/127.0.0.1:48645]' for 'POST' to 'http://localhost:48645/session/b89166623027b658d6f56d3344827524/element/7c2c6bf1-9b88-4aa3-9a69-d3527d91b0a5/clear'
[DEBUG] Using open Channel [id: 0x97830565, L:/127.0.0.1:57319 - R:localhost/127.0.0.1:48645] for POST '/session/b89166623027b658d6f56d3344827524/element/7c2c6bf1-9b88-4aa3-9a69-d3527d91b0a5/clear'
[DEBUG] 

Request DefaultHttpRequest(decodeResult: success, version: HTTP/1.1)
POST /session/b89166623027b658d6f56d3344827524/element/7c2c6bf1-9b88-4aa3-9a69-d3527d91b0a5/clear HTTP/1.1
User-Agent: selenium/4.6.0 (java windows)
Content-Length: 50
Content-Type: application/json; charset=utf-8
host: localhost:48645
accept: */*

Response DefaultHttpResponse(decodeResult: success, version: HTTP/1.1)
HTTP/1.1 200 OK
Content-Type: application/json; charset=utf-8
cache-control: no-cache
content-length: 14

[DEBUG] Adding key: http://localhost:48645 for channel [id: 0x97830565, L:/127.0.0.1:57319 - R:localhost/127.0.0.1:48645]
[DEBUG] Using pooled Channel '[id: 0x97830565, L:/127.0.0.1:57319 - R:localhost/127.0.0.1:48645]' for 'POST' to 'http://localhost:48645/session/b89166623027b658d6f56d3344827524/element'
[DEBUG] Using open Channel [id: 0x97830565, L:/127.0.0.1:57319 - R:localhost/127.0.0.1:48645] for POST '/session/b89166623027b658d6f56d3344827524/element'
[DEBUG] 

Request DefaultHttpRequest(decodeResult: success, version: HTTP/1.1)
POST /session/b89166623027b658d6f56d3344827524/element HTTP/1.1
User-Agent: selenium/4.6.0 (java windows)
Content-Length: 53
Content-Type: application/json; charset=utf-8
host: localhost:48645
accept: */*

Response DefaultHttpResponse(decodeResult: success, version: HTTP/1.1)
HTTP/1.1 200 OK
Content-Type: application/json; charset=utf-8
cache-control: no-cache
content-length: 88

[DEBUG] Adding key: http://localhost:48645 for channel [id: 0x97830565, L:/127.0.0.1:57319 - R:localhost/127.0.0.1:48645]
[DEBUG] Using pooled Channel '[id: 0x97830565, L:/127.0.0.1:57319 - R:localhost/127.0.0.1:48645]' for 'POST' to 'http://localhost:48645/session/b89166623027b658d6f56d3344827524/element/7c2c6bf1-9b88-4aa3-9a69-d3527d91b0a5/value'
[DEBUG] Using open Channel [id: 0x97830565, L:/127.0.0.1:57319 - R:localhost/127.0.0.1:48645] for POST '/session/b89166623027b658d6f56d3344827524/element/7c2c6bf1-9b88-4aa3-9a69-d3527d91b0a5/value'
[DEBUG] 

Request DefaultHttpRequest(decodeResult: success, version: HTTP/1.1)
POST /session/b89166623027b658d6f56d3344827524/element/7c2c6bf1-9b88-4aa3-9a69-d3527d91b0a5/value HTTP/1.1
User-Agent: selenium/4.6.0 (java windows)
Content-Length: 131
Content-Type: application/json; charset=utf-8
host: localhost:48645
accept: */*

Response DefaultHttpResponse(decodeResult: success, version: HTTP/1.1)
HTTP/1.1 200 OK
Content-Type: application/json; charset=utf-8
cache-control: no-cache
content-length: 14

[DEBUG] Adding key: http://localhost:48645 for channel [id: 0x97830565, L:/127.0.0.1:57319 - R:localhost/127.0.0.1:48645]
[INFO ] 2023-01-31 13:35:56.706 [main] StepDef - Password  Entered succesfully 
[DEBUG] Using pooled Channel '[id: 0x97830565, L:/127.0.0.1:57319 - R:localhost/127.0.0.1:48645]' for 'POST' to 'http://localhost:48645/session/b89166623027b658d6f56d3344827524/element'
[DEBUG] Using open Channel [id: 0x97830565, L:/127.0.0.1:57319 - R:localhost/127.0.0.1:48645] for POST '/session/b89166623027b658d6f56d3344827524/element'
[DEBUG] 

Request DefaultHttpRequest(decodeResult: success, version: HTTP/1.1)
POST /session/b89166623027b658d6f56d3344827524/element HTTP/1.1
User-Agent: selenium/4.6.0 (java windows)
Content-Length: 71
Content-Type: application/json; charset=utf-8
host: localhost:48645
accept: */*

Response DefaultHttpResponse(decodeResult: success, version: HTTP/1.1)
HTTP/1.1 200 OK
Content-Type: application/json; charset=utf-8
cache-control: no-cache
content-length: 88

[DEBUG] Adding key: http://localhost:48645 for channel [id: 0x97830565, L:/127.0.0.1:57319 - R:localhost/127.0.0.1:48645]
[DEBUG] Using pooled Channel '[id: 0x97830565, L:/127.0.0.1:57319 - R:localhost/127.0.0.1:48645]' for 'POST' to 'http://localhost:48645/session/b89166623027b658d6f56d3344827524/element/bbc594ea-9532-4e89-b976-5de11cc36bf4/click'
[DEBUG] Using open Channel [id: 0x97830565, L:/127.0.0.1:57319 - R:localhost/127.0.0.1:48645] for POST '/session/b89166623027b658d6f56d3344827524/element/bbc594ea-9532-4e89-b976-5de11cc36bf4/click'
[DEBUG] Entry count for : http://localhost:26191 : 1
[DEBUG] Entry count for : http://localhost:57320 : 1
[DEBUG] 

Request DefaultHttpRequest(decodeResult: success, version: HTTP/1.1)
POST /session/b89166623027b658d6f56d3344827524/element/bbc594ea-9532-4e89-b976-5de11cc36bf4/click HTTP/1.1
User-Agent: selenium/4.6.0 (java windows)
Content-Length: 50
Content-Type: application/json; charset=utf-8
host: localhost:48645
accept: */*

Response DefaultHttpResponse(decodeResult: success, version: HTTP/1.1)
HTTP/1.1 200 OK
Content-Type: application/json; charset=utf-8
cache-control: no-cache
content-length: 14

[DEBUG] Adding key: http://localhost:48645 for channel [id: 0x97830565, L:/127.0.0.1:57319 - R:localhost/127.0.0.1:48645]
[INFO ] 2023-01-31 13:35:57.271 [main] StepDef - Clicked on login Button successfully
[DEBUG] Using pooled Channel '[id: 0x97830565, L:/127.0.0.1:57319 - R:localhost/127.0.0.1:48645]' for 'GET' to 'http://localhost:48645/session/b89166623027b658d6f56d3344827524/title'
[DEBUG] Using open Channel [id: 0x97830565, L:/127.0.0.1:57319 - R:localhost/127.0.0.1:48645] for GET '/session/b89166623027b658d6f56d3344827524/title'
[DEBUG] 

Request DefaultFullHttpRequest(decodeResult: success, version: HTTP/1.1, content: EmptyByteBufBE)
GET /session/b89166623027b658d6f56d3344827524/title HTTP/1.1
User-Agent: selenium/4.6.0 (java windows)
Cache-Control: no-cache
Content-Type: application/json; charset=utf-8
host: localhost:48645
accept: */*

Response DefaultHttpResponse(decodeResult: success, version: HTTP/1.1)
HTTP/1.1 200 OK
Content-Type: application/json; charset=utf-8
cache-control: no-cache
content-length: 29

[DEBUG] Adding key: http://localhost:48645 for channel [id: 0x97830565, L:/127.0.0.1:57319 - R:localhost/127.0.0.1:48645]
Your store. Login
Test has been Failed  where actual title is:Your store. Login the expected Title:Dashboard / nopcommerce administration
[INFO ] 2023-01-31 13:35:57.282 [main] StepDef - Test has been Failed  where actual title is:Your store. Login the expected Title:Dashboard / nopcommerce administration
[DEBUG] Using pooled Channel '[id: 0x97830565, L:/127.0.0.1:57319 - R:localhost/127.0.0.1:48645]' for 'POST' to 'http://localhost:48645/session/b89166623027b658d6f56d3344827524/element'
[DEBUG] Using open Channel [id: 0x97830565, L:/127.0.0.1:57319 - R:localhost/127.0.0.1:48645] for POST '/session/b89166623027b658d6f56d3344827524/element'
[DEBUG] 

Request DefaultHttpRequest(decodeResult: success, version: HTTP/1.1)
POST /session/b89166623027b658d6f56d3344827524/element HTTP/1.1
User-Agent: selenium/4.6.0 (java windows)
Content-Length: 47
Content-Type: application/json; charset=utf-8
host: localhost:48645
accept: */*

Response DefaultHttpResponse(decodeResult: success, version: HTTP/1.1)
HTTP/1.1 404 Not Found
Content-Type: application/json; charset=utf-8
cache-control: no-cache
content-length: 946

[DEBUG] Adding key: http://localhost:48645 for channel [id: 0x97830565, L:/127.0.0.1:57319 - R:localhost/127.0.0.1:48645]
[DEBUG] Using pooled Channel '[id: 0x97830565, L:/127.0.0.1:57319 - R:localhost/127.0.0.1:48645]' for 'GET' to 'http://localhost:48645/session/b89166623027b658d6f56d3344827524/screenshot'
[DEBUG] Using open Channel [id: 0x97830565, L:/127.0.0.1:57319 - R:localhost/127.0.0.1:48645] for GET '/session/b89166623027b658d6f56d3344827524/screenshot'
[DEBUG] 

Request DefaultFullHttpRequest(decodeResult: success, version: HTTP/1.1, content: EmptyByteBufBE)
GET /session/b89166623027b658d6f56d3344827524/screenshot HTTP/1.1
User-Agent: selenium/4.6.0 (java windows)
Cache-Control: no-cache
Content-Type: application/json; charset=utf-8
host: localhost:48645
accept: */*

Response DefaultHttpResponse(decodeResult: success, version: HTTP/1.1)
HTTP/1.1 200 OK
Content-Type: application/json; charset=utf-8
cache-control: no-cache
content-length: 12680

[DEBUG] Adding key: http://localhost:48645 for channel [id: 0x97830565, L:/127.0.0.1:57319 - R:localhost/127.0.0.1:48645]
]]></system-out>
    <system-err><![CDATA[Starting ChromeDriver 109.0.5414.74 (e7c5703604daa9cc128ccf5a5d3e993513758913-refs/branch-heads/5414@{#1172}) on port 48645
Only local connections are allowed.
Please see https://chromedriver.chromium.org/security-considerations for suggestions on keeping ChromeDriver safe.
ChromeDriver was started successfully.
Jan 31, 2023 1:35:53 PM org.openqa.selenium.devtools.CdpVersionFinder findNearestMatch
WARNING: Unable to find an exact match for CDP version 109, so returning the closest version found: 107
]]></system-err>
  </testcase>
  <testcase name="runScenario[&quot;sucessfull login with valid and inavalid credentials  DDT&quot;, &quot;Login&quot;](7)" classname="testRunner.Run" time="8.36">
    <failure message="no such element: Unable to locate element: {&quot;method&quot;:&quot;link text&quot;,&quot;selector&quot;:&quot;Logout&quot;}&#10;  (Session info: chrome=109.0.5414.120)&#10;For documentation on this error, please visit: https://selenium.dev/exceptions/#no_such_element&#10;Build info: version: &apos;4.6.0&apos;, revision: &apos;79f1c02ae20&apos;&#10;System info: os.name: &apos;Windows 10&apos;, os.arch: &apos;amd64&apos;, os.version: &apos;10.0&apos;, java.version: &apos;1.8.0_202&apos;&#10;Driver info: org.openqa.selenium.chrome.ChromeDriver&#10;Command: [e640bb34792af794b285cbe775b847e2, findElement {using=link text, value=Logout}]&#10;Capabilities {acceptInsecureCerts: false, browserName: chrome, browserVersion: 109.0.5414.120, chrome: {chromedriverVersion: 109.0.5414.74 (e7c5703604da..., userDataDir: C:\Users\dell\AppData\Local...}, goog:chromeOptions: {debuggerAddress: localhost:57334}, networkConnectionEnabled: false, pageLoadStrategy: normal, platformName: WINDOWS, proxy: Proxy(), se:cdp: ws://localhost:57334/devtoo..., se:cdpVersion: 109.0.5414.120, setWindowRect: true, strictFileInteractability: false, timeouts: {implicit: 0, pageLoad: 300000, script: 30000}, unhandledPromptBehavior: dismiss and notify, webauthn:extension:credBlob: true, webauthn:extension:largeBlob: true, webauthn:virtualAuthenticators: true}&#10;Session ID: e640bb34792af794b285cbe775b847e2" type="org.openqa.selenium.NoSuchElementException"><![CDATA[org.openqa.selenium.NoSuchElementException: 
no such element: Unable to locate element: {"method":"link text","selector":"Logout"}
  (Session info: chrome=109.0.5414.120)
For documentation on this error, please visit: https://selenium.dev/exceptions/#no_such_element
Build info: version: '4.6.0', revision: '79f1c02ae20'
System info: os.name: 'Windows 10', os.arch: 'amd64', os.version: '10.0', java.version: '1.8.0_202'
Driver info: org.openqa.selenium.chrome.ChromeDriver
Command: [e640bb34792af794b285cbe775b847e2, findElement {using=link text, value=Logout}]
Capabilities {acceptInsecureCerts: false, browserName: chrome, browserVersion: 109.0.5414.120, chrome: {chromedriverVersion: 109.0.5414.74 (e7c5703604da..., userDataDir: C:\Users\dell\AppData\Local...}, goog:chromeOptions: {debuggerAddress: localhost:57334}, networkConnectionEnabled: false, pageLoadStrategy: normal, platformName: WINDOWS, proxy: Proxy(), se:cdp: ws://localhost:57334/devtoo..., se:cdpVersion: 109.0.5414.120, setWindowRect: true, strictFileInteractability: false, timeouts: {implicit: 0, pageLoad: 300000, script: 30000}, unhandledPromptBehavior: dismiss and notify, webauthn:extension:credBlob: true, webauthn:extension:largeBlob: true, webauthn:virtualAuthenticators: true}
Session ID: e640bb34792af794b285cbe775b847e2
	at sun.reflect.NativeConstructorAccessorImpl.newInstance0(Native Method)
	at sun.reflect.NativeConstructorAccessorImpl.newInstance(NativeConstructorAccessorImpl.java:62)
	at sun.reflect.DelegatingConstructorAccessorImpl.newInstance(DelegatingConstructorAccessorImpl.java:45)
	at java.lang.reflect.Constructor.newInstance(Constructor.java:423)
	at org.openqa.selenium.remote.codec.w3c.W3CHttpResponseCodec.createException(W3CHttpResponseCodec.java:200)
	at org.openqa.selenium.remote.codec.w3c.W3CHttpResponseCodec.decode(W3CHttpResponseCodec.java:133)
	at org.openqa.selenium.remote.codec.w3c.W3CHttpResponseCodec.decode(W3CHttpResponseCodec.java:53)
	at org.openqa.selenium.remote.HttpCommandExecutor.execute(HttpCommandExecutor.java:184)
	at org.openqa.selenium.remote.service.DriverCommandExecutor.invokeExecute(DriverCommandExecutor.java:167)
	at org.openqa.selenium.remote.service.DriverCommandExecutor.execute(DriverCommandExecutor.java:142)
	at org.openqa.selenium.remote.RemoteWebDriver.execute(RemoteWebDriver.java:541)
	at org.openqa.selenium.remote.ElementLocation$ElementFinder$2.findElement(ElementLocation.java:162)
	at org.openqa.selenium.remote.ElementLocation.findElement(ElementLocation.java:60)
	at org.openqa.selenium.remote.RemoteWebDriver.findElement(RemoteWebDriver.java:365)
	at org.openqa.selenium.remote.RemoteWebDriver.findElement(RemoteWebDriver.java:357)
	at org.openqa.selenium.support.pagefactory.DefaultElementLocator.findElement(DefaultElementLocator.java:70)
	at org.openqa.selenium.support.pagefactory.internal.LocatingElementHandler.invoke(LocatingElementHandler.java:39)
	at com.sun.proxy.$Proxy39.click(Unknown Source)
	at pageObject.LoginPage.clickOnLogOutBtn(LoginPage.java:43)
	at stepDefinition.StepDef.user_click_on_log_out_link(StepDef.java:130)
	at ✽.user click on Log out link(file:///D:/new%20projects/BDDCucumber/Features/LoginFeature.feature:20)
]]></failure>
    <system-out><![CDATA[[DEBUG] Resolution chrome=109 in cache (valid until 14:07:32 31/01/2023 IST)
[DEBUG] Resolution chrome109=109.0.5414.74 in cache (valid until 18:22:56 31/01/2023 IST)
[INFO] Using chromedriver 109.0.5414.74 (resolved driver for Chrome 109)
[DEBUG] Driver chromedriver 109.0.5414.74 found in cache
[INFO] Exporting webdriver.chrome.driver as C:\Users\dell\.cache\selenium\chromedriver\win32\109.0.5414.74\chromedriver.exe
[DEBUG] Using new Channel '[id: 0xf7965cc0, L:/127.0.0.1:57333 - R:localhost/127.0.0.1:43447]' for 'POST' to '/session'
[DEBUG] Entry count for : http://localhost:26191 : 1
[DEBUG] Entry count for : http://localhost:57320 : 1
[DEBUG] Entry count for : http://localhost:48645 : 1
[DEBUG] 

Request DefaultHttpRequest(decodeResult: success, version: HTTP/1.1)
POST /session HTTP/1.1
User-Agent: selenium/4.6.0 (java windows)
Content-Length: 365
Content-Type: application/json; charset=utf-8
host: localhost:43447
accept: */*

Response DefaultHttpResponse(decodeResult: success, version: HTTP/1.1)
HTTP/1.1 200 OK
Content-Type: application/json; charset=utf-8
cache-control: no-cache
content-length: 790

[DEBUG] Adding key: http://localhost:43447 for channel [id: 0xf7965cc0, L:/127.0.0.1:57333 - R:localhost/127.0.0.1:43447]
[DEBUG] Using new Channel '[id: 0xe5fb8fac, L:/127.0.0.1:57339 - R:localhost/127.0.0.1:57334]' for 'GET' to '/json/version'
[DEBUG] 

Request DefaultFullHttpRequest(decodeResult: success, version: HTTP/1.1, content: EmptyByteBufBE)
GET /json/version HTTP/1.1
User-Agent: selenium/4.6.0 (java windows)
host: localhost:57334
accept: */*

Response DefaultHttpResponse(decodeResult: success, version: HTTP/1.1)
HTTP/1.1 200 OK
Content-Type: application/json; charset=UTF-8
content-length: 424

[DEBUG] Adding key: http://localhost:57334 for channel [id: 0xe5fb8fac, L:/127.0.0.1:57339 - R:localhost/127.0.0.1:57334]
[DEBUG] Using new Channel '[id: 0x234c7ffa, L:/127.0.0.1:57340 - R:localhost/127.0.0.1:57334]' for 'GET' to '/devtools/browser/8dfeb6e6-be72-4e89-b68f-89f77481074f'
[DEBUG] 

Request DefaultFullHttpRequest(decodeResult: success, version: HTTP/1.1, content: EmptyByteBufBE)
GET /devtools/browser/8dfeb6e6-be72-4e89-b68f-89f77481074f HTTP/1.1
upgrade: websocket
connection: upgrade
sec-websocket-key: hbjg+FZviiXIHpXVIZyKOQ==
sec-websocket-version: 13
origin: http://localhost:57334
host: localhost:57334
accept: */*
user-agent: AHC/2.1

Response DefaultHttpResponse(decodeResult: success, version: HTTP/1.1)
HTTP/1.1 101 WebSocket Protocol Handshake
Upgrade: WebSocket
Connection: Upgrade
Sec-WebSocket-Accept: d5R/DeyUeMtM5onoyiM6CP0AguA=

[INFO ] 2023-01-31 13:35:59.022 [main] StepDef - Browser has been launched 
[DEBUG] Using pooled Channel '[id: 0xf7965cc0, L:/127.0.0.1:57333 - R:localhost/127.0.0.1:43447]' for 'POST' to 'http://localhost:43447/session/e640bb34792af794b285cbe775b847e2/url'
[DEBUG] Using open Channel [id: 0xf7965cc0, L:/127.0.0.1:57333 - R:localhost/127.0.0.1:43447] for POST '/session/e640bb34792af794b285cbe775b847e2/url'
[DEBUG] Entry count for : http://localhost:26191 : 1
[DEBUG] Entry count for : http://localhost:57320 : 1
[DEBUG] Entry count for : http://localhost:57334 : 1
[DEBUG] Entry count for : http://localhost:48645 : 1
[DEBUG] Entry count for : http://localhost:26191 : 1
[DEBUG] Entry count for : http://localhost:57320 : 1
[DEBUG] Entry count for : http://localhost:57334 : 1
[DEBUG] Entry count for : http://localhost:48645 : 1
[DEBUG] Entry count for : http://localhost:26191 : 1
[DEBUG] Entry count for : http://localhost:57320 : 1
[DEBUG] Entry count for : http://localhost:57334 : 1
[DEBUG] Entry count for : http://localhost:48645 : 1
[DEBUG] Entry count for : http://localhost:26191 : 1
[DEBUG] Entry count for : http://localhost:57320 : 1
[DEBUG] Entry count for : http://localhost:57334 : 1
[DEBUG] Entry count for : http://localhost:48645 : 1
[DEBUG] Entry count for : http://localhost:26191 : 1
[DEBUG] Entry count for : http://localhost:57320 : 1
[DEBUG] Entry count for : http://localhost:57334 : 1
[DEBUG] Entry count for : http://localhost:48645 : 1
[DEBUG] 

Request DefaultHttpRequest(decodeResult: success, version: HTTP/1.1)
POST /session/e640bb34792af794b285cbe775b847e2/url HTTP/1.1
User-Agent: selenium/4.6.0 (java windows)
Content-Length: 69
Content-Type: application/json; charset=utf-8
host: localhost:43447
accept: */*

Response DefaultHttpResponse(decodeResult: success, version: HTTP/1.1)
HTTP/1.1 200 OK
Content-Type: application/json; charset=utf-8
cache-control: no-cache
content-length: 14

[DEBUG] Adding key: http://localhost:43447 for channel [id: 0xf7965cc0, L:/127.0.0.1:57333 - R:localhost/127.0.0.1:43447]
[INFO ] 2023-01-31 13:36:04.477 [main] StepDef - URL has been hitted succesfullyhttp://admin-demo.nopcommerce.com/login
[DEBUG] Using pooled Channel '[id: 0xf7965cc0, L:/127.0.0.1:57333 - R:localhost/127.0.0.1:43447]' for 'POST' to 'http://localhost:43447/session/e640bb34792af794b285cbe775b847e2/element'
[DEBUG] Using open Channel [id: 0xf7965cc0, L:/127.0.0.1:57333 - R:localhost/127.0.0.1:43447] for POST '/session/e640bb34792af794b285cbe775b847e2/element'
[DEBUG] 

Request DefaultHttpRequest(decodeResult: success, version: HTTP/1.1)
POST /session/e640bb34792af794b285cbe775b847e2/element HTTP/1.1
User-Agent: selenium/4.6.0 (java windows)
Content-Length: 50
Content-Type: application/json; charset=utf-8
host: localhost:43447
accept: */*

Response DefaultHttpResponse(decodeResult: success, version: HTTP/1.1)
HTTP/1.1 200 OK
Content-Type: application/json; charset=utf-8
cache-control: no-cache
content-length: 88

[DEBUG] Adding key: http://localhost:43447 for channel [id: 0xf7965cc0, L:/127.0.0.1:57333 - R:localhost/127.0.0.1:43447]
[DEBUG] Using pooled Channel '[id: 0xf7965cc0, L:/127.0.0.1:57333 - R:localhost/127.0.0.1:43447]' for 'POST' to 'http://localhost:43447/session/e640bb34792af794b285cbe775b847e2/element/63874124-aae7-4392-8bde-d3e1465e5d95/clear'
[DEBUG] Using open Channel [id: 0xf7965cc0, L:/127.0.0.1:57333 - R:localhost/127.0.0.1:43447] for POST '/session/e640bb34792af794b285cbe775b847e2/element/63874124-aae7-4392-8bde-d3e1465e5d95/clear'
[DEBUG] 

Request DefaultHttpRequest(decodeResult: success, version: HTTP/1.1)
POST /session/e640bb34792af794b285cbe775b847e2/element/63874124-aae7-4392-8bde-d3e1465e5d95/clear HTTP/1.1
User-Agent: selenium/4.6.0 (java windows)
Content-Length: 50
Content-Type: application/json; charset=utf-8
host: localhost:43447
accept: */*

Response DefaultHttpResponse(decodeResult: success, version: HTTP/1.1)
HTTP/1.1 200 OK
Content-Type: application/json; charset=utf-8
cache-control: no-cache
content-length: 14

[DEBUG] Adding key: http://localhost:43447 for channel [id: 0xf7965cc0, L:/127.0.0.1:57333 - R:localhost/127.0.0.1:43447]
[DEBUG] Using pooled Channel '[id: 0xf7965cc0, L:/127.0.0.1:57333 - R:localhost/127.0.0.1:43447]' for 'POST' to 'http://localhost:43447/session/e640bb34792af794b285cbe775b847e2/element'
[DEBUG] Using open Channel [id: 0xf7965cc0, L:/127.0.0.1:57333 - R:localhost/127.0.0.1:43447] for POST '/session/e640bb34792af794b285cbe775b847e2/element'
[DEBUG] 

Request DefaultHttpRequest(decodeResult: success, version: HTTP/1.1)
POST /session/e640bb34792af794b285cbe775b847e2/element HTTP/1.1
User-Agent: selenium/4.6.0 (java windows)
Content-Length: 50
Content-Type: application/json; charset=utf-8
host: localhost:43447
accept: */*

Response DefaultHttpResponse(decodeResult: success, version: HTTP/1.1)
HTTP/1.1 200 OK
Content-Type: application/json; charset=utf-8
cache-control: no-cache
content-length: 88

[DEBUG] Adding key: http://localhost:43447 for channel [id: 0xf7965cc0, L:/127.0.0.1:57333 - R:localhost/127.0.0.1:43447]
[DEBUG] Using pooled Channel '[id: 0xf7965cc0, L:/127.0.0.1:57333 - R:localhost/127.0.0.1:43447]' for 'POST' to 'http://localhost:43447/session/e640bb34792af794b285cbe775b847e2/element/63874124-aae7-4392-8bde-d3e1465e5d95/value'
[DEBUG] Using open Channel [id: 0xf7965cc0, L:/127.0.0.1:57333 - R:localhost/127.0.0.1:43447] for POST '/session/e640bb34792af794b285cbe775b847e2/element/63874124-aae7-4392-8bde-d3e1465e5d95/value'
[DEBUG] 

Request DefaultHttpRequest(decodeResult: success, version: HTTP/1.1)
POST /session/e640bb34792af794b285cbe775b847e2/element/63874124-aae7-4392-8bde-d3e1465e5d95/value HTTP/1.1
User-Agent: selenium/4.6.0 (java windows)
Content-Length: 271
Content-Type: application/json; charset=utf-8
host: localhost:43447
accept: */*

Response DefaultHttpResponse(decodeResult: success, version: HTTP/1.1)
HTTP/1.1 200 OK
Content-Type: application/json; charset=utf-8
cache-control: no-cache
content-length: 14

[DEBUG] Adding key: http://localhost:43447 for channel [id: 0xf7965cc0, L:/127.0.0.1:57333 - R:localhost/127.0.0.1:43447]
[INFO ] 2023-01-31 13:36:04.662 [main] StepDef - Email Entered succesfully 
[DEBUG] Using pooled Channel '[id: 0xf7965cc0, L:/127.0.0.1:57333 - R:localhost/127.0.0.1:43447]' for 'POST' to 'http://localhost:43447/session/e640bb34792af794b285cbe775b847e2/element'
[DEBUG] Using open Channel [id: 0xf7965cc0, L:/127.0.0.1:57333 - R:localhost/127.0.0.1:43447] for POST '/session/e640bb34792af794b285cbe775b847e2/element'
[DEBUG] Entry count for : http://localhost:26191 : 1
[DEBUG] Entry count for : http://localhost:57320 : 1
[DEBUG] Entry count for : http://localhost:57334 : 1
[DEBUG] Entry count for : http://localhost:48645 : 1
[DEBUG] 

Request DefaultHttpRequest(decodeResult: success, version: HTTP/1.1)
POST /session/e640bb34792af794b285cbe775b847e2/element HTTP/1.1
User-Agent: selenium/4.6.0 (java windows)
Content-Length: 53
Content-Type: application/json; charset=utf-8
host: localhost:43447
accept: */*

Response DefaultHttpResponse(decodeResult: success, version: HTTP/1.1)
HTTP/1.1 200 OK
Content-Type: application/json; charset=utf-8
cache-control: no-cache
content-length: 88

[DEBUG] Adding key: http://localhost:43447 for channel [id: 0xf7965cc0, L:/127.0.0.1:57333 - R:localhost/127.0.0.1:43447]
[DEBUG] Using pooled Channel '[id: 0xf7965cc0, L:/127.0.0.1:57333 - R:localhost/127.0.0.1:43447]' for 'POST' to 'http://localhost:43447/session/e640bb34792af794b285cbe775b847e2/element/11b1e800-68c7-4af7-a30a-8c8c758586f4/clear'
[DEBUG] Using open Channel [id: 0xf7965cc0, L:/127.0.0.1:57333 - R:localhost/127.0.0.1:43447] for POST '/session/e640bb34792af794b285cbe775b847e2/element/11b1e800-68c7-4af7-a30a-8c8c758586f4/clear'
[DEBUG] 

Request DefaultHttpRequest(decodeResult: success, version: HTTP/1.1)
POST /session/e640bb34792af794b285cbe775b847e2/element/11b1e800-68c7-4af7-a30a-8c8c758586f4/clear HTTP/1.1
User-Agent: selenium/4.6.0 (java windows)
Content-Length: 50
Content-Type: application/json; charset=utf-8
host: localhost:43447
accept: */*

Response DefaultHttpResponse(decodeResult: success, version: HTTP/1.1)
HTTP/1.1 200 OK
Content-Type: application/json; charset=utf-8
cache-control: no-cache
content-length: 14

[DEBUG] Adding key: http://localhost:43447 for channel [id: 0xf7965cc0, L:/127.0.0.1:57333 - R:localhost/127.0.0.1:43447]
[DEBUG] Using pooled Channel '[id: 0xf7965cc0, L:/127.0.0.1:57333 - R:localhost/127.0.0.1:43447]' for 'POST' to 'http://localhost:43447/session/e640bb34792af794b285cbe775b847e2/element'
[DEBUG] Using open Channel [id: 0xf7965cc0, L:/127.0.0.1:57333 - R:localhost/127.0.0.1:43447] for POST '/session/e640bb34792af794b285cbe775b847e2/element'
[DEBUG] 

Request DefaultHttpRequest(decodeResult: success, version: HTTP/1.1)
POST /session/e640bb34792af794b285cbe775b847e2/element HTTP/1.1
User-Agent: selenium/4.6.0 (java windows)
Content-Length: 53
Content-Type: application/json; charset=utf-8
host: localhost:43447
accept: */*

Response DefaultHttpResponse(decodeResult: success, version: HTTP/1.1)
HTTP/1.1 200 OK
Content-Type: application/json; charset=utf-8
cache-control: no-cache
content-length: 88

[DEBUG] Adding key: http://localhost:43447 for channel [id: 0xf7965cc0, L:/127.0.0.1:57333 - R:localhost/127.0.0.1:43447]
[DEBUG] Using pooled Channel '[id: 0xf7965cc0, L:/127.0.0.1:57333 - R:localhost/127.0.0.1:43447]' for 'POST' to 'http://localhost:43447/session/e640bb34792af794b285cbe775b847e2/element/11b1e800-68c7-4af7-a30a-8c8c758586f4/value'
[DEBUG] Using open Channel [id: 0xf7965cc0, L:/127.0.0.1:57333 - R:localhost/127.0.0.1:43447] for POST '/session/e640bb34792af794b285cbe775b847e2/element/11b1e800-68c7-4af7-a30a-8c8c758586f4/value'
[DEBUG] 

Request DefaultHttpRequest(decodeResult: success, version: HTTP/1.1)
POST /session/e640bb34792af794b285cbe775b847e2/element/11b1e800-68c7-4af7-a30a-8c8c758586f4/value HTTP/1.1
User-Agent: selenium/4.6.0 (java windows)
Content-Length: 121
Content-Type: application/json; charset=utf-8
host: localhost:43447
accept: */*

Response DefaultHttpResponse(decodeResult: success, version: HTTP/1.1)
HTTP/1.1 200 OK
Content-Type: application/json; charset=utf-8
cache-control: no-cache
content-length: 14

[DEBUG] Adding key: http://localhost:43447 for channel [id: 0xf7965cc0, L:/127.0.0.1:57333 - R:localhost/127.0.0.1:43447]
[INFO ] 2023-01-31 13:36:04.830 [main] StepDef - Password  Entered succesfully 
[DEBUG] Using pooled Channel '[id: 0xf7965cc0, L:/127.0.0.1:57333 - R:localhost/127.0.0.1:43447]' for 'POST' to 'http://localhost:43447/session/e640bb34792af794b285cbe775b847e2/element'
[DEBUG] Using open Channel [id: 0xf7965cc0, L:/127.0.0.1:57333 - R:localhost/127.0.0.1:43447] for POST '/session/e640bb34792af794b285cbe775b847e2/element'
[DEBUG] 

Request DefaultHttpRequest(decodeResult: success, version: HTTP/1.1)
POST /session/e640bb34792af794b285cbe775b847e2/element HTTP/1.1
User-Agent: selenium/4.6.0 (java windows)
Content-Length: 71
Content-Type: application/json; charset=utf-8
host: localhost:43447
accept: */*

Response DefaultHttpResponse(decodeResult: success, version: HTTP/1.1)
HTTP/1.1 200 OK
Content-Type: application/json; charset=utf-8
cache-control: no-cache
content-length: 88

[DEBUG] Adding key: http://localhost:43447 for channel [id: 0xf7965cc0, L:/127.0.0.1:57333 - R:localhost/127.0.0.1:43447]
[DEBUG] Using pooled Channel '[id: 0xf7965cc0, L:/127.0.0.1:57333 - R:localhost/127.0.0.1:43447]' for 'POST' to 'http://localhost:43447/session/e640bb34792af794b285cbe775b847e2/element/ca3897f0-3b5f-450a-8686-a9353e7a732f/click'
[DEBUG] Using open Channel [id: 0xf7965cc0, L:/127.0.0.1:57333 - R:localhost/127.0.0.1:43447] for POST '/session/e640bb34792af794b285cbe775b847e2/element/ca3897f0-3b5f-450a-8686-a9353e7a732f/click'
[DEBUG] 

Request DefaultHttpRequest(decodeResult: success, version: HTTP/1.1)
POST /session/e640bb34792af794b285cbe775b847e2/element/ca3897f0-3b5f-450a-8686-a9353e7a732f/click HTTP/1.1
User-Agent: selenium/4.6.0 (java windows)
Content-Length: 50
Content-Type: application/json; charset=utf-8
host: localhost:43447
accept: */*

Response DefaultHttpResponse(decodeResult: success, version: HTTP/1.1)
HTTP/1.1 200 OK
Content-Type: application/json; charset=utf-8
cache-control: no-cache
content-length: 14

[DEBUG] Adding key: http://localhost:43447 for channel [id: 0xf7965cc0, L:/127.0.0.1:57333 - R:localhost/127.0.0.1:43447]
[INFO ] 2023-01-31 13:36:05.626 [main] StepDef - Clicked on login Button successfully
[DEBUG] Using pooled Channel '[id: 0xf7965cc0, L:/127.0.0.1:57333 - R:localhost/127.0.0.1:43447]' for 'GET' to 'http://localhost:43447/session/e640bb34792af794b285cbe775b847e2/title'
[DEBUG] Using open Channel [id: 0xf7965cc0, L:/127.0.0.1:57333 - R:localhost/127.0.0.1:43447] for GET '/session/e640bb34792af794b285cbe775b847e2/title'
[DEBUG] 

Request DefaultFullHttpRequest(decodeResult: success, version: HTTP/1.1, content: EmptyByteBufBE)
GET /session/e640bb34792af794b285cbe775b847e2/title HTTP/1.1
User-Agent: selenium/4.6.0 (java windows)
Cache-Control: no-cache
Content-Type: application/json; charset=utf-8
host: localhost:43447
accept: */*

Response DefaultHttpResponse(decodeResult: success, version: HTTP/1.1)
HTTP/1.1 200 OK
Content-Type: application/json; charset=utf-8
cache-control: no-cache
content-length: 29

[DEBUG] Adding key: http://localhost:43447 for channel [id: 0xf7965cc0, L:/127.0.0.1:57333 - R:localhost/127.0.0.1:43447]
Your store. Login
Test has been Failed  where actual title is:Your store. Login the expected Title:Dashboard / nopcommerce administration
[INFO ] 2023-01-31 13:36:05.639 [main] StepDef - Test has been Failed  where actual title is:Your store. Login the expected Title:Dashboard / nopcommerce administration
[DEBUG] Using pooled Channel '[id: 0xf7965cc0, L:/127.0.0.1:57333 - R:localhost/127.0.0.1:43447]' for 'POST' to 'http://localhost:43447/session/e640bb34792af794b285cbe775b847e2/element'
[DEBUG] Using open Channel [id: 0xf7965cc0, L:/127.0.0.1:57333 - R:localhost/127.0.0.1:43447] for POST '/session/e640bb34792af794b285cbe775b847e2/element'
[DEBUG] 

Request DefaultHttpRequest(decodeResult: success, version: HTTP/1.1)
POST /session/e640bb34792af794b285cbe775b847e2/element HTTP/1.1
User-Agent: selenium/4.6.0 (java windows)
Content-Length: 47
Content-Type: application/json; charset=utf-8
host: localhost:43447
accept: */*

Response DefaultHttpResponse(decodeResult: success, version: HTTP/1.1)
HTTP/1.1 404 Not Found
Content-Type: application/json; charset=utf-8
cache-control: no-cache
content-length: 946

[DEBUG] Adding key: http://localhost:43447 for channel [id: 0xf7965cc0, L:/127.0.0.1:57333 - R:localhost/127.0.0.1:43447]
[DEBUG] Using pooled Channel '[id: 0xf7965cc0, L:/127.0.0.1:57333 - R:localhost/127.0.0.1:43447]' for 'GET' to 'http://localhost:43447/session/e640bb34792af794b285cbe775b847e2/screenshot'
[DEBUG] Using open Channel [id: 0xf7965cc0, L:/127.0.0.1:57333 - R:localhost/127.0.0.1:43447] for GET '/session/e640bb34792af794b285cbe775b847e2/screenshot'
[DEBUG] 

Request DefaultFullHttpRequest(decodeResult: success, version: HTTP/1.1, content: EmptyByteBufBE)
GET /session/e640bb34792af794b285cbe775b847e2/screenshot HTTP/1.1
User-Agent: selenium/4.6.0 (java windows)
Cache-Control: no-cache
Content-Type: application/json; charset=utf-8
host: localhost:43447
accept: */*

Response DefaultHttpResponse(decodeResult: success, version: HTTP/1.1)
HTTP/1.1 200 OK
Content-Type: application/json; charset=utf-8
cache-control: no-cache
content-length: 12832

[DEBUG] Adding key: http://localhost:43447 for channel [id: 0xf7965cc0, L:/127.0.0.1:57333 - R:localhost/127.0.0.1:43447]
[DEBUG] Entry count for : http://localhost:26191 : 1
[DEBUG] Entry count for : http://localhost:57320 : 1
[DEBUG] Entry count for : http://localhost:57334 : 1
[DEBUG] Entry count for : http://localhost:43447 : 1
[DEBUG] Entry count for : http://localhost:48645 : 1
]]></system-out>
    <system-err><![CDATA[Starting ChromeDriver 109.0.5414.74 (e7c5703604daa9cc128ccf5a5d3e993513758913-refs/branch-heads/5414@{#1172}) on port 43447
Only local connections are allowed.
Please see https://chromedriver.chromium.org/security-considerations for suggestions on keeping ChromeDriver safe.
ChromeDriver was started successfully.
Jan 31, 2023 1:35:59 PM org.openqa.selenium.devtools.CdpVersionFinder findNearestMatch
WARNING: Unable to find an exact match for CDP version 109, so returning the closest version found: 107
]]></system-err>
  </testcase>
  <testcase name="runScenario[&quot;sucessfull login with valid and inavalid credentials  DDT&quot;, &quot;Login&quot;](8)" classname="testRunner.Run" time="7.31">
    <failure message="no such element: Unable to locate element: {&quot;method&quot;:&quot;link text&quot;,&quot;selector&quot;:&quot;Logout&quot;}&#10;  (Session info: chrome=109.0.5414.120)&#10;For documentation on this error, please visit: https://selenium.dev/exceptions/#no_such_element&#10;Build info: version: &apos;4.6.0&apos;, revision: &apos;79f1c02ae20&apos;&#10;System info: os.name: &apos;Windows 10&apos;, os.arch: &apos;amd64&apos;, os.version: &apos;10.0&apos;, java.version: &apos;1.8.0_202&apos;&#10;Driver info: org.openqa.selenium.chrome.ChromeDriver&#10;Command: [96ab13f46520dee3d20dea67eebd5cda, findElement {using=link text, value=Logout}]&#10;Capabilities {acceptInsecureCerts: false, browserName: chrome, browserVersion: 109.0.5414.120, chrome: {chromedriverVersion: 109.0.5414.74 (e7c5703604da..., userDataDir: C:\Users\dell\AppData\Local...}, goog:chromeOptions: {debuggerAddress: localhost:57357}, networkConnectionEnabled: false, pageLoadStrategy: normal, platformName: WINDOWS, proxy: Proxy(), se:cdp: ws://localhost:57357/devtoo..., se:cdpVersion: 109.0.5414.120, setWindowRect: true, strictFileInteractability: false, timeouts: {implicit: 0, pageLoad: 300000, script: 30000}, unhandledPromptBehavior: dismiss and notify, webauthn:extension:credBlob: true, webauthn:extension:largeBlob: true, webauthn:virtualAuthenticators: true}&#10;Session ID: 96ab13f46520dee3d20dea67eebd5cda" type="org.openqa.selenium.NoSuchElementException"><![CDATA[org.openqa.selenium.NoSuchElementException: 
no such element: Unable to locate element: {"method":"link text","selector":"Logout"}
  (Session info: chrome=109.0.5414.120)
For documentation on this error, please visit: https://selenium.dev/exceptions/#no_such_element
Build info: version: '4.6.0', revision: '79f1c02ae20'
System info: os.name: 'Windows 10', os.arch: 'amd64', os.version: '10.0', java.version: '1.8.0_202'
Driver info: org.openqa.selenium.chrome.ChromeDriver
Command: [96ab13f46520dee3d20dea67eebd5cda, findElement {using=link text, value=Logout}]
Capabilities {acceptInsecureCerts: false, browserName: chrome, browserVersion: 109.0.5414.120, chrome: {chromedriverVersion: 109.0.5414.74 (e7c5703604da..., userDataDir: C:\Users\dell\AppData\Local...}, goog:chromeOptions: {debuggerAddress: localhost:57357}, networkConnectionEnabled: false, pageLoadStrategy: normal, platformName: WINDOWS, proxy: Proxy(), se:cdp: ws://localhost:57357/devtoo..., se:cdpVersion: 109.0.5414.120, setWindowRect: true, strictFileInteractability: false, timeouts: {implicit: 0, pageLoad: 300000, script: 30000}, unhandledPromptBehavior: dismiss and notify, webauthn:extension:credBlob: true, webauthn:extension:largeBlob: true, webauthn:virtualAuthenticators: true}
Session ID: 96ab13f46520dee3d20dea67eebd5cda
	at sun.reflect.NativeConstructorAccessorImpl.newInstance0(Native Method)
	at sun.reflect.NativeConstructorAccessorImpl.newInstance(NativeConstructorAccessorImpl.java:62)
	at sun.reflect.DelegatingConstructorAccessorImpl.newInstance(DelegatingConstructorAccessorImpl.java:45)
	at java.lang.reflect.Constructor.newInstance(Constructor.java:423)
	at org.openqa.selenium.remote.codec.w3c.W3CHttpResponseCodec.createException(W3CHttpResponseCodec.java:200)
	at org.openqa.selenium.remote.codec.w3c.W3CHttpResponseCodec.decode(W3CHttpResponseCodec.java:133)
	at org.openqa.selenium.remote.codec.w3c.W3CHttpResponseCodec.decode(W3CHttpResponseCodec.java:53)
	at org.openqa.selenium.remote.HttpCommandExecutor.execute(HttpCommandExecutor.java:184)
	at org.openqa.selenium.remote.service.DriverCommandExecutor.invokeExecute(DriverCommandExecutor.java:167)
	at org.openqa.selenium.remote.service.DriverCommandExecutor.execute(DriverCommandExecutor.java:142)
	at org.openqa.selenium.remote.RemoteWebDriver.execute(RemoteWebDriver.java:541)
	at org.openqa.selenium.remote.ElementLocation$ElementFinder$2.findElement(ElementLocation.java:162)
	at org.openqa.selenium.remote.ElementLocation.findElement(ElementLocation.java:60)
	at org.openqa.selenium.remote.RemoteWebDriver.findElement(RemoteWebDriver.java:365)
	at org.openqa.selenium.remote.RemoteWebDriver.findElement(RemoteWebDriver.java:357)
	at org.openqa.selenium.support.pagefactory.DefaultElementLocator.findElement(DefaultElementLocator.java:70)
	at org.openqa.selenium.support.pagefactory.internal.LocatingElementHandler.invoke(LocatingElementHandler.java:39)
	at com.sun.proxy.$Proxy39.click(Unknown Source)
	at pageObject.LoginPage.clickOnLogOutBtn(LoginPage.java:43)
	at stepDefinition.StepDef.user_click_on_log_out_link(StepDef.java:130)
	at ✽.user click on Log out link(file:///D:/new%20projects/BDDCucumber/Features/LoginFeature.feature:20)
]]></failure>
    <system-out><![CDATA[[DEBUG] Resolution chrome=109 in cache (valid until 14:07:32 31/01/2023 IST)
[DEBUG] Resolution chrome109=109.0.5414.74 in cache (valid until 18:22:56 31/01/2023 IST)
[INFO] Using chromedriver 109.0.5414.74 (resolved driver for Chrome 109)
[DEBUG] Driver chromedriver 109.0.5414.74 found in cache
[INFO] Exporting webdriver.chrome.driver as C:\Users\dell\.cache\selenium\chromedriver\win32\109.0.5414.74\chromedriver.exe
[DEBUG] Using new Channel '[id: 0xf52a461b, L:/127.0.0.1:57356 - R:localhost/127.0.0.1:48915]' for 'POST' to '/session'
[DEBUG] Entry count for : http://localhost:26191 : 1
[DEBUG] Entry count for : http://localhost:57320 : 1
[DEBUG] Entry count for : http://localhost:57334 : 1
[DEBUG] Entry count for : http://localhost:43447 : 1
[DEBUG] Entry count for : http://localhost:48645 : 1
[DEBUG] 

Request DefaultHttpRequest(decodeResult: success, version: HTTP/1.1)
POST /session HTTP/1.1
User-Agent: selenium/4.6.0 (java windows)
Content-Length: 365
Content-Type: application/json; charset=utf-8
host: localhost:48915
accept: */*

Response DefaultHttpResponse(decodeResult: success, version: HTTP/1.1)
HTTP/1.1 200 OK
Content-Type: application/json; charset=utf-8
cache-control: no-cache
content-length: 790

[DEBUG] Adding key: http://localhost:48915 for channel [id: 0xf52a461b, L:/127.0.0.1:57356 - R:localhost/127.0.0.1:48915]
[DEBUG] Using new Channel '[id: 0xc5f17724, L:/127.0.0.1:57362 - R:localhost/127.0.0.1:57357]' for 'GET' to '/json/version'
[DEBUG] 

Request DefaultFullHttpRequest(decodeResult: success, version: HTTP/1.1, content: EmptyByteBufBE)
GET /json/version HTTP/1.1
User-Agent: selenium/4.6.0 (java windows)
host: localhost:57357
accept: */*

Response DefaultHttpResponse(decodeResult: success, version: HTTP/1.1)
HTTP/1.1 200 OK
Content-Type: application/json; charset=UTF-8
content-length: 424

[DEBUG] Adding key: http://localhost:57357 for channel [id: 0xc5f17724, L:/127.0.0.1:57362 - R:localhost/127.0.0.1:57357]
[DEBUG] Using new Channel '[id: 0x009ccd3d, L:/127.0.0.1:57363 - R:localhost/127.0.0.1:57357]' for 'GET' to '/devtools/browser/f3990430-9e71-4fd1-b534-a978eabd7c74'
[DEBUG] 

Request DefaultFullHttpRequest(decodeResult: success, version: HTTP/1.1, content: EmptyByteBufBE)
GET /devtools/browser/f3990430-9e71-4fd1-b534-a978eabd7c74 HTTP/1.1
upgrade: websocket
connection: upgrade
sec-websocket-key: KU/EvlxKq5x2ZRtYXRDy3A==
sec-websocket-version: 13
origin: http://localhost:57357
host: localhost:57357
accept: */*
user-agent: AHC/2.1

Response DefaultHttpResponse(decodeResult: success, version: HTTP/1.1)
HTTP/1.1 101 WebSocket Protocol Handshake
Upgrade: WebSocket
Connection: Upgrade
Sec-WebSocket-Accept: be1kPr2VGr6ObQ4ofOxWgfCXmjg=

[INFO ] 2023-01-31 13:36:07.336 [main] StepDef - Browser has been launched 
[DEBUG] Using pooled Channel '[id: 0xf52a461b, L:/127.0.0.1:57356 - R:localhost/127.0.0.1:48915]' for 'POST' to 'http://localhost:48915/session/96ab13f46520dee3d20dea67eebd5cda/url'
[DEBUG] Using open Channel [id: 0xf52a461b, L:/127.0.0.1:57356 - R:localhost/127.0.0.1:48915] for POST '/session/96ab13f46520dee3d20dea67eebd5cda/url'
[DEBUG] Entry count for : http://localhost:26191 : 1
[DEBUG] Entry count for : http://localhost:57320 : 1
[DEBUG] Entry count for : http://localhost:57357 : 1
[DEBUG] Entry count for : http://localhost:57334 : 1
[DEBUG] Entry count for : http://localhost:43447 : 1
[DEBUG] Entry count for : http://localhost:48645 : 1
[DEBUG] Entry count for : http://localhost:26191 : 1
[DEBUG] Entry count for : http://localhost:57320 : 1
[DEBUG] Entry count for : http://localhost:57357 : 1
[DEBUG] Entry count for : http://localhost:57334 : 1
[DEBUG] Entry count for : http://localhost:43447 : 1
[DEBUG] Entry count for : http://localhost:48645 : 1
[DEBUG] Entry count for : http://localhost:26191 : 1
[DEBUG] Entry count for : http://localhost:57320 : 1
[DEBUG] Entry count for : http://localhost:57357 : 1
[DEBUG] Entry count for : http://localhost:57334 : 1
[DEBUG] Entry count for : http://localhost:43447 : 1
[DEBUG] Entry count for : http://localhost:48645 : 1
[DEBUG] 

Request DefaultHttpRequest(decodeResult: success, version: HTTP/1.1)
POST /session/96ab13f46520dee3d20dea67eebd5cda/url HTTP/1.1
User-Agent: selenium/4.6.0 (java windows)
Content-Length: 69
Content-Type: application/json; charset=utf-8
host: localhost:48915
accept: */*

Response DefaultHttpResponse(decodeResult: success, version: HTTP/1.1)
HTTP/1.1 200 OK
Content-Type: application/json; charset=utf-8
cache-control: no-cache
content-length: 14

[DEBUG] Adding key: http://localhost:48915 for channel [id: 0xf52a461b, L:/127.0.0.1:57356 - R:localhost/127.0.0.1:48915]
[INFO ] 2023-01-31 13:36:10.916 [main] StepDef - URL has been hitted succesfullyhttp://admin-demo.nopcommerce.com/login
[DEBUG] Using pooled Channel '[id: 0xf52a461b, L:/127.0.0.1:57356 - R:localhost/127.0.0.1:48915]' for 'POST' to 'http://localhost:48915/session/96ab13f46520dee3d20dea67eebd5cda/element'
[DEBUG] Using open Channel [id: 0xf52a461b, L:/127.0.0.1:57356 - R:localhost/127.0.0.1:48915] for POST '/session/96ab13f46520dee3d20dea67eebd5cda/element'
[DEBUG] 

Request DefaultHttpRequest(decodeResult: success, version: HTTP/1.1)
POST /session/96ab13f46520dee3d20dea67eebd5cda/element HTTP/1.1
User-Agent: selenium/4.6.0 (java windows)
Content-Length: 50
Content-Type: application/json; charset=utf-8
host: localhost:48915
accept: */*

Response DefaultHttpResponse(decodeResult: success, version: HTTP/1.1)
HTTP/1.1 200 OK
Content-Type: application/json; charset=utf-8
cache-control: no-cache
content-length: 88

[DEBUG] Adding key: http://localhost:48915 for channel [id: 0xf52a461b, L:/127.0.0.1:57356 - R:localhost/127.0.0.1:48915]
[DEBUG] Using pooled Channel '[id: 0xf52a461b, L:/127.0.0.1:57356 - R:localhost/127.0.0.1:48915]' for 'POST' to 'http://localhost:48915/session/96ab13f46520dee3d20dea67eebd5cda/element/96a4d00d-f067-4a8b-a731-6d5bb171510b/clear'
[DEBUG] Using open Channel [id: 0xf52a461b, L:/127.0.0.1:57356 - R:localhost/127.0.0.1:48915] for POST '/session/96ab13f46520dee3d20dea67eebd5cda/element/96a4d00d-f067-4a8b-a731-6d5bb171510b/clear'
[DEBUG] 

Request DefaultHttpRequest(decodeResult: success, version: HTTP/1.1)
POST /session/96ab13f46520dee3d20dea67eebd5cda/element/96a4d00d-f067-4a8b-a731-6d5bb171510b/clear HTTP/1.1
User-Agent: selenium/4.6.0 (java windows)
Content-Length: 50
Content-Type: application/json; charset=utf-8
host: localhost:48915
accept: */*

Response DefaultHttpResponse(decodeResult: success, version: HTTP/1.1)
HTTP/1.1 200 OK
Content-Type: application/json; charset=utf-8
cache-control: no-cache
content-length: 14

[DEBUG] Adding key: http://localhost:48915 for channel [id: 0xf52a461b, L:/127.0.0.1:57356 - R:localhost/127.0.0.1:48915]
[DEBUG] Using pooled Channel '[id: 0xf52a461b, L:/127.0.0.1:57356 - R:localhost/127.0.0.1:48915]' for 'POST' to 'http://localhost:48915/session/96ab13f46520dee3d20dea67eebd5cda/element'
[DEBUG] Using open Channel [id: 0xf52a461b, L:/127.0.0.1:57356 - R:localhost/127.0.0.1:48915] for POST '/session/96ab13f46520dee3d20dea67eebd5cda/element'
[DEBUG] 

Request DefaultHttpRequest(decodeResult: success, version: HTTP/1.1)
POST /session/96ab13f46520dee3d20dea67eebd5cda/element HTTP/1.1
User-Agent: selenium/4.6.0 (java windows)
Content-Length: 50
Content-Type: application/json; charset=utf-8
host: localhost:48915
accept: */*

Response DefaultHttpResponse(decodeResult: success, version: HTTP/1.1)
HTTP/1.1 200 OK
Content-Type: application/json; charset=utf-8
cache-control: no-cache
content-length: 88

[DEBUG] Adding key: http://localhost:48915 for channel [id: 0xf52a461b, L:/127.0.0.1:57356 - R:localhost/127.0.0.1:48915]
[DEBUG] Using pooled Channel '[id: 0xf52a461b, L:/127.0.0.1:57356 - R:localhost/127.0.0.1:48915]' for 'POST' to 'http://localhost:48915/session/96ab13f46520dee3d20dea67eebd5cda/element/96a4d00d-f067-4a8b-a731-6d5bb171510b/value'
[DEBUG] Using open Channel [id: 0xf52a461b, L:/127.0.0.1:57356 - R:localhost/127.0.0.1:48915] for POST '/session/96ab13f46520dee3d20dea67eebd5cda/element/96a4d00d-f067-4a8b-a731-6d5bb171510b/value'
[DEBUG] 

Request DefaultHttpRequest(decodeResult: success, version: HTTP/1.1)
POST /session/96ab13f46520dee3d20dea67eebd5cda/element/96a4d00d-f067-4a8b-a731-6d5bb171510b/value HTTP/1.1
User-Agent: selenium/4.6.0 (java windows)
Content-Length: 251
Content-Type: application/json; charset=utf-8
host: localhost:48915
accept: */*

Response DefaultHttpResponse(decodeResult: success, version: HTTP/1.1)
HTTP/1.1 200 OK
Content-Type: application/json; charset=utf-8
cache-control: no-cache
content-length: 14

[DEBUG] Adding key: http://localhost:48915 for channel [id: 0xf52a461b, L:/127.0.0.1:57356 - R:localhost/127.0.0.1:48915]
[INFO ] 2023-01-31 13:36:11.087 [main] StepDef - Email Entered succesfully 
[DEBUG] Using pooled Channel '[id: 0xf52a461b, L:/127.0.0.1:57356 - R:localhost/127.0.0.1:48915]' for 'POST' to 'http://localhost:48915/session/96ab13f46520dee3d20dea67eebd5cda/element'
[DEBUG] Using open Channel [id: 0xf52a461b, L:/127.0.0.1:57356 - R:localhost/127.0.0.1:48915] for POST '/session/96ab13f46520dee3d20dea67eebd5cda/element'
[DEBUG] 

Request DefaultHttpRequest(decodeResult: success, version: HTTP/1.1)
POST /session/96ab13f46520dee3d20dea67eebd5cda/element HTTP/1.1
User-Agent: selenium/4.6.0 (java windows)
Content-Length: 53
Content-Type: application/json; charset=utf-8
host: localhost:48915
accept: */*

Response DefaultHttpResponse(decodeResult: success, version: HTTP/1.1)
HTTP/1.1 200 OK
Content-Type: application/json; charset=utf-8
cache-control: no-cache
content-length: 88

[DEBUG] Adding key: http://localhost:48915 for channel [id: 0xf52a461b, L:/127.0.0.1:57356 - R:localhost/127.0.0.1:48915]
[DEBUG] Using pooled Channel '[id: 0xf52a461b, L:/127.0.0.1:57356 - R:localhost/127.0.0.1:48915]' for 'POST' to 'http://localhost:48915/session/96ab13f46520dee3d20dea67eebd5cda/element/34931f3b-32e3-4af3-a2ca-f7c059900ef9/clear'
[DEBUG] Using open Channel [id: 0xf52a461b, L:/127.0.0.1:57356 - R:localhost/127.0.0.1:48915] for POST '/session/96ab13f46520dee3d20dea67eebd5cda/element/34931f3b-32e3-4af3-a2ca-f7c059900ef9/clear'
[DEBUG] 

Request DefaultHttpRequest(decodeResult: success, version: HTTP/1.1)
POST /session/96ab13f46520dee3d20dea67eebd5cda/element/34931f3b-32e3-4af3-a2ca-f7c059900ef9/clear HTTP/1.1
User-Agent: selenium/4.6.0 (java windows)
Content-Length: 50
Content-Type: application/json; charset=utf-8
host: localhost:48915
accept: */*

Response DefaultHttpResponse(decodeResult: success, version: HTTP/1.1)
HTTP/1.1 200 OK
Content-Type: application/json; charset=utf-8
cache-control: no-cache
content-length: 14

[DEBUG] Adding key: http://localhost:48915 for channel [id: 0xf52a461b, L:/127.0.0.1:57356 - R:localhost/127.0.0.1:48915]
[DEBUG] Using pooled Channel '[id: 0xf52a461b, L:/127.0.0.1:57356 - R:localhost/127.0.0.1:48915]' for 'POST' to 'http://localhost:48915/session/96ab13f46520dee3d20dea67eebd5cda/element'
[DEBUG] Using open Channel [id: 0xf52a461b, L:/127.0.0.1:57356 - R:localhost/127.0.0.1:48915] for POST '/session/96ab13f46520dee3d20dea67eebd5cda/element'
[DEBUG] 

Request DefaultHttpRequest(decodeResult: success, version: HTTP/1.1)
POST /session/96ab13f46520dee3d20dea67eebd5cda/element HTTP/1.1
User-Agent: selenium/4.6.0 (java windows)
Content-Length: 53
Content-Type: application/json; charset=utf-8
host: localhost:48915
accept: */*

Response DefaultHttpResponse(decodeResult: success, version: HTTP/1.1)
HTTP/1.1 200 OK
Content-Type: application/json; charset=utf-8
cache-control: no-cache
content-length: 88

[DEBUG] Adding key: http://localhost:48915 for channel [id: 0xf52a461b, L:/127.0.0.1:57356 - R:localhost/127.0.0.1:48915]
[DEBUG] Using pooled Channel '[id: 0xf52a461b, L:/127.0.0.1:57356 - R:localhost/127.0.0.1:48915]' for 'POST' to 'http://localhost:48915/session/96ab13f46520dee3d20dea67eebd5cda/element/34931f3b-32e3-4af3-a2ca-f7c059900ef9/value'
[DEBUG] Using open Channel [id: 0xf52a461b, L:/127.0.0.1:57356 - R:localhost/127.0.0.1:48915] for POST '/session/96ab13f46520dee3d20dea67eebd5cda/element/34931f3b-32e3-4af3-a2ca-f7c059900ef9/value'
[DEBUG] 

Request DefaultHttpRequest(decodeResult: success, version: HTTP/1.1)
POST /session/96ab13f46520dee3d20dea67eebd5cda/element/34931f3b-32e3-4af3-a2ca-f7c059900ef9/value HTTP/1.1
User-Agent: selenium/4.6.0 (java windows)
Content-Length: 121
Content-Type: application/json; charset=utf-8
host: localhost:48915
accept: */*

Response DefaultHttpResponse(decodeResult: success, version: HTTP/1.1)
HTTP/1.1 200 OK
Content-Type: application/json; charset=utf-8
cache-control: no-cache
content-length: 14

[DEBUG] Adding key: http://localhost:48915 for channel [id: 0xf52a461b, L:/127.0.0.1:57356 - R:localhost/127.0.0.1:48915]
[INFO ] 2023-01-31 13:36:11.242 [main] StepDef - Password  Entered succesfully 
[DEBUG] Using pooled Channel '[id: 0xf52a461b, L:/127.0.0.1:57356 - R:localhost/127.0.0.1:48915]' for 'POST' to 'http://localhost:48915/session/96ab13f46520dee3d20dea67eebd5cda/element'
[DEBUG] Using open Channel [id: 0xf52a461b, L:/127.0.0.1:57356 - R:localhost/127.0.0.1:48915] for POST '/session/96ab13f46520dee3d20dea67eebd5cda/element'
[DEBUG] 

Request DefaultHttpRequest(decodeResult: success, version: HTTP/1.1)
POST /session/96ab13f46520dee3d20dea67eebd5cda/element HTTP/1.1
User-Agent: selenium/4.6.0 (java windows)
Content-Length: 71
Content-Type: application/json; charset=utf-8
host: localhost:48915
accept: */*

Response DefaultHttpResponse(decodeResult: success, version: HTTP/1.1)
HTTP/1.1 200 OK
Content-Type: application/json; charset=utf-8
cache-control: no-cache
content-length: 88

[DEBUG] Adding key: http://localhost:48915 for channel [id: 0xf52a461b, L:/127.0.0.1:57356 - R:localhost/127.0.0.1:48915]
[DEBUG] Using pooled Channel '[id: 0xf52a461b, L:/127.0.0.1:57356 - R:localhost/127.0.0.1:48915]' for 'POST' to 'http://localhost:48915/session/96ab13f46520dee3d20dea67eebd5cda/element/ff28f9b9-db0d-48ee-b7d8-ae7c004ff8dc/click'
[DEBUG] Using open Channel [id: 0xf52a461b, L:/127.0.0.1:57356 - R:localhost/127.0.0.1:48915] for POST '/session/96ab13f46520dee3d20dea67eebd5cda/element/ff28f9b9-db0d-48ee-b7d8-ae7c004ff8dc/click'
[DEBUG] Entry count for : http://localhost:26191 : 1
[DEBUG] Entry count for : http://localhost:57320 : 1
[DEBUG] Entry count for : http://localhost:57357 : 1
[DEBUG] Entry count for : http://localhost:57334 : 1
[DEBUG] Entry count for : http://localhost:43447 : 1
[DEBUG] Entry count for : http://localhost:48645 : 1
[DEBUG] Entry count for : http://localhost:26191 : 1
[DEBUG] Entry count for : http://localhost:57320 : 1
[DEBUG] Entry count for : http://localhost:57357 : 1
[DEBUG] Entry count for : http://localhost:57334 : 1
[DEBUG] Entry count for : http://localhost:43447 : 1
[DEBUG] Entry count for : http://localhost:48645 : 1
[DEBUG] 

Request DefaultHttpRequest(decodeResult: success, version: HTTP/1.1)
POST /session/96ab13f46520dee3d20dea67eebd5cda/element/ff28f9b9-db0d-48ee-b7d8-ae7c004ff8dc/click HTTP/1.1
User-Agent: selenium/4.6.0 (java windows)
Content-Length: 50
Content-Type: application/json; charset=utf-8
host: localhost:48915
accept: */*

Response DefaultHttpResponse(decodeResult: success, version: HTTP/1.1)
HTTP/1.1 200 OK
Content-Type: application/json; charset=utf-8
cache-control: no-cache
content-length: 14

[DEBUG] Adding key: http://localhost:48915 for channel [id: 0xf52a461b, L:/127.0.0.1:57356 - R:localhost/127.0.0.1:48915]
[INFO ] 2023-01-31 13:36:12.905 [main] StepDef - Clicked on login Button successfully
[DEBUG] Using pooled Channel '[id: 0xf52a461b, L:/127.0.0.1:57356 - R:localhost/127.0.0.1:48915]' for 'GET' to 'http://localhost:48915/session/96ab13f46520dee3d20dea67eebd5cda/title'
[DEBUG] Using open Channel [id: 0xf52a461b, L:/127.0.0.1:57356 - R:localhost/127.0.0.1:48915] for GET '/session/96ab13f46520dee3d20dea67eebd5cda/title'
[DEBUG] 

Request DefaultFullHttpRequest(decodeResult: success, version: HTTP/1.1, content: EmptyByteBufBE)
GET /session/96ab13f46520dee3d20dea67eebd5cda/title HTTP/1.1
User-Agent: selenium/4.6.0 (java windows)
Cache-Control: no-cache
Content-Type: application/json; charset=utf-8
host: localhost:48915
accept: */*

Response DefaultHttpResponse(decodeResult: success, version: HTTP/1.1)
HTTP/1.1 200 OK
Content-Type: application/json; charset=utf-8
cache-control: no-cache
content-length: 29

[DEBUG] Adding key: http://localhost:48915 for channel [id: 0xf52a461b, L:/127.0.0.1:57356 - R:localhost/127.0.0.1:48915]
Your store. Login
Test has been Failed  where actual title is:Your store. Login the expected Title:Dashboard / nopcommerce administration
[INFO ] 2023-01-31 13:36:12.921 [main] StepDef - Test has been Failed  where actual title is:Your store. Login the expected Title:Dashboard / nopcommerce administration
[DEBUG] Using pooled Channel '[id: 0xf52a461b, L:/127.0.0.1:57356 - R:localhost/127.0.0.1:48915]' for 'POST' to 'http://localhost:48915/session/96ab13f46520dee3d20dea67eebd5cda/element'
[DEBUG] Using open Channel [id: 0xf52a461b, L:/127.0.0.1:57356 - R:localhost/127.0.0.1:48915] for POST '/session/96ab13f46520dee3d20dea67eebd5cda/element'
[DEBUG] 

Request DefaultHttpRequest(decodeResult: success, version: HTTP/1.1)
POST /session/96ab13f46520dee3d20dea67eebd5cda/element HTTP/1.1
User-Agent: selenium/4.6.0 (java windows)
Content-Length: 47
Content-Type: application/json; charset=utf-8
host: localhost:48915
accept: */*

Response DefaultHttpResponse(decodeResult: success, version: HTTP/1.1)
HTTP/1.1 404 Not Found
Content-Type: application/json; charset=utf-8
cache-control: no-cache
content-length: 946

[DEBUG] Adding key: http://localhost:48915 for channel [id: 0xf52a461b, L:/127.0.0.1:57356 - R:localhost/127.0.0.1:48915]
[DEBUG] Using pooled Channel '[id: 0xf52a461b, L:/127.0.0.1:57356 - R:localhost/127.0.0.1:48915]' for 'GET' to 'http://localhost:48915/session/96ab13f46520dee3d20dea67eebd5cda/screenshot'
[DEBUG] Using open Channel [id: 0xf52a461b, L:/127.0.0.1:57356 - R:localhost/127.0.0.1:48915] for GET '/session/96ab13f46520dee3d20dea67eebd5cda/screenshot'
[DEBUG] 

Request DefaultFullHttpRequest(decodeResult: success, version: HTTP/1.1, content: EmptyByteBufBE)
GET /session/96ab13f46520dee3d20dea67eebd5cda/screenshot HTTP/1.1
User-Agent: selenium/4.6.0 (java windows)
Cache-Control: no-cache
Content-Type: application/json; charset=utf-8
host: localhost:48915
accept: */*

Response DefaultHttpResponse(decodeResult: success, version: HTTP/1.1)
HTTP/1.1 200 OK
Content-Type: application/json; charset=utf-8
cache-control: no-cache
content-length: 12680

[DEBUG] Adding key: http://localhost:48915 for channel [id: 0xf52a461b, L:/127.0.0.1:57356 - R:localhost/127.0.0.1:48915]
]]></system-out>
    <system-err><![CDATA[Starting ChromeDriver 109.0.5414.74 (e7c5703604daa9cc128ccf5a5d3e993513758913-refs/branch-heads/5414@{#1172}) on port 48915
Only local connections are allowed.
Please see https://chromedriver.chromium.org/security-considerations for suggestions on keeping ChromeDriver safe.
ChromeDriver was started successfully.
Jan 31, 2023 1:36:07 PM org.openqa.selenium.devtools.CdpVersionFinder findNearestMatch
WARNING: Unable to find an exact match for CDP version 109, so returning the closest version found: 107
]]></system-err>
  </testcase>
</testsuite>